[09-Sep-2017 21:16:55 UTC] PHP Fatal error:  Function name must be a string in /home/ubuntu/workspace/homework/homework_2/index.php on line 12
[09-Sep-2017 21:16:55 UTC] PHP Stack trace:
[09-Sep-2017 21:16:55 UTC] PHP   1. {main}() /home/ubuntu/workspace/homework/homework_2/index.php:0
[09-Sep-2017 21:17:11 UTC] PHP Fatal error:  Function name must be a string in /home/ubuntu/workspace/homework/homework_2/index.php on line 11
[09-Sep-2017 21:17:11 UTC] PHP Stack trace:
[09-Sep-2017 21:17:11 UTC] PHP   1. {main}() /home/ubuntu/workspace/homework/homework_2/index.php:0
[09-Sep-2017 21:17:12 UTC] PHP Fatal error:  Function name must be a string in /home/ubuntu/workspace/homework/homework_2/index.php on line 11
[09-Sep-2017 21:17:12 UTC] PHP Stack trace:
[09-Sep-2017 21:17:12 UTC] PHP   1. {main}() /home/ubuntu/workspace/homework/homework_2/index.php:0
[09-Sep-2017 21:17:13 UTC] PHP Fatal error:  Function name must be a string in /home/ubuntu/workspace/homework/homework_2/index.php on line 11
[09-Sep-2017 21:17:13 UTC] PHP Stack trace:
[09-Sep-2017 21:17:13 UTC] PHP   1. {main}() /home/ubuntu/workspace/homework/homework_2/index.php:0
[09-Sep-2017 21:17:14 UTC] PHP Fatal error:  Function name must be a string in /home/ubuntu/workspace/homework/homework_2/index.php on line 11
[09-Sep-2017 21:17:14 UTC] PHP Stack trace:
[09-Sep-2017 21:17:14 UTC] PHP   1. {main}() /home/ubuntu/workspace/homework/homework_2/index.php:0
[09-Sep-2017 21:17:15 UTC] PHP Fatal error:  Function name must be a string in /home/ubuntu/workspace/homework/homework_2/index.php on line 11
[09-Sep-2017 21:17:15 UTC] PHP Stack trace:
[09-Sep-2017 21:17:15 UTC] PHP   1. {main}() /home/ubuntu/workspace/homework/homework_2/index.php:0
[09-Sep-2017 21:17:15 UTC] PHP Fatal error:  Function name must be a string in /home/ubuntu/workspace/homework/homework_2/index.php on line 11
[09-Sep-2017 21:17:15 UTC] PHP Stack trace:
[09-Sep-2017 21:17:15 UTC] PHP   1. {main}() /home/ubuntu/workspace/homework/homework_2/index.php:0
[09-Sep-2017 21:17:15 UTC] PHP Fatal error:  Function name must be a string in /home/ubuntu/workspace/homework/homework_2/index.php on line 11
[09-Sep-2017 21:17:15 UTC] PHP Stack trace:
[09-Sep-2017 21:17:15 UTC] PHP   1. {main}() /home/ubuntu/workspace/homework/homework_2/index.php:0
[09-Sep-2017 21:17:16 UTC] PHP Fatal error:  Function name must be a string in /home/ubuntu/workspace/homework/homework_2/index.php on line 11
[09-Sep-2017 21:17:16 UTC] PHP Stack trace:
[09-Sep-2017 21:17:16 UTC] PHP   1. {main}() /home/ubuntu/workspace/homework/homework_2/index.php:0
[09-Sep-2017 21:17:16 UTC] PHP Fatal error:  Function name must be a string in /home/ubuntu/workspace/homework/homework_2/index.php on line 11
[09-Sep-2017 21:17:16 UTC] PHP Stack trace:
[09-Sep-2017 21:17:16 UTC] PHP   1. {main}() /home/ubuntu/workspace/homework/homework_2/index.php:0
[09-Sep-2017 21:17:17 UTC] PHP Fatal error:  Function name must be a string in /home/ubuntu/workspace/homework/homework_2/index.php on line 11
[09-Sep-2017 21:17:17 UTC] PHP Stack trace:
[09-Sep-2017 21:17:17 UTC] PHP   1. {main}() /home/ubuntu/workspace/homework/homework_2/index.php:0
[09-Sep-2017 21:17:37 UTC] PHP Fatal error:  Function name must be a string in /home/ubuntu/workspace/homework/homework_2/index.php on line 11
[09-Sep-2017 21:17:37 UTC] PHP Stack trace:
[09-Sep-2017 21:17:37 UTC] PHP   1. {main}() /home/ubuntu/workspace/homework/homework_2/index.php:0
[09-Sep-2017 21:17:39 UTC] PHP Fatal error:  Function name must be a string in /home/ubuntu/workspace/homework/homework_2/index.php on line 11
[09-Sep-2017 21:17:39 UTC] PHP Stack trace:
[09-Sep-2017 21:17:39 UTC] PHP   1. {main}() /home/ubuntu/workspace/homework/homework_2/index.php:0
[09-Sep-2017 21:18:37 UTC] PHP Fatal error:  Function name must be a string in /home/ubuntu/workspace/homework/homework_2/index.php on line 11
[09-Sep-2017 21:18:37 UTC] PHP Stack trace:
[09-Sep-2017 21:18:37 UTC] PHP   1. {main}() /home/ubuntu/workspace/homework/homework_2/index.php:0
[13-Sep-2017 00:03:45 UTC] PHP Parse error:  syntax error, unexpected '$nounArr' (T_VARIABLE) in /home/ubuntu/workspace/homework/homework_2/index.php on line 660
[13-Sep-2017 19:41:18 UTC] PHP Parse error:  syntax error, unexpected '<' in /home/ubuntu/workspace/homework/homework_2/index.php on line 34
[13-Sep-2017 20:00:49 UTC] PHP Parse error:  syntax error, unexpected '(', expecting ']' in /home/ubuntu/workspace/homework/homework_2/index.php on line 31
[13-Sep-2017 20:01:37 UTC] PHP Parse error:  syntax error, unexpected '(', expecting ']' in /home/ubuntu/workspace/homework/homework_2/index.php on line 31
[13-Sep-2017 20:01:38 UTC] PHP Parse error:  syntax error, unexpected '(', expecting ']' in /home/ubuntu/workspace/homework/homework_2/index.php on line 31
[13-Sep-2017 20:01:39 UTC] PHP Parse error:  syntax error, unexpected '(', expecting ']' in /home/ubuntu/workspace/homework/homework_2/index.php on line 31
[13-Sep-2017 20:02:02 UTC] PHP Parse error:  syntax error, unexpected '(', expecting ']' in /home/ubuntu/workspace/homework/homework_2/index.php on line 31
[13-Sep-2017 20:30:39 UTC] PHP Parse error:  syntax error, unexpected '$nameArr' (T_VARIABLE), expecting '(' in /home/ubuntu/workspace/homework/homework_2/index.php on line 46
[13-Sep-2017 20:30:40 UTC] PHP Parse error:  syntax error, unexpected '$nameArr' (T_VARIABLE), expecting '(' in /home/ubuntu/workspace/homework/homework_2/index.php on line 46
[13-Sep-2017 20:31:07 UTC] PHP Parse error:  syntax error, unexpected '}', expecting ',' or ';' in /home/ubuntu/workspace/homework/homework_2/index.php on line 49
[13-Sep-2017 20:31:07 UTC] PHP Parse error:  syntax error, unexpected '}', expecting ',' or ';' in /home/ubuntu/workspace/homework/homework_2/index.php on line 49
[14-Sep-2017 00:38:45 UTC] PHP Warning:  Invalid argument supplied for foreach() in /home/ubuntu/workspace/homework/homework_2/index.php on line 47
[14-Sep-2017 00:38:45 UTC] PHP Stack trace:
[14-Sep-2017 00:38:45 UTC] PHP   1. {main}() /home/ubuntu/workspace/homework/homework_2/index.php:0
[14-Sep-2017 00:38:55 UTC] PHP Warning:  Invalid argument supplied for foreach() in /home/ubuntu/workspace/homework/homework_2/index.php on line 47
[14-Sep-2017 00:38:55 UTC] PHP Stack trace:
[14-Sep-2017 00:38:55 UTC] PHP   1. {main}() /home/ubuntu/workspace/homework/homework_2/index.php:0
[15-Sep-2017 02:41:57 UTC] PHP Parse error:  syntax error, unexpected '=' in /home/ubuntu/workspace/homework/homework2/index.php on line 32
[08-Oct-2017 20:10:51 UTC] PHP Warning:  Invalid argument supplied for foreach() in /home/ubuntu/workspace/homework/homework3/index.php on line 54
[08-Oct-2017 20:10:51 UTC] PHP Stack trace:
[08-Oct-2017 20:10:51 UTC] PHP   1. {main}() /home/ubuntu/workspace/homework/homework3/index.php:0
[08-Oct-2017 20:10:51 UTC] PHP Warning:  Invalid argument supplied for foreach() in /home/ubuntu/workspace/homework/homework3/index.php on line 61
[08-Oct-2017 20:10:51 UTC] PHP Stack trace:
[08-Oct-2017 20:10:51 UTC] PHP   1. {main}() /home/ubuntu/workspace/homework/homework3/index.php:0
[08-Oct-2017 20:11:13 UTC] PHP Warning:  Invalid argument supplied for foreach() in /home/ubuntu/workspace/homework/homework3/index.php on line 54
[08-Oct-2017 20:11:13 UTC] PHP Stack trace:
[08-Oct-2017 20:11:13 UTC] PHP   1. {main}() /home/ubuntu/workspace/homework/homework3/index.php:0
[08-Oct-2017 20:11:13 UTC] PHP Warning:  Invalid argument supplied for foreach() in /home/ubuntu/workspace/homework/homework3/index.php on line 61
[08-Oct-2017 20:11:13 UTC] PHP Stack trace:
[08-Oct-2017 20:11:13 UTC] PHP   1. {main}() /home/ubuntu/workspace/homework/homework3/index.php:0
[08-Oct-2017 20:11:17 UTC] PHP Warning:  Invalid argument supplied for foreach() in /home/ubuntu/workspace/homework/homework3/index.php on line 54
[08-Oct-2017 20:11:17 UTC] PHP Stack trace:
[08-Oct-2017 20:11:17 UTC] PHP   1. {main}() /home/ubuntu/workspace/homework/homework3/index.php:0
[08-Oct-2017 20:11:17 UTC] PHP Warning:  Invalid argument supplied for foreach() in /home/ubuntu/workspace/homework/homework3/index.php on line 61
[08-Oct-2017 20:11:17 UTC] PHP Stack trace:
[08-Oct-2017 20:11:17 UTC] PHP   1. {main}() /home/ubuntu/workspace/homework/homework3/index.php:0
[08-Oct-2017 20:11:21 UTC] PHP Warning:  Invalid argument supplied for foreach() in /home/ubuntu/workspace/homework/homework3/index.php on line 54
[08-Oct-2017 20:11:21 UTC] PHP Stack trace:
[08-Oct-2017 20:11:21 UTC] PHP   1. {main}() /home/ubuntu/workspace/homework/homework3/index.php:0
[08-Oct-2017 20:11:21 UTC] PHP Warning:  Invalid argument supplied for foreach() in /home/ubuntu/workspace/homework/homework3/index.php on line 61
[08-Oct-2017 20:11:21 UTC] PHP Stack trace:
[08-Oct-2017 20:11:21 UTC] PHP   1. {main}() /home/ubuntu/workspace/homework/homework3/index.php:0
[08-Oct-2017 20:11:25 UTC] PHP Warning:  Invalid argument supplied for foreach() in /home/ubuntu/workspace/homework/homework3/index.php on line 54
[08-Oct-2017 20:11:25 UTC] PHP Stack trace:
[08-Oct-2017 20:11:25 UTC] PHP   1. {main}() /home/ubuntu/workspace/homework/homework3/index.php:0
[08-Oct-2017 20:11:25 UTC] PHP Warning:  Invalid argument supplied for foreach() in /home/ubuntu/workspace/homework/homework3/index.php on line 61
[08-Oct-2017 20:11:25 UTC] PHP Stack trace:
[08-Oct-2017 20:11:25 UTC] PHP   1. {main}() /home/ubuntu/workspace/homework/homework3/index.php:0
[08-Oct-2017 20:11:33 UTC] PHP Warning:  Invalid argument supplied for foreach() in /home/ubuntu/workspace/homework/homework3/index.php on line 54
[08-Oct-2017 20:11:33 UTC] PHP Stack trace:
[08-Oct-2017 20:11:33 UTC] PHP   1. {main}() /home/ubuntu/workspace/homework/homework3/index.php:0
[08-Oct-2017 20:11:33 UTC] PHP Warning:  Invalid argument supplied for foreach() in /home/ubuntu/workspace/homework/homework3/index.php on line 61
[08-Oct-2017 20:11:33 UTC] PHP Stack trace:
[08-Oct-2017 20:11:33 UTC] PHP   1. {main}() /home/ubuntu/workspace/homework/homework3/index.php:0
[08-Oct-2017 21:39:27 UTC] PHP Parse error:  syntax error, unexpected 'function' (T_FUNCTION) in /home/ubuntu/workspace/homework/homework3/index.php on line 21
[08-Oct-2017 21:51:09 UTC] PHP Parse error:  syntax error, unexpected '{' in /home/ubuntu/workspace/homework/homework3/index.php on line 125
[08-Oct-2017 21:51:36 UTC] PHP Parse error:  syntax error, unexpected '{' in /home/ubuntu/workspace/homework/homework3/index.php on line 125
[08-Oct-2017 21:51:48 UTC] PHP Parse error:  syntax error, unexpected '{' in /home/ubuntu/workspace/homework/homework3/index.php on line 125
[08-Oct-2017 21:51:48 UTC] PHP Parse error:  syntax error, unexpected '{' in /home/ubuntu/workspace/homework/homework3/index.php on line 125
[09-Oct-2017 21:13:48 UTC] PHP Warning:  Invalid argument supplied for foreach() in /home/ubuntu/workspace/homework/homework3/index.php on line 149
[09-Oct-2017 21:13:48 UTC] PHP Stack trace:
[09-Oct-2017 21:13:48 UTC] PHP   1. {main}() /home/ubuntu/workspace/homework/homework3/index.php:0
[09-Oct-2017 21:17:10 UTC] PHP Warning:  Invalid argument supplied for foreach() in /home/ubuntu/workspace/homework/homework3/index.php on line 164
[09-Oct-2017 21:17:10 UTC] PHP Stack trace:
[09-Oct-2017 21:17:10 UTC] PHP   1. {main}() /home/ubuntu/workspace/homework/homework3/index.php:0
[09-Oct-2017 21:22:24 UTC] PHP Parse error:  syntax error, unexpected 'for' (T_FOR) in /home/ubuntu/workspace/homework/homework3/index.php on line 133
[25-Nov-2017 00:32:26 UTC] PHP Warning:  mysqli_query() expects parameter 1 to be mysqli, object given in /home/ubuntu/workspace/dbeach/homework/homework5/insertSearch.php on line 10
[25-Nov-2017 00:32:26 UTC] PHP Stack trace:
[25-Nov-2017 00:32:26 UTC] PHP   1. {main}() /home/ubuntu/workspace/dbeach/homework/homework5/insertSearch.php:0
[25-Nov-2017 00:32:26 UTC] PHP   2. mysqli_query() /home/ubuntu/workspace/dbeach/homework/homework5/insertSearch.php:10
[25-Nov-2017 00:32:26 UTC] PHP Warning:  mysqli_query() expects parameter 1 to be mysqli, object given in /home/ubuntu/workspace/dbeach/homework/homework5/insertSearch.php on line 10
[25-Nov-2017 00:32:26 UTC] PHP Stack trace:
[25-Nov-2017 00:32:26 UTC] PHP   1. {main}() /home/ubuntu/workspace/dbeach/homework/homework5/insertSearch.php:0
[25-Nov-2017 00:32:26 UTC] PHP   2. mysqli_query() /home/ubuntu/workspace/dbeach/homework/homework5/insertSearch.php:10
[25-Nov-2017 01:39:48 UTC] PHP Warning:  mysqli_query() expects parameter 1 to be mysqli, object given in /home/ubuntu/workspace/dbeach/homework/homework5/insertSearch.php on line 10
[25-Nov-2017 01:39:48 UTC] PHP Stack trace:
[25-Nov-2017 01:39:48 UTC] PHP   1. {main}() /home/ubuntu/workspace/dbeach/homework/homework5/insertSearch.php:0
[25-Nov-2017 01:39:48 UTC] PHP   2. mysqli_query() /home/ubuntu/workspace/dbeach/homework/homework5/insertSearch.php:10
[25-Nov-2017 01:39:48 UTC] PHP Warning:  mysqli_query() expects parameter 1 to be mysqli, object given in /home/ubuntu/workspace/dbeach/homework/homework5/insertSearch.php on line 10
[25-Nov-2017 01:39:48 UTC] PHP Stack trace:
[25-Nov-2017 01:39:48 UTC] PHP   1. {main}() /home/ubuntu/workspace/dbeach/homework/homework5/insertSearch.php:0
[25-Nov-2017 01:39:48 UTC] PHP   2. mysqli_query() /home/ubuntu/workspace/dbeach/homework/homework5/insertSearch.php:10
[25-Nov-2017 01:41:00 UTC] PHP Warning:  mysqli_query() expects parameter 1 to be mysqli, object given in /home/ubuntu/workspace/dbeach/homework/homework5/insertSearch.php on line 11
[25-Nov-2017 01:41:00 UTC] PHP Stack trace:
[25-Nov-2017 01:41:00 UTC] PHP   1. {main}() /home/ubuntu/workspace/dbeach/homework/homework5/insertSearch.php:0
[25-Nov-2017 01:41:00 UTC] PHP   2. mysqli_query() /home/ubuntu/workspace/dbeach/homework/homework5/insertSearch.php:11
[25-Nov-2017 01:41:03 UTC] PHP Warning:  mysqli_query() expects parameter 1 to be mysqli, object given in /home/ubuntu/workspace/dbeach/homework/homework5/insertSearch.php on line 11
[25-Nov-2017 01:41:03 UTC] PHP Stack trace:
[25-Nov-2017 01:41:03 UTC] PHP   1. {main}() /home/ubuntu/workspace/dbeach/homework/homework5/insertSearch.php:0
[25-Nov-2017 01:41:03 UTC] PHP   2. mysqli_query() /home/ubuntu/workspace/dbeach/homework/homework5/insertSearch.php:11
[25-Nov-2017 01:41:04 UTC] PHP Warning:  mysqli_query() expects parameter 1 to be mysqli, object given in /home/ubuntu/workspace/dbeach/homework/homework5/insertSearch.php on line 11
[25-Nov-2017 01:41:04 UTC] PHP Stack trace:
[25-Nov-2017 01:41:04 UTC] PHP   1. {main}() /home/ubuntu/workspace/dbeach/homework/homework5/insertSearch.php:0
[25-Nov-2017 01:41:04 UTC] PHP   2. mysqli_query() /home/ubuntu/workspace/dbeach/homework/homework5/insertSearch.php:11
[25-Nov-2017 01:41:04 UTC] PHP Warning:  mysqli_query() expects parameter 1 to be mysqli, object given in /home/ubuntu/workspace/dbeach/homework/homework5/insertSearch.php on line 11
[25-Nov-2017 01:41:04 UTC] PHP Stack trace:
[25-Nov-2017 01:41:04 UTC] PHP   1. {main}() /home/ubuntu/workspace/dbeach/homework/homework5/insertSearch.php:0
[25-Nov-2017 01:41:04 UTC] PHP   2. mysqli_query() /home/ubuntu/workspace/dbeach/homework/homework5/insertSearch.php:11
[25-Nov-2017 01:41:06 UTC] PHP Warning:  mysqli_query() expects parameter 1 to be mysqli, object given in /home/ubuntu/workspace/dbeach/homework/homework5/insertSearch.php on line 11
[25-Nov-2017 01:41:06 UTC] PHP Stack trace:
[25-Nov-2017 01:41:06 UTC] PHP   1. {main}() /home/ubuntu/workspace/dbeach/homework/homework5/insertSearch.php:0
[25-Nov-2017 01:41:06 UTC] PHP   2. mysqli_query() /home/ubuntu/workspace/dbeach/homework/homework5/insertSearch.php:11
[25-Nov-2017 01:41:07 UTC] PHP Warning:  mysqli_query() expects parameter 1 to be mysqli, object given in /home/ubuntu/workspace/dbeach/homework/homework5/insertSearch.php on line 11
[25-Nov-2017 01:41:07 UTC] PHP Stack trace:
[25-Nov-2017 01:41:07 UTC] PHP   1. {main}() /home/ubuntu/workspace/dbeach/homework/homework5/insertSearch.php:0
[25-Nov-2017 01:41:07 UTC] PHP   2. mysqli_query() /home/ubuntu/workspace/dbeach/homework/homework5/insertSearch.php:11
[25-Nov-2017 01:41:11 UTC] PHP Warning:  mysqli_query() expects parameter 1 to be mysqli, object given in /home/ubuntu/workspace/dbeach/homework/homework5/insertSearch.php on line 11
[25-Nov-2017 01:41:11 UTC] PHP Stack trace:
[25-Nov-2017 01:41:11 UTC] PHP   1. {main}() /home/ubuntu/workspace/dbeach/homework/homework5/insertSearch.php:0
[25-Nov-2017 01:41:11 UTC] PHP   2. mysqli_query() /home/ubuntu/workspace/dbeach/homework/homework5/insertSearch.php:11
[25-Nov-2017 01:41:11 UTC] PHP Warning:  mysqli_query() expects parameter 1 to be mysqli, object given in /home/ubuntu/workspace/dbeach/homework/homework5/insertSearch.php on line 11
[25-Nov-2017 01:41:11 UTC] PHP Stack trace:
[25-Nov-2017 01:41:11 UTC] PHP   1. {main}() /home/ubuntu/workspace/dbeach/homework/homework5/insertSearch.php:0
[25-Nov-2017 01:41:11 UTC] PHP   2. mysqli_query() /home/ubuntu/workspace/dbeach/homework/homework5/insertSearch.php:11
[25-Nov-2017 01:41:47 UTC] PHP Warning:  mysqli_query() expects parameter 1 to be mysqli, object given in /home/ubuntu/workspace/dbeach/homework/homework5/insertSearch.php on line 10
[25-Nov-2017 01:41:47 UTC] PHP Stack trace:
[25-Nov-2017 01:41:47 UTC] PHP   1. {main}() /home/ubuntu/workspace/dbeach/homework/homework5/insertSearch.php:0
[25-Nov-2017 01:41:47 UTC] PHP   2. mysqli_query() /home/ubuntu/workspace/dbeach/homework/homework5/insertSearch.php:10
[25-Nov-2017 01:41:47 UTC] PHP Warning:  mysqli_query() expects parameter 1 to be mysqli, object given in /home/ubuntu/workspace/dbeach/homework/homework5/insertSearch.php on line 10
[25-Nov-2017 01:41:47 UTC] PHP Stack trace:
[25-Nov-2017 01:41:47 UTC] PHP   1. {main}() /home/ubuntu/workspace/dbeach/homework/homework5/insertSearch.php:0
[25-Nov-2017 01:41:47 UTC] PHP   2. mysqli_query() /home/ubuntu/workspace/dbeach/homework/homework5/insertSearch.php:10
[25-Nov-2017 01:42:59 UTC] PHP Warning:  mysqli_query() expects parameter 1 to be mysqli, object given in /home/ubuntu/workspace/dbeach/homework/homework5/insertSearch.php on line 10
[25-Nov-2017 01:42:59 UTC] PHP Stack trace:
[25-Nov-2017 01:42:59 UTC] PHP   1. {main}() /home/ubuntu/workspace/dbeach/homework/homework5/insertSearch.php:0
[25-Nov-2017 01:42:59 UTC] PHP   2. mysqli_query() /home/ubuntu/workspace/dbeach/homework/homework5/insertSearch.php:10
[25-Nov-2017 01:43:04 UTC] PHP Warning:  mysqli_query() expects parameter 1 to be mysqli, object given in /home/ubuntu/workspace/dbeach/homework/homework5/insertSearch.php on line 10
[25-Nov-2017 01:43:04 UTC] PHP Stack trace:
[25-Nov-2017 01:43:04 UTC] PHP   1. {main}() /home/ubuntu/workspace/dbeach/homework/homework5/insertSearch.php:0
[25-Nov-2017 01:43:04 UTC] PHP   2. mysqli_query() /home/ubuntu/workspace/dbeach/homework/homework5/insertSearch.php:10
[25-Nov-2017 01:43:06 UTC] PHP Warning:  mysqli_query() expects parameter 1 to be mysqli, object given in /home/ubuntu/workspace/dbeach/homework/homework5/insertSearch.php on line 10
[25-Nov-2017 01:43:06 UTC] PHP Stack trace:
[25-Nov-2017 01:43:06 UTC] PHP   1. {main}() /home/ubuntu/workspace/dbeach/homework/homework5/insertSearch.php:0
[25-Nov-2017 01:43:06 UTC] PHP   2. mysqli_query() /home/ubuntu/workspace/dbeach/homework/homework5/insertSearch.php:10
[25-Nov-2017 01:43:06 UTC] PHP Warning:  mysqli_query() expects parameter 1 to be mysqli, object given in /home/ubuntu/workspace/dbeach/homework/homework5/insertSearch.php on line 10
[25-Nov-2017 01:43:06 UTC] PHP Stack trace:
[25-Nov-2017 01:43:06 UTC] PHP   1. {main}() /home/ubuntu/workspace/dbeach/homework/homework5/insertSearch.php:0
[25-Nov-2017 01:43:06 UTC] PHP   2. mysqli_query() /home/ubuntu/workspace/dbeach/homework/homework5/insertSearch.php:10
[25-Nov-2017 01:43:06 UTC] PHP Warning:  mysqli_query() expects parameter 1 to be mysqli, object given in /home/ubuntu/workspace/dbeach/homework/homework5/insertSearch.php on line 10
[25-Nov-2017 01:43:06 UTC] PHP Stack trace:
[25-Nov-2017 01:43:06 UTC] PHP   1. {main}() /home/ubuntu/workspace/dbeach/homework/homework5/insertSearch.php:0
[25-Nov-2017 01:43:06 UTC] PHP   2. mysqli_query() /home/ubuntu/workspace/dbeach/homework/homework5/insertSearch.php:10
[25-Nov-2017 01:43:07 UTC] PHP Warning:  mysqli_query() expects parameter 1 to be mysqli, object given in /home/ubuntu/workspace/dbeach/homework/homework5/insertSearch.php on line 10
[25-Nov-2017 01:43:07 UTC] PHP Stack trace:
[25-Nov-2017 01:43:07 UTC] PHP   1. {main}() /home/ubuntu/workspace/dbeach/homework/homework5/insertSearch.php:0
[25-Nov-2017 01:43:07 UTC] PHP   2. mysqli_query() /home/ubuntu/workspace/dbeach/homework/homework5/insertSearch.php:10
[25-Nov-2017 01:45:56 UTC] PHP Warning:  mysqli_query() expects parameter 1 to be mysqli, object given in /home/ubuntu/workspace/dbeach/homework/homework5/insertSearch.php on line 10
[25-Nov-2017 01:45:56 UTC] PHP Stack trace:
[25-Nov-2017 01:45:56 UTC] PHP   1. {main}() /home/ubuntu/workspace/dbeach/homework/homework5/insertSearch.php:0
[25-Nov-2017 01:45:56 UTC] PHP   2. mysqli_query() /home/ubuntu/workspace/dbeach/homework/homework5/insertSearch.php:10
[25-Nov-2017 01:45:56 UTC] PHP Warning:  mysqli_query() expects parameter 1 to be mysqli, object given in /home/ubuntu/workspace/dbeach/homework/homework5/insertSearch.php on line 10
[25-Nov-2017 01:45:56 UTC] PHP Stack trace:
[25-Nov-2017 01:45:56 UTC] PHP   1. {main}() /home/ubuntu/workspace/dbeach/homework/homework5/insertSearch.php:0
[25-Nov-2017 01:45:56 UTC] PHP   2. mysqli_query() /home/ubuntu/workspace/dbeach/homework/homework5/insertSearch.php:10
[25-Nov-2017 01:46:02 UTC] PHP Warning:  mysqli_query() expects parameter 1 to be mysqli, object given in /home/ubuntu/workspace/dbeach/homework/homework5/insertSearch.php on line 10
[25-Nov-2017 01:46:02 UTC] PHP Stack trace:
[25-Nov-2017 01:46:02 UTC] PHP   1. {main}() /home/ubuntu/workspace/dbeach/homework/homework5/insertSearch.php:0
[25-Nov-2017 01:46:02 UTC] PHP   2. mysqli_query() /home/ubuntu/workspace/dbeach/homework/homework5/insertSearch.php:10
[25-Nov-2017 01:46:03 UTC] PHP Warning:  mysqli_query() expects parameter 1 to be mysqli, object given in /home/ubuntu/workspace/dbeach/homework/homework5/insertSearch.php on line 10
[25-Nov-2017 01:46:03 UTC] PHP Stack trace:
[25-Nov-2017 01:46:03 UTC] PHP   1. {main}() /home/ubuntu/workspace/dbeach/homework/homework5/insertSearch.php:0
[25-Nov-2017 01:46:03 UTC] PHP   2. mysqli_query() /home/ubuntu/workspace/dbeach/homework/homework5/insertSearch.php:10
[25-Nov-2017 01:46:08 UTC] PHP Warning:  mysqli_query() expects parameter 1 to be mysqli, object given in /home/ubuntu/workspace/dbeach/homework/homework5/insertSearch.php on line 10
[25-Nov-2017 01:46:08 UTC] PHP Stack trace:
[25-Nov-2017 01:46:08 UTC] PHP   1. {main}() /home/ubuntu/workspace/dbeach/homework/homework5/insertSearch.php:0
[25-Nov-2017 01:46:08 UTC] PHP   2. mysqli_query() /home/ubuntu/workspace/dbeach/homework/homework5/insertSearch.php:10
[25-Nov-2017 01:54:03 UTC] PHP Fatal error:  Call to a member function prepare() on a non-object in /home/ubuntu/workspace/dbeach/homework/homework5/getNumber.php on line 8
[25-Nov-2017 01:54:03 UTC] PHP Stack trace:
[25-Nov-2017 01:54:03 UTC] PHP   1. {main}() /home/ubuntu/workspace/dbeach/homework/homework5/getNumber.php:0
[25-Nov-2017 01:54:04 UTC] PHP Fatal error:  Call to a member function prepare() on a non-object in /home/ubuntu/workspace/dbeach/homework/homework5/getHistory.php on line 9
[25-Nov-2017 01:54:04 UTC] PHP Stack trace:
[25-Nov-2017 01:54:04 UTC] PHP   1. {main}() /home/ubuntu/workspace/dbeach/homework/homework5/getHistory.php:0
[25-Nov-2017 01:54:04 UTC] PHP Fatal error:  Call to a member function prepare() on a non-object in /home/ubuntu/workspace/dbeach/homework/homework5/getNumber.php on line 8
[25-Nov-2017 01:54:04 UTC] PHP Stack trace:
[25-Nov-2017 01:54:04 UTC] PHP   1. {main}() /home/ubuntu/workspace/dbeach/homework/homework5/getNumber.php:0
[25-Nov-2017 01:54:04 UTC] PHP Fatal error:  Call to a member function prepare() on a non-object in /home/ubuntu/workspace/dbeach/homework/homework5/getHistory.php on line 9
[25-Nov-2017 01:54:04 UTC] PHP Stack trace:
[25-Nov-2017 01:54:04 UTC] PHP   1. {main}() /home/ubuntu/workspace/dbeach/homework/homework5/getHistory.php:0
[25-Nov-2017 01:55:01 UTC] PHP Fatal error:  Call to a member function prepare() on a non-object in /home/ubuntu/workspace/dbeach/homework/homework5/getHistory.php on line 9
[25-Nov-2017 01:55:01 UTC] PHP Stack trace:
[25-Nov-2017 01:55:01 UTC] PHP   1. {main}() /home/ubuntu/workspace/dbeach/homework/homework5/getHistory.php:0
[25-Nov-2017 01:55:01 UTC] PHP Fatal error:  Call to a member function prepare() on a non-object in /home/ubuntu/workspace/dbeach/homework/homework5/getHistory.php on line 9
[25-Nov-2017 01:55:01 UTC] PHP Stack trace:
[25-Nov-2017 01:55:01 UTC] PHP   1. {main}() /home/ubuntu/workspace/dbeach/homework/homework5/getHistory.php:0
[25-Nov-2017 01:55:01 UTC] PHP Fatal error:  Uncaught exception 'PDOException' with message 'SQLSTATE[42S22]: Column not found: 1054 Unknown column 'namePlace' in 'field list'' in /home/ubuntu/workspace/dbeach/homework/homework5/getNumber.php:9
Stack trace:
#0 /home/ubuntu/workspace/dbeach/homework/homework5/getNumber.php(9): PDOStatement->execute()
#1 {main}
  thrown in /home/ubuntu/workspace/dbeach/homework/homework5/getNumber.php on line 9
[25-Nov-2017 01:55:01 UTC] PHP Fatal error:  Uncaught exception 'PDOException' with message 'SQLSTATE[42S22]: Column not found: 1054 Unknown column 'namePlace' in 'field list'' in /home/ubuntu/workspace/dbeach/homework/homework5/getNumber.php:9
Stack trace:
#0 /home/ubuntu/workspace/dbeach/homework/homework5/getNumber.php(9): PDOStatement->execute()
#1 {main}
  thrown in /home/ubuntu/workspace/dbeach/homework/homework5/getNumber.php on line 9
