[01-Dec-2017 20:42:55 UTC] PHP Warning:  include(../../../inc/dbConnection.php): failed to open stream: No such file or directory in /home/ubuntu/workspace/dbeach/labs/lab_9/api/getPetInfo.php on line 3
[01-Dec-2017 20:42:55 UTC] PHP Stack trace:
[01-Dec-2017 20:42:55 UTC] PHP   1. {main}() /home/ubuntu/workspace/dbeach/labs/lab_9/api/getPetInfo.php:0
[01-Dec-2017 20:42:55 UTC] PHP Warning:  include(): Failed opening '../../../inc/dbConnection.php' for inclusion (include_path='.:/usr/share/php:/usr/share/pear') in /home/ubuntu/workspace/dbeach/labs/lab_9/api/getPetInfo.php on line 3
[01-Dec-2017 20:42:55 UTC] PHP Stack trace:
[01-Dec-2017 20:42:55 UTC] PHP   1. {main}() /home/ubuntu/workspace/dbeach/labs/lab_9/api/getPetInfo.php:0
[01-Dec-2017 20:42:55 UTC] PHP Fatal error:  Call to undefined function getDBConnection() in /home/ubuntu/workspace/dbeach/labs/lab_9/api/getPetInfo.php on line 4
[01-Dec-2017 20:42:55 UTC] PHP Stack trace:
[01-Dec-2017 20:42:55 UTC] PHP   1. {main}() /home/ubuntu/workspace/dbeach/labs/lab_9/api/getPetInfo.php:0
[01-Dec-2017 20:42:56 UTC] PHP Warning:  include(../../../inc/dbConnection.php): failed to open stream: No such file or directory in /home/ubuntu/workspace/dbeach/labs/lab_9/api/getPetInfo.php on line 3
[01-Dec-2017 20:42:56 UTC] PHP Stack trace:
[01-Dec-2017 20:42:56 UTC] PHP   1. {main}() /home/ubuntu/workspace/dbeach/labs/lab_9/api/getPetInfo.php:0
[01-Dec-2017 20:42:56 UTC] PHP Warning:  include(): Failed opening '../../../inc/dbConnection.php' for inclusion (include_path='.:/usr/share/php:/usr/share/pear') in /home/ubuntu/workspace/dbeach/labs/lab_9/api/getPetInfo.php on line 3
[01-Dec-2017 20:42:56 UTC] PHP Stack trace:
[01-Dec-2017 20:42:56 UTC] PHP   1. {main}() /home/ubuntu/workspace/dbeach/labs/lab_9/api/getPetInfo.php:0
[01-Dec-2017 20:42:56 UTC] PHP Fatal error:  Call to undefined function getDBConnection() in /home/ubuntu/workspace/dbeach/labs/lab_9/api/getPetInfo.php on line 4
[01-Dec-2017 20:42:56 UTC] PHP Stack trace:
[01-Dec-2017 20:42:56 UTC] PHP   1. {main}() /home/ubuntu/workspace/dbeach/labs/lab_9/api/getPetInfo.php:0
[01-Dec-2017 20:42:56 UTC] PHP Warning:  include(../../../inc/dbConnection.php): failed to open stream: No such file or directory in /home/ubuntu/workspace/dbeach/labs/lab_9/api/getPetInfo.php on line 3
[01-Dec-2017 20:42:56 UTC] PHP Stack trace:
[01-Dec-2017 20:42:56 UTC] PHP   1. {main}() /home/ubuntu/workspace/dbeach/labs/lab_9/api/getPetInfo.php:0
[01-Dec-2017 20:42:56 UTC] PHP Warning:  include(): Failed opening '../../../inc/dbConnection.php' for inclusion (include_path='.:/usr/share/php:/usr/share/pear') in /home/ubuntu/workspace/dbeach/labs/lab_9/api/getPetInfo.php on line 3
[01-Dec-2017 20:42:56 UTC] PHP Stack trace:
[01-Dec-2017 20:42:56 UTC] PHP   1. {main}() /home/ubuntu/workspace/dbeach/labs/lab_9/api/getPetInfo.php:0
[01-Dec-2017 20:42:56 UTC] PHP Fatal error:  Call to undefined function getDBConnection() in /home/ubuntu/workspace/dbeach/labs/lab_9/api/getPetInfo.php on line 4
[01-Dec-2017 20:42:56 UTC] PHP Stack trace:
[01-Dec-2017 20:42:56 UTC] PHP   1. {main}() /home/ubuntu/workspace/dbeach/labs/lab_9/api/getPetInfo.php:0
[01-Dec-2017 20:42:57 UTC] PHP Warning:  include(../../../inc/dbConnection.php): failed to open stream: No such file or directory in /home/ubuntu/workspace/dbeach/labs/lab_9/api/getPetInfo.php on line 3
[01-Dec-2017 20:42:57 UTC] PHP Stack trace:
[01-Dec-2017 20:42:57 UTC] PHP   1. {main}() /home/ubuntu/workspace/dbeach/labs/lab_9/api/getPetInfo.php:0
[01-Dec-2017 20:42:57 UTC] PHP Warning:  include(): Failed opening '../../../inc/dbConnection.php' for inclusion (include_path='.:/usr/share/php:/usr/share/pear') in /home/ubuntu/workspace/dbeach/labs/lab_9/api/getPetInfo.php on line 3
[01-Dec-2017 20:42:57 UTC] PHP Stack trace:
[01-Dec-2017 20:42:57 UTC] PHP   1. {main}() /home/ubuntu/workspace/dbeach/labs/lab_9/api/getPetInfo.php:0
[01-Dec-2017 20:42:57 UTC] PHP Fatal error:  Call to undefined function getDBConnection() in /home/ubuntu/workspace/dbeach/labs/lab_9/api/getPetInfo.php on line 4
[01-Dec-2017 20:42:57 UTC] PHP Stack trace:
[01-Dec-2017 20:42:57 UTC] PHP   1. {main}() /home/ubuntu/workspace/dbeach/labs/lab_9/api/getPetInfo.php:0
[01-Dec-2017 20:42:58 UTC] PHP Warning:  include(../../../inc/dbConnection.php): failed to open stream: No such file or directory in /home/ubuntu/workspace/dbeach/labs/lab_9/api/getPetInfo.php on line 3
[01-Dec-2017 20:42:58 UTC] PHP Stack trace:
[01-Dec-2017 20:42:58 UTC] PHP   1. {main}() /home/ubuntu/workspace/dbeach/labs/lab_9/api/getPetInfo.php:0
[01-Dec-2017 20:42:58 UTC] PHP Warning:  include(): Failed opening '../../../inc/dbConnection.php' for inclusion (include_path='.:/usr/share/php:/usr/share/pear') in /home/ubuntu/workspace/dbeach/labs/lab_9/api/getPetInfo.php on line 3
[01-Dec-2017 20:42:58 UTC] PHP Stack trace:
[01-Dec-2017 20:42:58 UTC] PHP   1. {main}() /home/ubuntu/workspace/dbeach/labs/lab_9/api/getPetInfo.php:0
[01-Dec-2017 20:42:58 UTC] PHP Fatal error:  Call to undefined function getDBConnection() in /home/ubuntu/workspace/dbeach/labs/lab_9/api/getPetInfo.php on line 4
[01-Dec-2017 20:42:58 UTC] PHP Stack trace:
[01-Dec-2017 20:42:58 UTC] PHP   1. {main}() /home/ubuntu/workspace/dbeach/labs/lab_9/api/getPetInfo.php:0
[01-Dec-2017 20:42:58 UTC] PHP Warning:  include(../../../inc/dbConnection.php): failed to open stream: No such file or directory in /home/ubuntu/workspace/dbeach/labs/lab_9/api/getPetInfo.php on line 3
[01-Dec-2017 20:42:58 UTC] PHP Stack trace:
[01-Dec-2017 20:42:58 UTC] PHP   1. {main}() /home/ubuntu/workspace/dbeach/labs/lab_9/api/getPetInfo.php:0
[01-Dec-2017 20:42:58 UTC] PHP Warning:  include(): Failed opening '../../../inc/dbConnection.php' for inclusion (include_path='.:/usr/share/php:/usr/share/pear') in /home/ubuntu/workspace/dbeach/labs/lab_9/api/getPetInfo.php on line 3
[01-Dec-2017 20:42:58 UTC] PHP Stack trace:
[01-Dec-2017 20:42:58 UTC] PHP   1. {main}() /home/ubuntu/workspace/dbeach/labs/lab_9/api/getPetInfo.php:0
[01-Dec-2017 20:42:58 UTC] PHP Fatal error:  Call to undefined function getDBConnection() in /home/ubuntu/workspace/dbeach/labs/lab_9/api/getPetInfo.php on line 4
[01-Dec-2017 20:42:58 UTC] PHP Stack trace:
[01-Dec-2017 20:42:58 UTC] PHP   1. {main}() /home/ubuntu/workspace/dbeach/labs/lab_9/api/getPetInfo.php:0
[01-Dec-2017 20:42:59 UTC] PHP Warning:  include(../../../inc/dbConnection.php): failed to open stream: No such file or directory in /home/ubuntu/workspace/dbeach/labs/lab_9/api/getPetInfo.php on line 3
[01-Dec-2017 20:42:59 UTC] PHP Stack trace:
[01-Dec-2017 20:42:59 UTC] PHP   1. {main}() /home/ubuntu/workspace/dbeach/labs/lab_9/api/getPetInfo.php:0
[01-Dec-2017 20:42:59 UTC] PHP Warning:  include(): Failed opening '../../../inc/dbConnection.php' for inclusion (include_path='.:/usr/share/php:/usr/share/pear') in /home/ubuntu/workspace/dbeach/labs/lab_9/api/getPetInfo.php on line 3
[01-Dec-2017 20:42:59 UTC] PHP Stack trace:
[01-Dec-2017 20:42:59 UTC] PHP   1. {main}() /home/ubuntu/workspace/dbeach/labs/lab_9/api/getPetInfo.php:0
[01-Dec-2017 20:42:59 UTC] PHP Fatal error:  Call to undefined function getDBConnection() in /home/ubuntu/workspace/dbeach/labs/lab_9/api/getPetInfo.php on line 4
[01-Dec-2017 20:42:59 UTC] PHP Stack trace:
[01-Dec-2017 20:42:59 UTC] PHP   1. {main}() /home/ubuntu/workspace/dbeach/labs/lab_9/api/getPetInfo.php:0
[01-Dec-2017 20:43:21 UTC] PHP Warning:  include(../../../inc/dbConnection.php): failed to open stream: No such file or directory in /home/ubuntu/workspace/dbeach/labs/lab_9/api/getPetInfo.php on line 3
[01-Dec-2017 20:43:21 UTC] PHP Stack trace:
[01-Dec-2017 20:43:21 UTC] PHP   1. {main}() /home/ubuntu/workspace/dbeach/labs/lab_9/api/getPetInfo.php:0
[01-Dec-2017 20:43:21 UTC] PHP Warning:  include(): Failed opening '../../../inc/dbConnection.php' for inclusion (include_path='.:/usr/share/php:/usr/share/pear') in /home/ubuntu/workspace/dbeach/labs/lab_9/api/getPetInfo.php on line 3
[01-Dec-2017 20:43:21 UTC] PHP Stack trace:
[01-Dec-2017 20:43:21 UTC] PHP   1. {main}() /home/ubuntu/workspace/dbeach/labs/lab_9/api/getPetInfo.php:0
[01-Dec-2017 20:43:21 UTC] PHP Fatal error:  Call to undefined function getDBConnection() in /home/ubuntu/workspace/dbeach/labs/lab_9/api/getPetInfo.php on line 4
[01-Dec-2017 20:43:21 UTC] PHP Stack trace:
[01-Dec-2017 20:43:21 UTC] PHP   1. {main}() /home/ubuntu/workspace/dbeach/labs/lab_9/api/getPetInfo.php:0
[01-Dec-2017 20:43:22 UTC] PHP Warning:  include(../../../inc/dbConnection.php): failed to open stream: No such file or directory in /home/ubuntu/workspace/dbeach/labs/lab_9/api/getPetInfo.php on line 3
[01-Dec-2017 20:43:22 UTC] PHP Stack trace:
[01-Dec-2017 20:43:22 UTC] PHP   1. {main}() /home/ubuntu/workspace/dbeach/labs/lab_9/api/getPetInfo.php:0
[01-Dec-2017 20:43:22 UTC] PHP Warning:  include(): Failed opening '../../../inc/dbConnection.php' for inclusion (include_path='.:/usr/share/php:/usr/share/pear') in /home/ubuntu/workspace/dbeach/labs/lab_9/api/getPetInfo.php on line 3
[01-Dec-2017 20:43:22 UTC] PHP Stack trace:
[01-Dec-2017 20:43:22 UTC] PHP   1. {main}() /home/ubuntu/workspace/dbeach/labs/lab_9/api/getPetInfo.php:0
[01-Dec-2017 20:43:22 UTC] PHP Fatal error:  Call to undefined function getDBConnection() in /home/ubuntu/workspace/dbeach/labs/lab_9/api/getPetInfo.php on line 4
[01-Dec-2017 20:43:22 UTC] PHP Stack trace:
[01-Dec-2017 20:43:22 UTC] PHP   1. {main}() /home/ubuntu/workspace/dbeach/labs/lab_9/api/getPetInfo.php:0
[01-Dec-2017 20:43:23 UTC] PHP Warning:  include(../../../inc/dbConnection.php): failed to open stream: No such file or directory in /home/ubuntu/workspace/dbeach/labs/lab_9/api/getPetInfo.php on line 3
[01-Dec-2017 20:43:23 UTC] PHP Stack trace:
[01-Dec-2017 20:43:23 UTC] PHP   1. {main}() /home/ubuntu/workspace/dbeach/labs/lab_9/api/getPetInfo.php:0
[01-Dec-2017 20:43:23 UTC] PHP Warning:  include(): Failed opening '../../../inc/dbConnection.php' for inclusion (include_path='.:/usr/share/php:/usr/share/pear') in /home/ubuntu/workspace/dbeach/labs/lab_9/api/getPetInfo.php on line 3
[01-Dec-2017 20:43:23 UTC] PHP Stack trace:
[01-Dec-2017 20:43:23 UTC] PHP   1. {main}() /home/ubuntu/workspace/dbeach/labs/lab_9/api/getPetInfo.php:0
[01-Dec-2017 20:43:23 UTC] PHP Fatal error:  Call to undefined function getDBConnection() in /home/ubuntu/workspace/dbeach/labs/lab_9/api/getPetInfo.php on line 4
[01-Dec-2017 20:43:23 UTC] PHP Stack trace:
[01-Dec-2017 20:43:23 UTC] PHP   1. {main}() /home/ubuntu/workspace/dbeach/labs/lab_9/api/getPetInfo.php:0
[01-Dec-2017 20:43:23 UTC] PHP Warning:  include(../../../inc/dbConnection.php): failed to open stream: No such file or directory in /home/ubuntu/workspace/dbeach/labs/lab_9/api/getPetInfo.php on line 3
[01-Dec-2017 20:43:23 UTC] PHP Stack trace:
[01-Dec-2017 20:43:23 UTC] PHP   1. {main}() /home/ubuntu/workspace/dbeach/labs/lab_9/api/getPetInfo.php:0
[01-Dec-2017 20:43:23 UTC] PHP Warning:  include(): Failed opening '../../../inc/dbConnection.php' for inclusion (include_path='.:/usr/share/php:/usr/share/pear') in /home/ubuntu/workspace/dbeach/labs/lab_9/api/getPetInfo.php on line 3
[01-Dec-2017 20:43:23 UTC] PHP Stack trace:
[01-Dec-2017 20:43:23 UTC] PHP   1. {main}() /home/ubuntu/workspace/dbeach/labs/lab_9/api/getPetInfo.php:0
[01-Dec-2017 20:43:23 UTC] PHP Fatal error:  Call to undefined function getDBConnection() in /home/ubuntu/workspace/dbeach/labs/lab_9/api/getPetInfo.php on line 4
[01-Dec-2017 20:43:23 UTC] PHP Stack trace:
[01-Dec-2017 20:43:23 UTC] PHP   1. {main}() /home/ubuntu/workspace/dbeach/labs/lab_9/api/getPetInfo.php:0
[01-Dec-2017 20:43:26 UTC] PHP Warning:  include(../../../inc/dbConnection.php): failed to open stream: No such file or directory in /home/ubuntu/workspace/dbeach/labs/lab_9/api/getPetInfo.php on line 3
[01-Dec-2017 20:43:26 UTC] PHP Stack trace:
[01-Dec-2017 20:43:26 UTC] PHP   1. {main}() /home/ubuntu/workspace/dbeach/labs/lab_9/api/getPetInfo.php:0
[01-Dec-2017 20:43:26 UTC] PHP Warning:  include(): Failed opening '../../../inc/dbConnection.php' for inclusion (include_path='.:/usr/share/php:/usr/share/pear') in /home/ubuntu/workspace/dbeach/labs/lab_9/api/getPetInfo.php on line 3
[01-Dec-2017 20:43:26 UTC] PHP Stack trace:
[01-Dec-2017 20:43:26 UTC] PHP   1. {main}() /home/ubuntu/workspace/dbeach/labs/lab_9/api/getPetInfo.php:0
[01-Dec-2017 20:43:26 UTC] PHP Fatal error:  Call to undefined function getDBConnection() in /home/ubuntu/workspace/dbeach/labs/lab_9/api/getPetInfo.php on line 4
[01-Dec-2017 20:43:26 UTC] PHP Stack trace:
[01-Dec-2017 20:43:26 UTC] PHP   1. {main}() /home/ubuntu/workspace/dbeach/labs/lab_9/api/getPetInfo.php:0
[01-Dec-2017 20:43:27 UTC] PHP Warning:  include(../../../inc/dbConnection.php): failed to open stream: No such file or directory in /home/ubuntu/workspace/dbeach/labs/lab_9/api/getPetInfo.php on line 3
[01-Dec-2017 20:43:27 UTC] PHP Stack trace:
[01-Dec-2017 20:43:27 UTC] PHP   1. {main}() /home/ubuntu/workspace/dbeach/labs/lab_9/api/getPetInfo.php:0
[01-Dec-2017 20:43:27 UTC] PHP Warning:  include(): Failed opening '../../../inc/dbConnection.php' for inclusion (include_path='.:/usr/share/php:/usr/share/pear') in /home/ubuntu/workspace/dbeach/labs/lab_9/api/getPetInfo.php on line 3
[01-Dec-2017 20:43:27 UTC] PHP Stack trace:
[01-Dec-2017 20:43:27 UTC] PHP   1. {main}() /home/ubuntu/workspace/dbeach/labs/lab_9/api/getPetInfo.php:0
[01-Dec-2017 20:43:27 UTC] PHP Fatal error:  Call to undefined function getDBConnection() in /home/ubuntu/workspace/dbeach/labs/lab_9/api/getPetInfo.php on line 4
[01-Dec-2017 20:43:27 UTC] PHP Stack trace:
[01-Dec-2017 20:43:27 UTC] PHP   1. {main}() /home/ubuntu/workspace/dbeach/labs/lab_9/api/getPetInfo.php:0
[01-Dec-2017 20:43:27 UTC] PHP Warning:  include(../../../inc/dbConnection.php): failed to open stream: No such file or directory in /home/ubuntu/workspace/dbeach/labs/lab_9/api/getPetInfo.php on line 3
[01-Dec-2017 20:43:27 UTC] PHP Stack trace:
[01-Dec-2017 20:43:27 UTC] PHP   1. {main}() /home/ubuntu/workspace/dbeach/labs/lab_9/api/getPetInfo.php:0
[01-Dec-2017 20:43:27 UTC] PHP Warning:  include(): Failed opening '../../../inc/dbConnection.php' for inclusion (include_path='.:/usr/share/php:/usr/share/pear') in /home/ubuntu/workspace/dbeach/labs/lab_9/api/getPetInfo.php on line 3
[01-Dec-2017 20:43:27 UTC] PHP Stack trace:
[01-Dec-2017 20:43:27 UTC] PHP   1. {main}() /home/ubuntu/workspace/dbeach/labs/lab_9/api/getPetInfo.php:0
[01-Dec-2017 20:43:27 UTC] PHP Fatal error:  Call to undefined function getDBConnection() in /home/ubuntu/workspace/dbeach/labs/lab_9/api/getPetInfo.php on line 4
[01-Dec-2017 20:43:27 UTC] PHP Stack trace:
[01-Dec-2017 20:43:27 UTC] PHP   1. {main}() /home/ubuntu/workspace/dbeach/labs/lab_9/api/getPetInfo.php:0
[01-Dec-2017 20:43:51 UTC] PHP Warning:  include(../../../inc/dbConnection.php): failed to open stream: No such file or directory in /home/ubuntu/workspace/dbeach/labs/lab_9/api/getPetInfo.php on line 3
[01-Dec-2017 20:43:51 UTC] PHP Stack trace:
[01-Dec-2017 20:43:51 UTC] PHP   1. {main}() /home/ubuntu/workspace/dbeach/labs/lab_9/api/getPetInfo.php:0
[01-Dec-2017 20:43:51 UTC] PHP Warning:  include(): Failed opening '../../../inc/dbConnection.php' for inclusion (include_path='.:/usr/share/php:/usr/share/pear') in /home/ubuntu/workspace/dbeach/labs/lab_9/api/getPetInfo.php on line 3
[01-Dec-2017 20:43:51 UTC] PHP Stack trace:
[01-Dec-2017 20:43:51 UTC] PHP   1. {main}() /home/ubuntu/workspace/dbeach/labs/lab_9/api/getPetInfo.php:0
[01-Dec-2017 20:43:51 UTC] PHP Fatal error:  Call to undefined function getDBConnection() in /home/ubuntu/workspace/dbeach/labs/lab_9/api/getPetInfo.php on line 4
[01-Dec-2017 20:43:51 UTC] PHP Stack trace:
[01-Dec-2017 20:43:51 UTC] PHP   1. {main}() /home/ubuntu/workspace/dbeach/labs/lab_9/api/getPetInfo.php:0
[01-Dec-2017 20:43:52 UTC] PHP Warning:  include(../../../inc/dbConnection.php): failed to open stream: No such file or directory in /home/ubuntu/workspace/dbeach/labs/lab_9/api/getPetInfo.php on line 3
[01-Dec-2017 20:43:52 UTC] PHP Stack trace:
[01-Dec-2017 20:43:52 UTC] PHP   1. {main}() /home/ubuntu/workspace/dbeach/labs/lab_9/api/getPetInfo.php:0
[01-Dec-2017 20:43:52 UTC] PHP Warning:  include(): Failed opening '../../../inc/dbConnection.php' for inclusion (include_path='.:/usr/share/php:/usr/share/pear') in /home/ubuntu/workspace/dbeach/labs/lab_9/api/getPetInfo.php on line 3
[01-Dec-2017 20:43:52 UTC] PHP Stack trace:
[01-Dec-2017 20:43:52 UTC] PHP   1. {main}() /home/ubuntu/workspace/dbeach/labs/lab_9/api/getPetInfo.php:0
[01-Dec-2017 20:43:52 UTC] PHP Fatal error:  Call to undefined function getDBConnection() in /home/ubuntu/workspace/dbeach/labs/lab_9/api/getPetInfo.php on line 4
[01-Dec-2017 20:43:52 UTC] PHP Stack trace:
[01-Dec-2017 20:43:52 UTC] PHP   1. {main}() /home/ubuntu/workspace/dbeach/labs/lab_9/api/getPetInfo.php:0
[01-Dec-2017 20:43:52 UTC] PHP Warning:  include(../../../inc/dbConnection.php): failed to open stream: No such file or directory in /home/ubuntu/workspace/dbeach/labs/lab_9/api/getPetInfo.php on line 3
[01-Dec-2017 20:43:52 UTC] PHP Stack trace:
[01-Dec-2017 20:43:52 UTC] PHP   1. {main}() /home/ubuntu/workspace/dbeach/labs/lab_9/api/getPetInfo.php:0
[01-Dec-2017 20:43:52 UTC] PHP Warning:  include(): Failed opening '../../../inc/dbConnection.php' for inclusion (include_path='.:/usr/share/php:/usr/share/pear') in /home/ubuntu/workspace/dbeach/labs/lab_9/api/getPetInfo.php on line 3
[01-Dec-2017 20:43:52 UTC] PHP Stack trace:
[01-Dec-2017 20:43:52 UTC] PHP   1. {main}() /home/ubuntu/workspace/dbeach/labs/lab_9/api/getPetInfo.php:0
[01-Dec-2017 20:43:52 UTC] PHP Fatal error:  Call to undefined function getDBConnection() in /home/ubuntu/workspace/dbeach/labs/lab_9/api/getPetInfo.php on line 4
[01-Dec-2017 20:43:52 UTC] PHP Stack trace:
[01-Dec-2017 20:43:52 UTC] PHP   1. {main}() /home/ubuntu/workspace/dbeach/labs/lab_9/api/getPetInfo.php:0
[01-Dec-2017 20:43:53 UTC] PHP Warning:  include(../../../inc/dbConnection.php): failed to open stream: No such file or directory in /home/ubuntu/workspace/dbeach/labs/lab_9/api/getPetInfo.php on line 3
[01-Dec-2017 20:43:53 UTC] PHP Stack trace:
[01-Dec-2017 20:43:53 UTC] PHP   1. {main}() /home/ubuntu/workspace/dbeach/labs/lab_9/api/getPetInfo.php:0
[01-Dec-2017 20:43:53 UTC] PHP Warning:  include(): Failed opening '../../../inc/dbConnection.php' for inclusion (include_path='.:/usr/share/php:/usr/share/pear') in /home/ubuntu/workspace/dbeach/labs/lab_9/api/getPetInfo.php on line 3
[01-Dec-2017 20:43:53 UTC] PHP Stack trace:
[01-Dec-2017 20:43:53 UTC] PHP   1. {main}() /home/ubuntu/workspace/dbeach/labs/lab_9/api/getPetInfo.php:0
[01-Dec-2017 20:43:53 UTC] PHP Fatal error:  Call to undefined function getDBConnection() in /home/ubuntu/workspace/dbeach/labs/lab_9/api/getPetInfo.php on line 4
[01-Dec-2017 20:43:53 UTC] PHP Stack trace:
[01-Dec-2017 20:43:53 UTC] PHP   1. {main}() /home/ubuntu/workspace/dbeach/labs/lab_9/api/getPetInfo.php:0
[01-Dec-2017 20:43:54 UTC] PHP Warning:  include(../../../inc/dbConnection.php): failed to open stream: No such file or directory in /home/ubuntu/workspace/dbeach/labs/lab_9/api/getPetInfo.php on line 3
[01-Dec-2017 20:43:54 UTC] PHP Stack trace:
[01-Dec-2017 20:43:54 UTC] PHP   1. {main}() /home/ubuntu/workspace/dbeach/labs/lab_9/api/getPetInfo.php:0
[01-Dec-2017 20:43:54 UTC] PHP Warning:  include(): Failed opening '../../../inc/dbConnection.php' for inclusion (include_path='.:/usr/share/php:/usr/share/pear') in /home/ubuntu/workspace/dbeach/labs/lab_9/api/getPetInfo.php on line 3
[01-Dec-2017 20:43:54 UTC] PHP Stack trace:
[01-Dec-2017 20:43:54 UTC] PHP   1. {main}() /home/ubuntu/workspace/dbeach/labs/lab_9/api/getPetInfo.php:0
[01-Dec-2017 20:43:54 UTC] PHP Fatal error:  Call to undefined function getDBConnection() in /home/ubuntu/workspace/dbeach/labs/lab_9/api/getPetInfo.php on line 4
[01-Dec-2017 20:43:54 UTC] PHP Stack trace:
[01-Dec-2017 20:43:54 UTC] PHP   1. {main}() /home/ubuntu/workspace/dbeach/labs/lab_9/api/getPetInfo.php:0
[01-Dec-2017 20:43:55 UTC] PHP Warning:  include(../../../inc/dbConnection.php): failed to open stream: No such file or directory in /home/ubuntu/workspace/dbeach/labs/lab_9/api/getPetInfo.php on line 3
[01-Dec-2017 20:43:55 UTC] PHP Stack trace:
[01-Dec-2017 20:43:55 UTC] PHP   1. {main}() /home/ubuntu/workspace/dbeach/labs/lab_9/api/getPetInfo.php:0
[01-Dec-2017 20:43:55 UTC] PHP Warning:  include(): Failed opening '../../../inc/dbConnection.php' for inclusion (include_path='.:/usr/share/php:/usr/share/pear') in /home/ubuntu/workspace/dbeach/labs/lab_9/api/getPetInfo.php on line 3
[01-Dec-2017 20:43:55 UTC] PHP Stack trace:
[01-Dec-2017 20:43:55 UTC] PHP   1. {main}() /home/ubuntu/workspace/dbeach/labs/lab_9/api/getPetInfo.php:0
[01-Dec-2017 20:43:55 UTC] PHP Fatal error:  Call to undefined function getDBConnection() in /home/ubuntu/workspace/dbeach/labs/lab_9/api/getPetInfo.php on line 4
[01-Dec-2017 20:43:55 UTC] PHP Stack trace:
[01-Dec-2017 20:43:55 UTC] PHP   1. {main}() /home/ubuntu/workspace/dbeach/labs/lab_9/api/getPetInfo.php:0
[01-Dec-2017 20:43:55 UTC] PHP Warning:  include(../../../inc/dbConnection.php): failed to open stream: No such file or directory in /home/ubuntu/workspace/dbeach/labs/lab_9/api/getPetInfo.php on line 3
[01-Dec-2017 20:43:55 UTC] PHP Stack trace:
[01-Dec-2017 20:43:55 UTC] PHP   1. {main}() /home/ubuntu/workspace/dbeach/labs/lab_9/api/getPetInfo.php:0
[01-Dec-2017 20:43:55 UTC] PHP Warning:  include(): Failed opening '../../../inc/dbConnection.php' for inclusion (include_path='.:/usr/share/php:/usr/share/pear') in /home/ubuntu/workspace/dbeach/labs/lab_9/api/getPetInfo.php on line 3
[01-Dec-2017 20:43:55 UTC] PHP Stack trace:
[01-Dec-2017 20:43:55 UTC] PHP   1. {main}() /home/ubuntu/workspace/dbeach/labs/lab_9/api/getPetInfo.php:0
[01-Dec-2017 20:43:55 UTC] PHP Fatal error:  Call to undefined function getDBConnection() in /home/ubuntu/workspace/dbeach/labs/lab_9/api/getPetInfo.php on line 4
[01-Dec-2017 20:43:55 UTC] PHP Stack trace:
[01-Dec-2017 20:43:55 UTC] PHP   1. {main}() /home/ubuntu/workspace/dbeach/labs/lab_9/api/getPetInfo.php:0
[01-Dec-2017 20:43:56 UTC] PHP Warning:  include(../../../inc/dbConnection.php): failed to open stream: No such file or directory in /home/ubuntu/workspace/dbeach/labs/lab_9/api/getPetInfo.php on line 3
[01-Dec-2017 20:43:56 UTC] PHP Stack trace:
[01-Dec-2017 20:43:56 UTC] PHP   1. {main}() /home/ubuntu/workspace/dbeach/labs/lab_9/api/getPetInfo.php:0
[01-Dec-2017 20:43:56 UTC] PHP Warning:  include(): Failed opening '../../../inc/dbConnection.php' for inclusion (include_path='.:/usr/share/php:/usr/share/pear') in /home/ubuntu/workspace/dbeach/labs/lab_9/api/getPetInfo.php on line 3
[01-Dec-2017 20:43:56 UTC] PHP Stack trace:
[01-Dec-2017 20:43:56 UTC] PHP   1. {main}() /home/ubuntu/workspace/dbeach/labs/lab_9/api/getPetInfo.php:0
[01-Dec-2017 20:43:56 UTC] PHP Fatal error:  Call to undefined function getDBConnection() in /home/ubuntu/workspace/dbeach/labs/lab_9/api/getPetInfo.php on line 4
[01-Dec-2017 20:43:56 UTC] PHP Stack trace:
[01-Dec-2017 20:43:56 UTC] PHP   1. {main}() /home/ubuntu/workspace/dbeach/labs/lab_9/api/getPetInfo.php:0
[01-Dec-2017 20:44:22 UTC] PHP Warning:  include(../../../inc/dbConnection.php): failed to open stream: No such file or directory in /home/ubuntu/workspace/dbeach/labs/lab_9/api/getPetInfo.php on line 3
[01-Dec-2017 20:44:22 UTC] PHP Stack trace:
[01-Dec-2017 20:44:22 UTC] PHP   1. {main}() /home/ubuntu/workspace/dbeach/labs/lab_9/api/getPetInfo.php:0
[01-Dec-2017 20:44:22 UTC] PHP Warning:  include(): Failed opening '../../../inc/dbConnection.php' for inclusion (include_path='.:/usr/share/php:/usr/share/pear') in /home/ubuntu/workspace/dbeach/labs/lab_9/api/getPetInfo.php on line 3
[01-Dec-2017 20:44:22 UTC] PHP Stack trace:
[01-Dec-2017 20:44:22 UTC] PHP   1. {main}() /home/ubuntu/workspace/dbeach/labs/lab_9/api/getPetInfo.php:0
[01-Dec-2017 20:44:22 UTC] PHP Fatal error:  Call to undefined function getDBConnection() in /home/ubuntu/workspace/dbeach/labs/lab_9/api/getPetInfo.php on line 4
[01-Dec-2017 20:44:22 UTC] PHP Stack trace:
[01-Dec-2017 20:44:22 UTC] PHP   1. {main}() /home/ubuntu/workspace/dbeach/labs/lab_9/api/getPetInfo.php:0
[01-Dec-2017 20:46:13 UTC] PHP Warning:  include(../../../inc/dbConnection.php): failed to open stream: No such file or directory in /home/ubuntu/workspace/dbeach/labs/lab_9/api/getPetInfo.php on line 3
[01-Dec-2017 20:46:13 UTC] PHP Stack trace:
[01-Dec-2017 20:46:13 UTC] PHP   1. {main}() /home/ubuntu/workspace/dbeach/labs/lab_9/api/getPetInfo.php:0
[01-Dec-2017 20:46:13 UTC] PHP Warning:  include(): Failed opening '../../../inc/dbConnection.php' for inclusion (include_path='.:/usr/share/php:/usr/share/pear') in /home/ubuntu/workspace/dbeach/labs/lab_9/api/getPetInfo.php on line 3
[01-Dec-2017 20:46:13 UTC] PHP Stack trace:
[01-Dec-2017 20:46:13 UTC] PHP   1. {main}() /home/ubuntu/workspace/dbeach/labs/lab_9/api/getPetInfo.php:0
[01-Dec-2017 20:46:13 UTC] PHP Fatal error:  Call to undefined function getDBConnection() in /home/ubuntu/workspace/dbeach/labs/lab_9/api/getPetInfo.php on line 4
[01-Dec-2017 20:46:13 UTC] PHP Stack trace:
[01-Dec-2017 20:46:13 UTC] PHP   1. {main}() /home/ubuntu/workspace/dbeach/labs/lab_9/api/getPetInfo.php:0
[01-Dec-2017 20:46:20 UTC] PHP Warning:  include(../../../inc/dbConnection.php): failed to open stream: No such file or directory in /home/ubuntu/workspace/dbeach/labs/lab_9/api/getPetInfo.php on line 3
[01-Dec-2017 20:46:20 UTC] PHP Stack trace:
[01-Dec-2017 20:46:20 UTC] PHP   1. {main}() /home/ubuntu/workspace/dbeach/labs/lab_9/api/getPetInfo.php:0
[01-Dec-2017 20:46:20 UTC] PHP Warning:  include(): Failed opening '../../../inc/dbConnection.php' for inclusion (include_path='.:/usr/share/php:/usr/share/pear') in /home/ubuntu/workspace/dbeach/labs/lab_9/api/getPetInfo.php on line 3
[01-Dec-2017 20:46:20 UTC] PHP Stack trace:
[01-Dec-2017 20:46:20 UTC] PHP   1. {main}() /home/ubuntu/workspace/dbeach/labs/lab_9/api/getPetInfo.php:0
[01-Dec-2017 20:46:20 UTC] PHP Fatal error:  Call to undefined function getDBConnection() in /home/ubuntu/workspace/dbeach/labs/lab_9/api/getPetInfo.php on line 4
[01-Dec-2017 20:46:20 UTC] PHP Stack trace:
[01-Dec-2017 20:46:20 UTC] PHP   1. {main}() /home/ubuntu/workspace/dbeach/labs/lab_9/api/getPetInfo.php:0
[01-Dec-2017 20:46:22 UTC] PHP Warning:  include(../../../inc/dbConnection.php): failed to open stream: No such file or directory in /home/ubuntu/workspace/dbeach/labs/lab_9/api/getPetInfo.php on line 3
[01-Dec-2017 20:46:22 UTC] PHP Stack trace:
[01-Dec-2017 20:46:22 UTC] PHP   1. {main}() /home/ubuntu/workspace/dbeach/labs/lab_9/api/getPetInfo.php:0
[01-Dec-2017 20:46:22 UTC] PHP Warning:  include(): Failed opening '../../../inc/dbConnection.php' for inclusion (include_path='.:/usr/share/php:/usr/share/pear') in /home/ubuntu/workspace/dbeach/labs/lab_9/api/getPetInfo.php on line 3
[01-Dec-2017 20:46:22 UTC] PHP Stack trace:
[01-Dec-2017 20:46:22 UTC] PHP   1. {main}() /home/ubuntu/workspace/dbeach/labs/lab_9/api/getPetInfo.php:0
[01-Dec-2017 20:46:22 UTC] PHP Fatal error:  Call to undefined function getDBConnection() in /home/ubuntu/workspace/dbeach/labs/lab_9/api/getPetInfo.php on line 4
[01-Dec-2017 20:46:22 UTC] PHP Stack trace:
[01-Dec-2017 20:46:22 UTC] PHP   1. {main}() /home/ubuntu/workspace/dbeach/labs/lab_9/api/getPetInfo.php:0
[01-Dec-2017 20:47:13 UTC] PHP Warning:  include(../../../inc/dbConnection.php): failed to open stream: No such file or directory in /home/ubuntu/workspace/dbeach/labs/lab_9/api/getPetInfo.php on line 3
[01-Dec-2017 20:47:13 UTC] PHP Stack trace:
[01-Dec-2017 20:47:13 UTC] PHP   1. {main}() /home/ubuntu/workspace/dbeach/labs/lab_9/api/getPetInfo.php:0
[01-Dec-2017 20:47:13 UTC] PHP Warning:  include(): Failed opening '../../../inc/dbConnection.php' for inclusion (include_path='.:/usr/share/php:/usr/share/pear') in /home/ubuntu/workspace/dbeach/labs/lab_9/api/getPetInfo.php on line 3
[01-Dec-2017 20:47:13 UTC] PHP Stack trace:
[01-Dec-2017 20:47:13 UTC] PHP   1. {main}() /home/ubuntu/workspace/dbeach/labs/lab_9/api/getPetInfo.php:0
[01-Dec-2017 20:47:13 UTC] PHP Fatal error:  Call to undefined function getDBConnection() in /home/ubuntu/workspace/dbeach/labs/lab_9/api/getPetInfo.php on line 4
[01-Dec-2017 20:47:13 UTC] PHP Stack trace:
[01-Dec-2017 20:47:13 UTC] PHP   1. {main}() /home/ubuntu/workspace/dbeach/labs/lab_9/api/getPetInfo.php:0
[01-Dec-2017 20:47:17 UTC] PHP Warning:  include(../../../inc/dbConnection.php): failed to open stream: No such file or directory in /home/ubuntu/workspace/dbeach/labs/lab_9/api/getPetInfo.php on line 3
[01-Dec-2017 20:47:17 UTC] PHP Stack trace:
[01-Dec-2017 20:47:17 UTC] PHP   1. {main}() /home/ubuntu/workspace/dbeach/labs/lab_9/api/getPetInfo.php:0
[01-Dec-2017 20:47:17 UTC] PHP Warning:  include(): Failed opening '../../../inc/dbConnection.php' for inclusion (include_path='.:/usr/share/php:/usr/share/pear') in /home/ubuntu/workspace/dbeach/labs/lab_9/api/getPetInfo.php on line 3
[01-Dec-2017 20:47:17 UTC] PHP Stack trace:
[01-Dec-2017 20:47:17 UTC] PHP   1. {main}() /home/ubuntu/workspace/dbeach/labs/lab_9/api/getPetInfo.php:0
[01-Dec-2017 20:47:17 UTC] PHP Fatal error:  Call to undefined function getDBConnection() in /home/ubuntu/workspace/dbeach/labs/lab_9/api/getPetInfo.php on line 4
[01-Dec-2017 20:47:17 UTC] PHP Stack trace:
[01-Dec-2017 20:47:17 UTC] PHP   1. {main}() /home/ubuntu/workspace/dbeach/labs/lab_9/api/getPetInfo.php:0
[01-Dec-2017 20:48:58 UTC] PHP Warning:  include(../../../inc/dbConnection.php): failed to open stream: No such file or directory in /home/ubuntu/workspace/dbeach/labs/lab_9/api/getPetInfo.php on line 3
[01-Dec-2017 20:48:58 UTC] PHP Stack trace:
[01-Dec-2017 20:48:58 UTC] PHP   1. {main}() /home/ubuntu/workspace/dbeach/labs/lab_9/api/getPetInfo.php:0
[01-Dec-2017 20:48:58 UTC] PHP Warning:  include(): Failed opening '../../../inc/dbConnection.php' for inclusion (include_path='.:/usr/share/php:/usr/share/pear') in /home/ubuntu/workspace/dbeach/labs/lab_9/api/getPetInfo.php on line 3
[01-Dec-2017 20:48:58 UTC] PHP Stack trace:
[01-Dec-2017 20:48:58 UTC] PHP   1. {main}() /home/ubuntu/workspace/dbeach/labs/lab_9/api/getPetInfo.php:0
[01-Dec-2017 20:48:58 UTC] PHP Fatal error:  Call to undefined function getDBConnection() in /home/ubuntu/workspace/dbeach/labs/lab_9/api/getPetInfo.php on line 4
[01-Dec-2017 20:48:58 UTC] PHP Stack trace:
[01-Dec-2017 20:48:58 UTC] PHP   1. {main}() /home/ubuntu/workspace/dbeach/labs/lab_9/api/getPetInfo.php:0
[01-Dec-2017 20:49:00 UTC] PHP Warning:  include(../../../inc/dbConnection.php): failed to open stream: No such file or directory in /home/ubuntu/workspace/dbeach/labs/lab_9/api/getPetInfo.php on line 3
[01-Dec-2017 20:49:00 UTC] PHP Stack trace:
[01-Dec-2017 20:49:00 UTC] PHP   1. {main}() /home/ubuntu/workspace/dbeach/labs/lab_9/api/getPetInfo.php:0
[01-Dec-2017 20:49:00 UTC] PHP Warning:  include(): Failed opening '../../../inc/dbConnection.php' for inclusion (include_path='.:/usr/share/php:/usr/share/pear') in /home/ubuntu/workspace/dbeach/labs/lab_9/api/getPetInfo.php on line 3
[01-Dec-2017 20:49:00 UTC] PHP Stack trace:
[01-Dec-2017 20:49:00 UTC] PHP   1. {main}() /home/ubuntu/workspace/dbeach/labs/lab_9/api/getPetInfo.php:0
[01-Dec-2017 20:49:00 UTC] PHP Fatal error:  Call to undefined function getDBConnection() in /home/ubuntu/workspace/dbeach/labs/lab_9/api/getPetInfo.php on line 4
[01-Dec-2017 20:49:00 UTC] PHP Stack trace:
[01-Dec-2017 20:49:00 UTC] PHP   1. {main}() /home/ubuntu/workspace/dbeach/labs/lab_9/api/getPetInfo.php:0
[01-Dec-2017 20:49:03 UTC] PHP Warning:  include(../../../inc/dbConnection.php): failed to open stream: No such file or directory in /home/ubuntu/workspace/dbeach/labs/lab_9/api/getPetInfo.php on line 3
[01-Dec-2017 20:49:03 UTC] PHP Stack trace:
[01-Dec-2017 20:49:03 UTC] PHP   1. {main}() /home/ubuntu/workspace/dbeach/labs/lab_9/api/getPetInfo.php:0
[01-Dec-2017 20:49:03 UTC] PHP Warning:  include(): Failed opening '../../../inc/dbConnection.php' for inclusion (include_path='.:/usr/share/php:/usr/share/pear') in /home/ubuntu/workspace/dbeach/labs/lab_9/api/getPetInfo.php on line 3
[01-Dec-2017 20:49:03 UTC] PHP Stack trace:
[01-Dec-2017 20:49:03 UTC] PHP   1. {main}() /home/ubuntu/workspace/dbeach/labs/lab_9/api/getPetInfo.php:0
[01-Dec-2017 20:49:03 UTC] PHP Fatal error:  Call to undefined function getDBConnection() in /home/ubuntu/workspace/dbeach/labs/lab_9/api/getPetInfo.php on line 4
[01-Dec-2017 20:49:03 UTC] PHP Stack trace:
[01-Dec-2017 20:49:03 UTC] PHP   1. {main}() /home/ubuntu/workspace/dbeach/labs/lab_9/api/getPetInfo.php:0
[01-Dec-2017 20:49:05 UTC] PHP Warning:  include(../../../inc/dbConnection.php): failed to open stream: No such file or directory in /home/ubuntu/workspace/dbeach/labs/lab_9/api/getPetInfo.php on line 3
[01-Dec-2017 20:49:05 UTC] PHP Stack trace:
[01-Dec-2017 20:49:05 UTC] PHP   1. {main}() /home/ubuntu/workspace/dbeach/labs/lab_9/api/getPetInfo.php:0
[01-Dec-2017 20:49:05 UTC] PHP Warning:  include(): Failed opening '../../../inc/dbConnection.php' for inclusion (include_path='.:/usr/share/php:/usr/share/pear') in /home/ubuntu/workspace/dbeach/labs/lab_9/api/getPetInfo.php on line 3
[01-Dec-2017 20:49:05 UTC] PHP Stack trace:
[01-Dec-2017 20:49:05 UTC] PHP   1. {main}() /home/ubuntu/workspace/dbeach/labs/lab_9/api/getPetInfo.php:0
[01-Dec-2017 20:49:05 UTC] PHP Fatal error:  Call to undefined function getDBConnection() in /home/ubuntu/workspace/dbeach/labs/lab_9/api/getPetInfo.php on line 4
[01-Dec-2017 20:49:05 UTC] PHP Stack trace:
[01-Dec-2017 20:49:05 UTC] PHP   1. {main}() /home/ubuntu/workspace/dbeach/labs/lab_9/api/getPetInfo.php:0
[01-Dec-2017 20:49:07 UTC] PHP Warning:  include(../../../inc/dbConnection.php): failed to open stream: No such file or directory in /home/ubuntu/workspace/dbeach/labs/lab_9/api/getPetInfo.php on line 3
[01-Dec-2017 20:49:07 UTC] PHP Stack trace:
[01-Dec-2017 20:49:07 UTC] PHP   1. {main}() /home/ubuntu/workspace/dbeach/labs/lab_9/api/getPetInfo.php:0
[01-Dec-2017 20:49:07 UTC] PHP Warning:  include(): Failed opening '../../../inc/dbConnection.php' for inclusion (include_path='.:/usr/share/php:/usr/share/pear') in /home/ubuntu/workspace/dbeach/labs/lab_9/api/getPetInfo.php on line 3
[01-Dec-2017 20:49:07 UTC] PHP Stack trace:
[01-Dec-2017 20:49:07 UTC] PHP   1. {main}() /home/ubuntu/workspace/dbeach/labs/lab_9/api/getPetInfo.php:0
[01-Dec-2017 20:49:07 UTC] PHP Fatal error:  Call to undefined function getDBConnection() in /home/ubuntu/workspace/dbeach/labs/lab_9/api/getPetInfo.php on line 4
[01-Dec-2017 20:49:07 UTC] PHP Stack trace:
[01-Dec-2017 20:49:07 UTC] PHP   1. {main}() /home/ubuntu/workspace/dbeach/labs/lab_9/api/getPetInfo.php:0
[01-Dec-2017 20:49:09 UTC] PHP Warning:  include(../../../inc/dbConnection.php): failed to open stream: No such file or directory in /home/ubuntu/workspace/dbeach/labs/lab_9/api/getPetInfo.php on line 3
[01-Dec-2017 20:49:09 UTC] PHP Stack trace:
[01-Dec-2017 20:49:09 UTC] PHP   1. {main}() /home/ubuntu/workspace/dbeach/labs/lab_9/api/getPetInfo.php:0
[01-Dec-2017 20:49:09 UTC] PHP Warning:  include(): Failed opening '../../../inc/dbConnection.php' for inclusion (include_path='.:/usr/share/php:/usr/share/pear') in /home/ubuntu/workspace/dbeach/labs/lab_9/api/getPetInfo.php on line 3
[01-Dec-2017 20:49:09 UTC] PHP Stack trace:
[01-Dec-2017 20:49:09 UTC] PHP   1. {main}() /home/ubuntu/workspace/dbeach/labs/lab_9/api/getPetInfo.php:0
[01-Dec-2017 20:49:09 UTC] PHP Fatal error:  Call to undefined function getDBConnection() in /home/ubuntu/workspace/dbeach/labs/lab_9/api/getPetInfo.php on line 4
[01-Dec-2017 20:49:09 UTC] PHP Stack trace:
[01-Dec-2017 20:49:09 UTC] PHP   1. {main}() /home/ubuntu/workspace/dbeach/labs/lab_9/api/getPetInfo.php:0
[01-Dec-2017 20:49:11 UTC] PHP Warning:  include(../../../inc/dbConnection.php): failed to open stream: No such file or directory in /home/ubuntu/workspace/dbeach/labs/lab_9/api/getPetInfo.php on line 3
[01-Dec-2017 20:49:11 UTC] PHP Stack trace:
[01-Dec-2017 20:49:11 UTC] PHP   1. {main}() /home/ubuntu/workspace/dbeach/labs/lab_9/api/getPetInfo.php:0
[01-Dec-2017 20:49:11 UTC] PHP Warning:  include(): Failed opening '../../../inc/dbConnection.php' for inclusion (include_path='.:/usr/share/php:/usr/share/pear') in /home/ubuntu/workspace/dbeach/labs/lab_9/api/getPetInfo.php on line 3
[01-Dec-2017 20:49:11 UTC] PHP Stack trace:
[01-Dec-2017 20:49:11 UTC] PHP   1. {main}() /home/ubuntu/workspace/dbeach/labs/lab_9/api/getPetInfo.php:0
[01-Dec-2017 20:49:11 UTC] PHP Fatal error:  Call to undefined function getDBConnection() in /home/ubuntu/workspace/dbeach/labs/lab_9/api/getPetInfo.php on line 4
[01-Dec-2017 20:49:11 UTC] PHP Stack trace:
[01-Dec-2017 20:49:11 UTC] PHP   1. {main}() /home/ubuntu/workspace/dbeach/labs/lab_9/api/getPetInfo.php:0
[01-Dec-2017 20:49:38 UTC] PHP Warning:  include(../../../inc/dbConnection.php): failed to open stream: No such file or directory in /home/ubuntu/workspace/dbeach/labs/lab_9/api/getPetInfo.php on line 3
[01-Dec-2017 20:49:38 UTC] PHP Stack trace:
[01-Dec-2017 20:49:38 UTC] PHP   1. {main}() /home/ubuntu/workspace/dbeach/labs/lab_9/api/getPetInfo.php:0
[01-Dec-2017 20:49:38 UTC] PHP Warning:  include(): Failed opening '../../../inc/dbConnection.php' for inclusion (include_path='.:/usr/share/php:/usr/share/pear') in /home/ubuntu/workspace/dbeach/labs/lab_9/api/getPetInfo.php on line 3
[01-Dec-2017 20:49:38 UTC] PHP Stack trace:
[01-Dec-2017 20:49:38 UTC] PHP   1. {main}() /home/ubuntu/workspace/dbeach/labs/lab_9/api/getPetInfo.php:0
[01-Dec-2017 20:49:38 UTC] PHP Fatal error:  Call to undefined function getDBConnection() in /home/ubuntu/workspace/dbeach/labs/lab_9/api/getPetInfo.php on line 4
[01-Dec-2017 20:49:38 UTC] PHP Stack trace:
[01-Dec-2017 20:49:38 UTC] PHP   1. {main}() /home/ubuntu/workspace/dbeach/labs/lab_9/api/getPetInfo.php:0
[01-Dec-2017 20:49:41 UTC] PHP Warning:  include(../../../inc/dbConnection.php): failed to open stream: No such file or directory in /home/ubuntu/workspace/dbeach/labs/lab_9/api/getPetInfo.php on line 3
[01-Dec-2017 20:49:41 UTC] PHP Stack trace:
[01-Dec-2017 20:49:41 UTC] PHP   1. {main}() /home/ubuntu/workspace/dbeach/labs/lab_9/api/getPetInfo.php:0
[01-Dec-2017 20:49:41 UTC] PHP Warning:  include(): Failed opening '../../../inc/dbConnection.php' for inclusion (include_path='.:/usr/share/php:/usr/share/pear') in /home/ubuntu/workspace/dbeach/labs/lab_9/api/getPetInfo.php on line 3
[01-Dec-2017 20:49:41 UTC] PHP Stack trace:
[01-Dec-2017 20:49:41 UTC] PHP   1. {main}() /home/ubuntu/workspace/dbeach/labs/lab_9/api/getPetInfo.php:0
[01-Dec-2017 20:49:41 UTC] PHP Fatal error:  Call to undefined function getDBConnection() in /home/ubuntu/workspace/dbeach/labs/lab_9/api/getPetInfo.php on line 4
[01-Dec-2017 20:49:41 UTC] PHP Stack trace:
[01-Dec-2017 20:49:41 UTC] PHP   1. {main}() /home/ubuntu/workspace/dbeach/labs/lab_9/api/getPetInfo.php:0
[01-Dec-2017 20:49:45 UTC] PHP Warning:  include(../../../inc/dbConnection.php): failed to open stream: No such file or directory in /home/ubuntu/workspace/dbeach/labs/lab_9/api/getPetInfo.php on line 3
[01-Dec-2017 20:49:45 UTC] PHP Stack trace:
[01-Dec-2017 20:49:45 UTC] PHP   1. {main}() /home/ubuntu/workspace/dbeach/labs/lab_9/api/getPetInfo.php:0
[01-Dec-2017 20:49:45 UTC] PHP Warning:  include(): Failed opening '../../../inc/dbConnection.php' for inclusion (include_path='.:/usr/share/php:/usr/share/pear') in /home/ubuntu/workspace/dbeach/labs/lab_9/api/getPetInfo.php on line 3
[01-Dec-2017 20:49:45 UTC] PHP Stack trace:
[01-Dec-2017 20:49:45 UTC] PHP   1. {main}() /home/ubuntu/workspace/dbeach/labs/lab_9/api/getPetInfo.php:0
[01-Dec-2017 20:49:45 UTC] PHP Fatal error:  Call to undefined function getDBConnection() in /home/ubuntu/workspace/dbeach/labs/lab_9/api/getPetInfo.php on line 4
[01-Dec-2017 20:49:45 UTC] PHP Stack trace:
[01-Dec-2017 20:49:45 UTC] PHP   1. {main}() /home/ubuntu/workspace/dbeach/labs/lab_9/api/getPetInfo.php:0
[01-Dec-2017 20:49:48 UTC] PHP Warning:  include(../../../inc/dbConnection.php): failed to open stream: No such file or directory in /home/ubuntu/workspace/dbeach/labs/lab_9/api/getPetInfo.php on line 3
[01-Dec-2017 20:49:48 UTC] PHP Stack trace:
[01-Dec-2017 20:49:48 UTC] PHP   1. {main}() /home/ubuntu/workspace/dbeach/labs/lab_9/api/getPetInfo.php:0
[01-Dec-2017 20:49:48 UTC] PHP Warning:  include(): Failed opening '../../../inc/dbConnection.php' for inclusion (include_path='.:/usr/share/php:/usr/share/pear') in /home/ubuntu/workspace/dbeach/labs/lab_9/api/getPetInfo.php on line 3
[01-Dec-2017 20:49:48 UTC] PHP Stack trace:
[01-Dec-2017 20:49:48 UTC] PHP   1. {main}() /home/ubuntu/workspace/dbeach/labs/lab_9/api/getPetInfo.php:0
[01-Dec-2017 20:49:48 UTC] PHP Fatal error:  Call to undefined function getDBConnection() in /home/ubuntu/workspace/dbeach/labs/lab_9/api/getPetInfo.php on line 4
[01-Dec-2017 20:49:48 UTC] PHP Stack trace:
[01-Dec-2017 20:49:48 UTC] PHP   1. {main}() /home/ubuntu/workspace/dbeach/labs/lab_9/api/getPetInfo.php:0
[01-Dec-2017 20:49:55 UTC] PHP Warning:  include(../../../inc/dbConnection.php): failed to open stream: No such file or directory in /home/ubuntu/workspace/dbeach/labs/lab_9/api/getPetInfo.php on line 3
[01-Dec-2017 20:49:55 UTC] PHP Stack trace:
[01-Dec-2017 20:49:55 UTC] PHP   1. {main}() /home/ubuntu/workspace/dbeach/labs/lab_9/api/getPetInfo.php:0
[01-Dec-2017 20:49:55 UTC] PHP Warning:  include(): Failed opening '../../../inc/dbConnection.php' for inclusion (include_path='.:/usr/share/php:/usr/share/pear') in /home/ubuntu/workspace/dbeach/labs/lab_9/api/getPetInfo.php on line 3
[01-Dec-2017 20:49:55 UTC] PHP Stack trace:
[01-Dec-2017 20:49:55 UTC] PHP   1. {main}() /home/ubuntu/workspace/dbeach/labs/lab_9/api/getPetInfo.php:0
[01-Dec-2017 20:49:55 UTC] PHP Fatal error:  Call to undefined function getDBConnection() in /home/ubuntu/workspace/dbeach/labs/lab_9/api/getPetInfo.php on line 4
[01-Dec-2017 20:49:55 UTC] PHP Stack trace:
[01-Dec-2017 20:49:55 UTC] PHP   1. {main}() /home/ubuntu/workspace/dbeach/labs/lab_9/api/getPetInfo.php:0
[01-Dec-2017 20:50:01 UTC] PHP Warning:  include(../../../inc/dbConnection.php): failed to open stream: No such file or directory in /home/ubuntu/workspace/dbeach/labs/lab_9/api/getPetInfo.php on line 3
[01-Dec-2017 20:50:01 UTC] PHP Stack trace:
[01-Dec-2017 20:50:01 UTC] PHP   1. {main}() /home/ubuntu/workspace/dbeach/labs/lab_9/api/getPetInfo.php:0
[01-Dec-2017 20:50:01 UTC] PHP Warning:  include(): Failed opening '../../../inc/dbConnection.php' for inclusion (include_path='.:/usr/share/php:/usr/share/pear') in /home/ubuntu/workspace/dbeach/labs/lab_9/api/getPetInfo.php on line 3
[01-Dec-2017 20:50:01 UTC] PHP Stack trace:
[01-Dec-2017 20:50:01 UTC] PHP   1. {main}() /home/ubuntu/workspace/dbeach/labs/lab_9/api/getPetInfo.php:0
[01-Dec-2017 20:50:01 UTC] PHP Fatal error:  Call to undefined function getDBConnection() in /home/ubuntu/workspace/dbeach/labs/lab_9/api/getPetInfo.php on line 4
[01-Dec-2017 20:50:01 UTC] PHP Stack trace:
[01-Dec-2017 20:50:01 UTC] PHP   1. {main}() /home/ubuntu/workspace/dbeach/labs/lab_9/api/getPetInfo.php:0
[01-Dec-2017 20:50:55 UTC] PHP Warning:  include(../../../inc/dbConnection.php): failed to open stream: No such file or directory in /home/ubuntu/workspace/dbeach/labs/lab_9/api/getPetInfo.php on line 3
[01-Dec-2017 20:50:55 UTC] PHP Stack trace:
[01-Dec-2017 20:50:55 UTC] PHP   1. {main}() /home/ubuntu/workspace/dbeach/labs/lab_9/api/getPetInfo.php:0
[01-Dec-2017 20:50:55 UTC] PHP Warning:  include(): Failed opening '../../../inc/dbConnection.php' for inclusion (include_path='.:/usr/share/php:/usr/share/pear') in /home/ubuntu/workspace/dbeach/labs/lab_9/api/getPetInfo.php on line 3
[01-Dec-2017 20:50:55 UTC] PHP Stack trace:
[01-Dec-2017 20:50:55 UTC] PHP   1. {main}() /home/ubuntu/workspace/dbeach/labs/lab_9/api/getPetInfo.php:0
[01-Dec-2017 20:50:55 UTC] PHP Fatal error:  Call to undefined function getDBConnection() in /home/ubuntu/workspace/dbeach/labs/lab_9/api/getPetInfo.php on line 4
[01-Dec-2017 20:50:55 UTC] PHP Stack trace:
[01-Dec-2017 20:50:55 UTC] PHP   1. {main}() /home/ubuntu/workspace/dbeach/labs/lab_9/api/getPetInfo.php:0
[01-Dec-2017 20:50:57 UTC] PHP Warning:  include(../../../inc/dbConnection.php): failed to open stream: No such file or directory in /home/ubuntu/workspace/dbeach/labs/lab_9/api/getPetInfo.php on line 3
[01-Dec-2017 20:50:57 UTC] PHP Stack trace:
[01-Dec-2017 20:50:57 UTC] PHP   1. {main}() /home/ubuntu/workspace/dbeach/labs/lab_9/api/getPetInfo.php:0
[01-Dec-2017 20:50:57 UTC] PHP Warning:  include(): Failed opening '../../../inc/dbConnection.php' for inclusion (include_path='.:/usr/share/php:/usr/share/pear') in /home/ubuntu/workspace/dbeach/labs/lab_9/api/getPetInfo.php on line 3
[01-Dec-2017 20:50:57 UTC] PHP Stack trace:
[01-Dec-2017 20:50:57 UTC] PHP   1. {main}() /home/ubuntu/workspace/dbeach/labs/lab_9/api/getPetInfo.php:0
[01-Dec-2017 20:50:57 UTC] PHP Fatal error:  Call to undefined function getDBConnection() in /home/ubuntu/workspace/dbeach/labs/lab_9/api/getPetInfo.php on line 4
[01-Dec-2017 20:50:57 UTC] PHP Stack trace:
[01-Dec-2017 20:50:57 UTC] PHP   1. {main}() /home/ubuntu/workspace/dbeach/labs/lab_9/api/getPetInfo.php:0
[01-Dec-2017 20:52:47 UTC] PHP Warning:  include(../../../inc/dbConnection.php): failed to open stream: No such file or directory in /home/ubuntu/workspace/dbeach/labs/lab_9/api/getPetInfo.php on line 3
[01-Dec-2017 20:52:47 UTC] PHP Stack trace:
[01-Dec-2017 20:52:47 UTC] PHP   1. {main}() /home/ubuntu/workspace/dbeach/labs/lab_9/api/getPetInfo.php:0
[01-Dec-2017 20:52:47 UTC] PHP Warning:  include(): Failed opening '../../../inc/dbConnection.php' for inclusion (include_path='.:/usr/share/php:/usr/share/pear') in /home/ubuntu/workspace/dbeach/labs/lab_9/api/getPetInfo.php on line 3
[01-Dec-2017 20:52:47 UTC] PHP Stack trace:
[01-Dec-2017 20:52:47 UTC] PHP   1. {main}() /home/ubuntu/workspace/dbeach/labs/lab_9/api/getPetInfo.php:0
[01-Dec-2017 20:52:47 UTC] PHP Fatal error:  Call to undefined function getDBConnection() in /home/ubuntu/workspace/dbeach/labs/lab_9/api/getPetInfo.php on line 4
[01-Dec-2017 20:52:47 UTC] PHP Stack trace:
[01-Dec-2017 20:52:47 UTC] PHP   1. {main}() /home/ubuntu/workspace/dbeach/labs/lab_9/api/getPetInfo.php:0
[01-Dec-2017 20:53:00 UTC] PHP Warning:  include(../../../inc/dbConnection.php): failed to open stream: No such file or directory in /home/ubuntu/workspace/dbeach/labs/lab_9/api/getPetInfo.php on line 3
[01-Dec-2017 20:53:00 UTC] PHP Stack trace:
[01-Dec-2017 20:53:00 UTC] PHP   1. {main}() /home/ubuntu/workspace/dbeach/labs/lab_9/api/getPetInfo.php:0
[01-Dec-2017 20:53:00 UTC] PHP Warning:  include(): Failed opening '../../../inc/dbConnection.php' for inclusion (include_path='.:/usr/share/php:/usr/share/pear') in /home/ubuntu/workspace/dbeach/labs/lab_9/api/getPetInfo.php on line 3
[01-Dec-2017 20:53:00 UTC] PHP Stack trace:
[01-Dec-2017 20:53:00 UTC] PHP   1. {main}() /home/ubuntu/workspace/dbeach/labs/lab_9/api/getPetInfo.php:0
[01-Dec-2017 20:53:00 UTC] PHP Fatal error:  Call to undefined function getDBConnection() in /home/ubuntu/workspace/dbeach/labs/lab_9/api/getPetInfo.php on line 4
[01-Dec-2017 20:53:00 UTC] PHP Stack trace:
[01-Dec-2017 20:53:00 UTC] PHP   1. {main}() /home/ubuntu/workspace/dbeach/labs/lab_9/api/getPetInfo.php:0
[01-Dec-2017 20:56:53 UTC] PHP Warning:  include(../../../inc/dbConnection.php): failed to open stream: No such file or directory in /home/ubuntu/workspace/dbeach/labs/lab_9/api/getPetInfo.php on line 3
[01-Dec-2017 20:56:53 UTC] PHP Stack trace:
[01-Dec-2017 20:56:53 UTC] PHP   1. {main}() /home/ubuntu/workspace/dbeach/labs/lab_9/api/getPetInfo.php:0
[01-Dec-2017 20:56:53 UTC] PHP Warning:  include(): Failed opening '../../../inc/dbConnection.php' for inclusion (include_path='.:/usr/share/php:/usr/share/pear') in /home/ubuntu/workspace/dbeach/labs/lab_9/api/getPetInfo.php on line 3
[01-Dec-2017 20:56:53 UTC] PHP Stack trace:
[01-Dec-2017 20:56:53 UTC] PHP   1. {main}() /home/ubuntu/workspace/dbeach/labs/lab_9/api/getPetInfo.php:0
[01-Dec-2017 20:56:53 UTC] PHP Fatal error:  Call to undefined function getDBConnection() in /home/ubuntu/workspace/dbeach/labs/lab_9/api/getPetInfo.php on line 4
[01-Dec-2017 20:56:53 UTC] PHP Stack trace:
[01-Dec-2017 20:56:53 UTC] PHP   1. {main}() /home/ubuntu/workspace/dbeach/labs/lab_9/api/getPetInfo.php:0
[01-Dec-2017 20:56:55 UTC] PHP Warning:  include(../../../inc/dbConnection.php): failed to open stream: No such file or directory in /home/ubuntu/workspace/dbeach/labs/lab_9/api/getPetInfo.php on line 3
[01-Dec-2017 20:56:55 UTC] PHP Stack trace:
[01-Dec-2017 20:56:55 UTC] PHP   1. {main}() /home/ubuntu/workspace/dbeach/labs/lab_9/api/getPetInfo.php:0
[01-Dec-2017 20:56:55 UTC] PHP Warning:  include(): Failed opening '../../../inc/dbConnection.php' for inclusion (include_path='.:/usr/share/php:/usr/share/pear') in /home/ubuntu/workspace/dbeach/labs/lab_9/api/getPetInfo.php on line 3
[01-Dec-2017 20:56:55 UTC] PHP Stack trace:
[01-Dec-2017 20:56:55 UTC] PHP   1. {main}() /home/ubuntu/workspace/dbeach/labs/lab_9/api/getPetInfo.php:0
[01-Dec-2017 20:56:55 UTC] PHP Fatal error:  Call to undefined function getDBConnection() in /home/ubuntu/workspace/dbeach/labs/lab_9/api/getPetInfo.php on line 4
[01-Dec-2017 20:56:55 UTC] PHP Stack trace:
[01-Dec-2017 20:56:55 UTC] PHP   1. {main}() /home/ubuntu/workspace/dbeach/labs/lab_9/api/getPetInfo.php:0
[01-Dec-2017 20:56:57 UTC] PHP Warning:  include(../../../inc/dbConnection.php): failed to open stream: No such file or directory in /home/ubuntu/workspace/dbeach/labs/lab_9/api/getPetInfo.php on line 3
[01-Dec-2017 20:56:57 UTC] PHP Stack trace:
[01-Dec-2017 20:56:57 UTC] PHP   1. {main}() /home/ubuntu/workspace/dbeach/labs/lab_9/api/getPetInfo.php:0
[01-Dec-2017 20:56:57 UTC] PHP Warning:  include(): Failed opening '../../../inc/dbConnection.php' for inclusion (include_path='.:/usr/share/php:/usr/share/pear') in /home/ubuntu/workspace/dbeach/labs/lab_9/api/getPetInfo.php on line 3
[01-Dec-2017 20:56:57 UTC] PHP Stack trace:
[01-Dec-2017 20:56:57 UTC] PHP   1. {main}() /home/ubuntu/workspace/dbeach/labs/lab_9/api/getPetInfo.php:0
[01-Dec-2017 20:56:57 UTC] PHP Fatal error:  Call to undefined function getDBConnection() in /home/ubuntu/workspace/dbeach/labs/lab_9/api/getPetInfo.php on line 4
[01-Dec-2017 20:56:57 UTC] PHP Stack trace:
[01-Dec-2017 20:56:57 UTC] PHP   1. {main}() /home/ubuntu/workspace/dbeach/labs/lab_9/api/getPetInfo.php:0
[01-Dec-2017 20:57:07 UTC] PHP Warning:  include(../../../inc/dbConnection.php): failed to open stream: No such file or directory in /home/ubuntu/workspace/dbeach/labs/lab_9/api/getPetInfo.php on line 3
[01-Dec-2017 20:57:07 UTC] PHP Stack trace:
[01-Dec-2017 20:57:07 UTC] PHP   1. {main}() /home/ubuntu/workspace/dbeach/labs/lab_9/api/getPetInfo.php:0
[01-Dec-2017 20:57:07 UTC] PHP Warning:  include(): Failed opening '../../../inc/dbConnection.php' for inclusion (include_path='.:/usr/share/php:/usr/share/pear') in /home/ubuntu/workspace/dbeach/labs/lab_9/api/getPetInfo.php on line 3
[01-Dec-2017 20:57:07 UTC] PHP Stack trace:
[01-Dec-2017 20:57:07 UTC] PHP   1. {main}() /home/ubuntu/workspace/dbeach/labs/lab_9/api/getPetInfo.php:0
[01-Dec-2017 20:57:07 UTC] PHP Fatal error:  Call to undefined function getDBConnection() in /home/ubuntu/workspace/dbeach/labs/lab_9/api/getPetInfo.php on line 4
[01-Dec-2017 20:57:07 UTC] PHP Stack trace:
[01-Dec-2017 20:57:07 UTC] PHP   1. {main}() /home/ubuntu/workspace/dbeach/labs/lab_9/api/getPetInfo.php:0
[01-Dec-2017 21:03:06 UTC] PHP Warning:  include(../../../inc/dbConnection.php): failed to open stream: No such file or directory in /home/ubuntu/workspace/dbeach/labs/lab_9/api/getPetInfo.php on line 3
[01-Dec-2017 21:03:06 UTC] PHP Stack trace:
[01-Dec-2017 21:03:06 UTC] PHP   1. {main}() /home/ubuntu/workspace/dbeach/labs/lab_9/api/getPetInfo.php:0
[01-Dec-2017 21:03:06 UTC] PHP Warning:  include(): Failed opening '../../../inc/dbConnection.php' for inclusion (include_path='.:/usr/share/php:/usr/share/pear') in /home/ubuntu/workspace/dbeach/labs/lab_9/api/getPetInfo.php on line 3
[01-Dec-2017 21:03:06 UTC] PHP Stack trace:
[01-Dec-2017 21:03:06 UTC] PHP   1. {main}() /home/ubuntu/workspace/dbeach/labs/lab_9/api/getPetInfo.php:0
[01-Dec-2017 21:03:06 UTC] PHP Fatal error:  Call to undefined function getDBConnection() in /home/ubuntu/workspace/dbeach/labs/lab_9/api/getPetInfo.php on line 4
[01-Dec-2017 21:03:06 UTC] PHP Stack trace:
[01-Dec-2017 21:03:06 UTC] PHP   1. {main}() /home/ubuntu/workspace/dbeach/labs/lab_9/api/getPetInfo.php:0
[01-Dec-2017 21:03:29 UTC] PHP Warning:  include(../../../inc/dbConnection.php): failed to open stream: No such file or directory in /home/ubuntu/workspace/dbeach/labs/lab_9/api/getPetInfo.php on line 3
[01-Dec-2017 21:03:29 UTC] PHP Stack trace:
[01-Dec-2017 21:03:29 UTC] PHP   1. {main}() /home/ubuntu/workspace/dbeach/labs/lab_9/api/getPetInfo.php:0
[01-Dec-2017 21:03:29 UTC] PHP Warning:  include(): Failed opening '../../../inc/dbConnection.php' for inclusion (include_path='.:/usr/share/php:/usr/share/pear') in /home/ubuntu/workspace/dbeach/labs/lab_9/api/getPetInfo.php on line 3
[01-Dec-2017 21:03:29 UTC] PHP Stack trace:
[01-Dec-2017 21:03:29 UTC] PHP   1. {main}() /home/ubuntu/workspace/dbeach/labs/lab_9/api/getPetInfo.php:0
[01-Dec-2017 21:03:29 UTC] PHP Fatal error:  Call to undefined function getDBConnection() in /home/ubuntu/workspace/dbeach/labs/lab_9/api/getPetInfo.php on line 4
[01-Dec-2017 21:03:29 UTC] PHP Stack trace:
[01-Dec-2017 21:03:29 UTC] PHP   1. {main}() /home/ubuntu/workspace/dbeach/labs/lab_9/api/getPetInfo.php:0
[01-Dec-2017 21:03:31 UTC] PHP Warning:  include(../../../inc/dbConnection.php): failed to open stream: No such file or directory in /home/ubuntu/workspace/dbeach/labs/lab_9/api/getPetInfo.php on line 3
[01-Dec-2017 21:03:31 UTC] PHP Stack trace:
[01-Dec-2017 21:03:31 UTC] PHP   1. {main}() /home/ubuntu/workspace/dbeach/labs/lab_9/api/getPetInfo.php:0
[01-Dec-2017 21:03:31 UTC] PHP Warning:  include(): Failed opening '../../../inc/dbConnection.php' for inclusion (include_path='.:/usr/share/php:/usr/share/pear') in /home/ubuntu/workspace/dbeach/labs/lab_9/api/getPetInfo.php on line 3
[01-Dec-2017 21:03:31 UTC] PHP Stack trace:
[01-Dec-2017 21:03:31 UTC] PHP   1. {main}() /home/ubuntu/workspace/dbeach/labs/lab_9/api/getPetInfo.php:0
[01-Dec-2017 21:03:31 UTC] PHP Fatal error:  Call to undefined function getDBConnection() in /home/ubuntu/workspace/dbeach/labs/lab_9/api/getPetInfo.php on line 4
[01-Dec-2017 21:03:31 UTC] PHP Stack trace:
[01-Dec-2017 21:03:31 UTC] PHP   1. {main}() /home/ubuntu/workspace/dbeach/labs/lab_9/api/getPetInfo.php:0
[01-Dec-2017 21:03:34 UTC] PHP Warning:  include(../../../inc/dbConnection.php): failed to open stream: No such file or directory in /home/ubuntu/workspace/dbeach/labs/lab_9/api/getPetInfo.php on line 3
[01-Dec-2017 21:03:34 UTC] PHP Stack trace:
[01-Dec-2017 21:03:34 UTC] PHP   1. {main}() /home/ubuntu/workspace/dbeach/labs/lab_9/api/getPetInfo.php:0
[01-Dec-2017 21:03:34 UTC] PHP Warning:  include(): Failed opening '../../../inc/dbConnection.php' for inclusion (include_path='.:/usr/share/php:/usr/share/pear') in /home/ubuntu/workspace/dbeach/labs/lab_9/api/getPetInfo.php on line 3
[01-Dec-2017 21:03:34 UTC] PHP Stack trace:
[01-Dec-2017 21:03:34 UTC] PHP   1. {main}() /home/ubuntu/workspace/dbeach/labs/lab_9/api/getPetInfo.php:0
[01-Dec-2017 21:03:34 UTC] PHP Fatal error:  Call to undefined function getDBConnection() in /home/ubuntu/workspace/dbeach/labs/lab_9/api/getPetInfo.php on line 4
[01-Dec-2017 21:03:34 UTC] PHP Stack trace:
[01-Dec-2017 21:03:34 UTC] PHP   1. {main}() /home/ubuntu/workspace/dbeach/labs/lab_9/api/getPetInfo.php:0
[01-Dec-2017 21:03:41 UTC] PHP Warning:  include(../../../inc/dbConnection.php): failed to open stream: No such file or directory in /home/ubuntu/workspace/dbeach/labs/lab_9/api/getPetInfo.php on line 3
[01-Dec-2017 21:03:41 UTC] PHP Stack trace:
[01-Dec-2017 21:03:41 UTC] PHP   1. {main}() /home/ubuntu/workspace/dbeach/labs/lab_9/api/getPetInfo.php:0
[01-Dec-2017 21:03:41 UTC] PHP Warning:  include(): Failed opening '../../../inc/dbConnection.php' for inclusion (include_path='.:/usr/share/php:/usr/share/pear') in /home/ubuntu/workspace/dbeach/labs/lab_9/api/getPetInfo.php on line 3
[01-Dec-2017 21:03:41 UTC] PHP Stack trace:
[01-Dec-2017 21:03:41 UTC] PHP   1. {main}() /home/ubuntu/workspace/dbeach/labs/lab_9/api/getPetInfo.php:0
[01-Dec-2017 21:03:41 UTC] PHP Fatal error:  Call to undefined function getDBConnection() in /home/ubuntu/workspace/dbeach/labs/lab_9/api/getPetInfo.php on line 4
[01-Dec-2017 21:03:41 UTC] PHP Stack trace:
[01-Dec-2017 21:03:41 UTC] PHP   1. {main}() /home/ubuntu/workspace/dbeach/labs/lab_9/api/getPetInfo.php:0
[01-Dec-2017 21:03:43 UTC] PHP Warning:  include(../../../inc/dbConnection.php): failed to open stream: No such file or directory in /home/ubuntu/workspace/dbeach/labs/lab_9/api/getPetInfo.php on line 3
[01-Dec-2017 21:03:43 UTC] PHP Stack trace:
[01-Dec-2017 21:03:43 UTC] PHP   1. {main}() /home/ubuntu/workspace/dbeach/labs/lab_9/api/getPetInfo.php:0
[01-Dec-2017 21:03:43 UTC] PHP Warning:  include(): Failed opening '../../../inc/dbConnection.php' for inclusion (include_path='.:/usr/share/php:/usr/share/pear') in /home/ubuntu/workspace/dbeach/labs/lab_9/api/getPetInfo.php on line 3
[01-Dec-2017 21:03:43 UTC] PHP Stack trace:
[01-Dec-2017 21:03:43 UTC] PHP   1. {main}() /home/ubuntu/workspace/dbeach/labs/lab_9/api/getPetInfo.php:0
[01-Dec-2017 21:03:43 UTC] PHP Fatal error:  Call to undefined function getDBConnection() in /home/ubuntu/workspace/dbeach/labs/lab_9/api/getPetInfo.php on line 4
[01-Dec-2017 21:03:43 UTC] PHP Stack trace:
[01-Dec-2017 21:03:43 UTC] PHP   1. {main}() /home/ubuntu/workspace/dbeach/labs/lab_9/api/getPetInfo.php:0
[01-Dec-2017 21:03:53 UTC] PHP Warning:  include(../../../inc/dbConnection.php): failed to open stream: No such file or directory in /home/ubuntu/workspace/dbeach/labs/lab_9/api/getPetInfo.php on line 3
[01-Dec-2017 21:03:53 UTC] PHP Stack trace:
[01-Dec-2017 21:03:53 UTC] PHP   1. {main}() /home/ubuntu/workspace/dbeach/labs/lab_9/api/getPetInfo.php:0
[01-Dec-2017 21:03:53 UTC] PHP Warning:  include(): Failed opening '../../../inc/dbConnection.php' for inclusion (include_path='.:/usr/share/php:/usr/share/pear') in /home/ubuntu/workspace/dbeach/labs/lab_9/api/getPetInfo.php on line 3
[01-Dec-2017 21:03:53 UTC] PHP Stack trace:
[01-Dec-2017 21:03:53 UTC] PHP   1. {main}() /home/ubuntu/workspace/dbeach/labs/lab_9/api/getPetInfo.php:0
[01-Dec-2017 21:03:53 UTC] PHP Fatal error:  Call to undefined function getDBConnection() in /home/ubuntu/workspace/dbeach/labs/lab_9/api/getPetInfo.php on line 4
[01-Dec-2017 21:03:53 UTC] PHP Stack trace:
[01-Dec-2017 21:03:53 UTC] PHP   1. {main}() /home/ubuntu/workspace/dbeach/labs/lab_9/api/getPetInfo.php:0
[01-Dec-2017 21:05:31 UTC] PHP Warning:  include(../../../inc/dbConnection.php): failed to open stream: No such file or directory in /home/ubuntu/workspace/dbeach/labs/lab_9/api/getPetInfo.php on line 3
[01-Dec-2017 21:05:31 UTC] PHP Stack trace:
[01-Dec-2017 21:05:31 UTC] PHP   1. {main}() /home/ubuntu/workspace/dbeach/labs/lab_9/api/getPetInfo.php:0
[01-Dec-2017 21:05:31 UTC] PHP Warning:  include(): Failed opening '../../../inc/dbConnection.php' for inclusion (include_path='.:/usr/share/php:/usr/share/pear') in /home/ubuntu/workspace/dbeach/labs/lab_9/api/getPetInfo.php on line 3
[01-Dec-2017 21:05:31 UTC] PHP Stack trace:
[01-Dec-2017 21:05:31 UTC] PHP   1. {main}() /home/ubuntu/workspace/dbeach/labs/lab_9/api/getPetInfo.php:0
[01-Dec-2017 21:05:31 UTC] PHP Fatal error:  Call to undefined function getDBConnection() in /home/ubuntu/workspace/dbeach/labs/lab_9/api/getPetInfo.php on line 4
[01-Dec-2017 21:05:31 UTC] PHP Stack trace:
[01-Dec-2017 21:05:31 UTC] PHP   1. {main}() /home/ubuntu/workspace/dbeach/labs/lab_9/api/getPetInfo.php:0
[01-Dec-2017 21:05:33 UTC] PHP Warning:  include(../../../inc/dbConnection.php): failed to open stream: No such file or directory in /home/ubuntu/workspace/dbeach/labs/lab_9/api/getPetInfo.php on line 3
[01-Dec-2017 21:05:33 UTC] PHP Stack trace:
[01-Dec-2017 21:05:33 UTC] PHP   1. {main}() /home/ubuntu/workspace/dbeach/labs/lab_9/api/getPetInfo.php:0
[01-Dec-2017 21:05:33 UTC] PHP Warning:  include(): Failed opening '../../../inc/dbConnection.php' for inclusion (include_path='.:/usr/share/php:/usr/share/pear') in /home/ubuntu/workspace/dbeach/labs/lab_9/api/getPetInfo.php on line 3
[01-Dec-2017 21:05:33 UTC] PHP Stack trace:
[01-Dec-2017 21:05:33 UTC] PHP   1. {main}() /home/ubuntu/workspace/dbeach/labs/lab_9/api/getPetInfo.php:0
[01-Dec-2017 21:05:33 UTC] PHP Fatal error:  Call to undefined function getDBConnection() in /home/ubuntu/workspace/dbeach/labs/lab_9/api/getPetInfo.php on line 4
[01-Dec-2017 21:05:33 UTC] PHP Stack trace:
[01-Dec-2017 21:05:33 UTC] PHP   1. {main}() /home/ubuntu/workspace/dbeach/labs/lab_9/api/getPetInfo.php:0
[01-Dec-2017 21:06:49 UTC] PHP Warning:  include(../../../inc/dbConnection.php): failed to open stream: No such file or directory in /home/ubuntu/workspace/dbeach/labs/lab_9/api/getPetInfo.php on line 3
[01-Dec-2017 21:06:49 UTC] PHP Stack trace:
[01-Dec-2017 21:06:49 UTC] PHP   1. {main}() /home/ubuntu/workspace/dbeach/labs/lab_9/api/getPetInfo.php:0
[01-Dec-2017 21:06:49 UTC] PHP Warning:  include(): Failed opening '../../../inc/dbConnection.php' for inclusion (include_path='.:/usr/share/php:/usr/share/pear') in /home/ubuntu/workspace/dbeach/labs/lab_9/api/getPetInfo.php on line 3
[01-Dec-2017 21:06:49 UTC] PHP Stack trace:
[01-Dec-2017 21:06:49 UTC] PHP   1. {main}() /home/ubuntu/workspace/dbeach/labs/lab_9/api/getPetInfo.php:0
[01-Dec-2017 21:06:49 UTC] PHP Fatal error:  Call to undefined function getDBConnection() in /home/ubuntu/workspace/dbeach/labs/lab_9/api/getPetInfo.php on line 4
[01-Dec-2017 21:06:49 UTC] PHP Stack trace:
[01-Dec-2017 21:06:49 UTC] PHP   1. {main}() /home/ubuntu/workspace/dbeach/labs/lab_9/api/getPetInfo.php:0
[01-Dec-2017 21:06:51 UTC] PHP Warning:  include(../../../inc/dbConnection.php): failed to open stream: No such file or directory in /home/ubuntu/workspace/dbeach/labs/lab_9/api/getPetInfo.php on line 3
[01-Dec-2017 21:06:51 UTC] PHP Stack trace:
[01-Dec-2017 21:06:51 UTC] PHP   1. {main}() /home/ubuntu/workspace/dbeach/labs/lab_9/api/getPetInfo.php:0
[01-Dec-2017 21:06:51 UTC] PHP Warning:  include(): Failed opening '../../../inc/dbConnection.php' for inclusion (include_path='.:/usr/share/php:/usr/share/pear') in /home/ubuntu/workspace/dbeach/labs/lab_9/api/getPetInfo.php on line 3
[01-Dec-2017 21:06:51 UTC] PHP Stack trace:
[01-Dec-2017 21:06:51 UTC] PHP   1. {main}() /home/ubuntu/workspace/dbeach/labs/lab_9/api/getPetInfo.php:0
[01-Dec-2017 21:06:51 UTC] PHP Fatal error:  Call to undefined function getDBConnection() in /home/ubuntu/workspace/dbeach/labs/lab_9/api/getPetInfo.php on line 4
[01-Dec-2017 21:06:51 UTC] PHP Stack trace:
[01-Dec-2017 21:06:51 UTC] PHP   1. {main}() /home/ubuntu/workspace/dbeach/labs/lab_9/api/getPetInfo.php:0
[01-Dec-2017 21:06:53 UTC] PHP Warning:  include(../../../inc/dbConnection.php): failed to open stream: No such file or directory in /home/ubuntu/workspace/dbeach/labs/lab_9/api/getPetInfo.php on line 3
[01-Dec-2017 21:06:53 UTC] PHP Stack trace:
[01-Dec-2017 21:06:53 UTC] PHP   1. {main}() /home/ubuntu/workspace/dbeach/labs/lab_9/api/getPetInfo.php:0
[01-Dec-2017 21:06:53 UTC] PHP Warning:  include(): Failed opening '../../../inc/dbConnection.php' for inclusion (include_path='.:/usr/share/php:/usr/share/pear') in /home/ubuntu/workspace/dbeach/labs/lab_9/api/getPetInfo.php on line 3
[01-Dec-2017 21:06:53 UTC] PHP Stack trace:
[01-Dec-2017 21:06:53 UTC] PHP   1. {main}() /home/ubuntu/workspace/dbeach/labs/lab_9/api/getPetInfo.php:0
[01-Dec-2017 21:06:53 UTC] PHP Fatal error:  Call to undefined function getDBConnection() in /home/ubuntu/workspace/dbeach/labs/lab_9/api/getPetInfo.php on line 4
[01-Dec-2017 21:06:53 UTC] PHP Stack trace:
[01-Dec-2017 21:06:53 UTC] PHP   1. {main}() /home/ubuntu/workspace/dbeach/labs/lab_9/api/getPetInfo.php:0
[01-Dec-2017 21:06:58 UTC] PHP Warning:  include(../../../inc/dbConnection.php): failed to open stream: No such file or directory in /home/ubuntu/workspace/dbeach/labs/lab_9/api/getPetInfo.php on line 3
[01-Dec-2017 21:06:58 UTC] PHP Stack trace:
[01-Dec-2017 21:06:58 UTC] PHP   1. {main}() /home/ubuntu/workspace/dbeach/labs/lab_9/api/getPetInfo.php:0
[01-Dec-2017 21:06:58 UTC] PHP Warning:  include(): Failed opening '../../../inc/dbConnection.php' for inclusion (include_path='.:/usr/share/php:/usr/share/pear') in /home/ubuntu/workspace/dbeach/labs/lab_9/api/getPetInfo.php on line 3
[01-Dec-2017 21:06:58 UTC] PHP Stack trace:
[01-Dec-2017 21:06:58 UTC] PHP   1. {main}() /home/ubuntu/workspace/dbeach/labs/lab_9/api/getPetInfo.php:0
[01-Dec-2017 21:06:58 UTC] PHP Fatal error:  Call to undefined function getDBConnection() in /home/ubuntu/workspace/dbeach/labs/lab_9/api/getPetInfo.php on line 4
[01-Dec-2017 21:06:58 UTC] PHP Stack trace:
[01-Dec-2017 21:06:58 UTC] PHP   1. {main}() /home/ubuntu/workspace/dbeach/labs/lab_9/api/getPetInfo.php:0
[01-Dec-2017 21:07:08 UTC] PHP Warning:  include(../../../inc/dbConnection.php): failed to open stream: No such file or directory in /home/ubuntu/workspace/dbeach/labs/lab_9/api/getPetInfo.php on line 3
[01-Dec-2017 21:07:08 UTC] PHP Stack trace:
[01-Dec-2017 21:07:08 UTC] PHP   1. {main}() /home/ubuntu/workspace/dbeach/labs/lab_9/api/getPetInfo.php:0
[01-Dec-2017 21:07:08 UTC] PHP Warning:  include(): Failed opening '../../../inc/dbConnection.php' for inclusion (include_path='.:/usr/share/php:/usr/share/pear') in /home/ubuntu/workspace/dbeach/labs/lab_9/api/getPetInfo.php on line 3
[01-Dec-2017 21:07:08 UTC] PHP Stack trace:
[01-Dec-2017 21:07:08 UTC] PHP   1. {main}() /home/ubuntu/workspace/dbeach/labs/lab_9/api/getPetInfo.php:0
[01-Dec-2017 21:07:08 UTC] PHP Fatal error:  Call to undefined function getDBConnection() in /home/ubuntu/workspace/dbeach/labs/lab_9/api/getPetInfo.php on line 4
[01-Dec-2017 21:07:08 UTC] PHP Stack trace:
[01-Dec-2017 21:07:08 UTC] PHP   1. {main}() /home/ubuntu/workspace/dbeach/labs/lab_9/api/getPetInfo.php:0
[01-Dec-2017 21:07:10 UTC] PHP Warning:  include(../../../inc/dbConnection.php): failed to open stream: No such file or directory in /home/ubuntu/workspace/dbeach/labs/lab_9/api/getPetInfo.php on line 3
[01-Dec-2017 21:07:10 UTC] PHP Stack trace:
[01-Dec-2017 21:07:10 UTC] PHP   1. {main}() /home/ubuntu/workspace/dbeach/labs/lab_9/api/getPetInfo.php:0
[01-Dec-2017 21:07:10 UTC] PHP Warning:  include(): Failed opening '../../../inc/dbConnection.php' for inclusion (include_path='.:/usr/share/php:/usr/share/pear') in /home/ubuntu/workspace/dbeach/labs/lab_9/api/getPetInfo.php on line 3
[01-Dec-2017 21:07:10 UTC] PHP Stack trace:
[01-Dec-2017 21:07:10 UTC] PHP   1. {main}() /home/ubuntu/workspace/dbeach/labs/lab_9/api/getPetInfo.php:0
[01-Dec-2017 21:07:10 UTC] PHP Fatal error:  Call to undefined function getDBConnection() in /home/ubuntu/workspace/dbeach/labs/lab_9/api/getPetInfo.php on line 4
[01-Dec-2017 21:07:10 UTC] PHP Stack trace:
[01-Dec-2017 21:07:10 UTC] PHP   1. {main}() /home/ubuntu/workspace/dbeach/labs/lab_9/api/getPetInfo.php:0
[01-Dec-2017 21:07:13 UTC] PHP Warning:  include(../../../inc/dbConnection.php): failed to open stream: No such file or directory in /home/ubuntu/workspace/dbeach/labs/lab_9/api/getPetInfo.php on line 3
[01-Dec-2017 21:07:13 UTC] PHP Stack trace:
[01-Dec-2017 21:07:13 UTC] PHP   1. {main}() /home/ubuntu/workspace/dbeach/labs/lab_9/api/getPetInfo.php:0
[01-Dec-2017 21:07:13 UTC] PHP Warning:  include(): Failed opening '../../../inc/dbConnection.php' for inclusion (include_path='.:/usr/share/php:/usr/share/pear') in /home/ubuntu/workspace/dbeach/labs/lab_9/api/getPetInfo.php on line 3
[01-Dec-2017 21:07:13 UTC] PHP Stack trace:
[01-Dec-2017 21:07:13 UTC] PHP   1. {main}() /home/ubuntu/workspace/dbeach/labs/lab_9/api/getPetInfo.php:0
[01-Dec-2017 21:07:13 UTC] PHP Fatal error:  Call to undefined function getDBConnection() in /home/ubuntu/workspace/dbeach/labs/lab_9/api/getPetInfo.php on line 4
[01-Dec-2017 21:07:13 UTC] PHP Stack trace:
[01-Dec-2017 21:07:13 UTC] PHP   1. {main}() /home/ubuntu/workspace/dbeach/labs/lab_9/api/getPetInfo.php:0
[01-Dec-2017 21:07:18 UTC] PHP Warning:  include(../../../inc/dbConnection.php): failed to open stream: No such file or directory in /home/ubuntu/workspace/dbeach/labs/lab_9/api/getPetInfo.php on line 3
[01-Dec-2017 21:07:18 UTC] PHP Stack trace:
[01-Dec-2017 21:07:18 UTC] PHP   1. {main}() /home/ubuntu/workspace/dbeach/labs/lab_9/api/getPetInfo.php:0
[01-Dec-2017 21:07:18 UTC] PHP Warning:  include(): Failed opening '../../../inc/dbConnection.php' for inclusion (include_path='.:/usr/share/php:/usr/share/pear') in /home/ubuntu/workspace/dbeach/labs/lab_9/api/getPetInfo.php on line 3
[01-Dec-2017 21:07:18 UTC] PHP Stack trace:
[01-Dec-2017 21:07:18 UTC] PHP   1. {main}() /home/ubuntu/workspace/dbeach/labs/lab_9/api/getPetInfo.php:0
[01-Dec-2017 21:07:18 UTC] PHP Fatal error:  Call to undefined function getDBConnection() in /home/ubuntu/workspace/dbeach/labs/lab_9/api/getPetInfo.php on line 4
[01-Dec-2017 21:07:18 UTC] PHP Stack trace:
[01-Dec-2017 21:07:18 UTC] PHP   1. {main}() /home/ubuntu/workspace/dbeach/labs/lab_9/api/getPetInfo.php:0
[01-Dec-2017 21:07:21 UTC] PHP Warning:  include(../../../inc/dbConnection.php): failed to open stream: No such file or directory in /home/ubuntu/workspace/dbeach/labs/lab_9/api/getPetInfo.php on line 3
[01-Dec-2017 21:07:21 UTC] PHP Stack trace:
[01-Dec-2017 21:07:21 UTC] PHP   1. {main}() /home/ubuntu/workspace/dbeach/labs/lab_9/api/getPetInfo.php:0
[01-Dec-2017 21:07:21 UTC] PHP Warning:  include(): Failed opening '../../../inc/dbConnection.php' for inclusion (include_path='.:/usr/share/php:/usr/share/pear') in /home/ubuntu/workspace/dbeach/labs/lab_9/api/getPetInfo.php on line 3
[01-Dec-2017 21:07:21 UTC] PHP Stack trace:
[01-Dec-2017 21:07:21 UTC] PHP   1. {main}() /home/ubuntu/workspace/dbeach/labs/lab_9/api/getPetInfo.php:0
[01-Dec-2017 21:07:21 UTC] PHP Fatal error:  Call to undefined function getDBConnection() in /home/ubuntu/workspace/dbeach/labs/lab_9/api/getPetInfo.php on line 4
[01-Dec-2017 21:07:21 UTC] PHP Stack trace:
[01-Dec-2017 21:07:21 UTC] PHP   1. {main}() /home/ubuntu/workspace/dbeach/labs/lab_9/api/getPetInfo.php:0
[01-Dec-2017 21:07:24 UTC] PHP Warning:  include(../../../inc/dbConnection.php): failed to open stream: No such file or directory in /home/ubuntu/workspace/dbeach/labs/lab_9/api/getPetInfo.php on line 3
[01-Dec-2017 21:07:24 UTC] PHP Stack trace:
[01-Dec-2017 21:07:24 UTC] PHP   1. {main}() /home/ubuntu/workspace/dbeach/labs/lab_9/api/getPetInfo.php:0
[01-Dec-2017 21:07:24 UTC] PHP Warning:  include(): Failed opening '../../../inc/dbConnection.php' for inclusion (include_path='.:/usr/share/php:/usr/share/pear') in /home/ubuntu/workspace/dbeach/labs/lab_9/api/getPetInfo.php on line 3
[01-Dec-2017 21:07:24 UTC] PHP Stack trace:
[01-Dec-2017 21:07:24 UTC] PHP   1. {main}() /home/ubuntu/workspace/dbeach/labs/lab_9/api/getPetInfo.php:0
[01-Dec-2017 21:07:24 UTC] PHP Fatal error:  Call to undefined function getDBConnection() in /home/ubuntu/workspace/dbeach/labs/lab_9/api/getPetInfo.php on line 4
[01-Dec-2017 21:07:24 UTC] PHP Stack trace:
[01-Dec-2017 21:07:24 UTC] PHP   1. {main}() /home/ubuntu/workspace/dbeach/labs/lab_9/api/getPetInfo.php:0
[01-Dec-2017 21:07:40 UTC] PHP Warning:  include(../../../inc/dbConnection.php): failed to open stream: No such file or directory in /home/ubuntu/workspace/dbeach/labs/lab_9/api/getPetInfo.php on line 3
[01-Dec-2017 21:07:40 UTC] PHP Stack trace:
[01-Dec-2017 21:07:40 UTC] PHP   1. {main}() /home/ubuntu/workspace/dbeach/labs/lab_9/api/getPetInfo.php:0
[01-Dec-2017 21:07:40 UTC] PHP Warning:  include(): Failed opening '../../../inc/dbConnection.php' for inclusion (include_path='.:/usr/share/php:/usr/share/pear') in /home/ubuntu/workspace/dbeach/labs/lab_9/api/getPetInfo.php on line 3
[01-Dec-2017 21:07:40 UTC] PHP Stack trace:
[01-Dec-2017 21:07:40 UTC] PHP   1. {main}() /home/ubuntu/workspace/dbeach/labs/lab_9/api/getPetInfo.php:0
[01-Dec-2017 21:07:40 UTC] PHP Fatal error:  Call to undefined function getDBConnection() in /home/ubuntu/workspace/dbeach/labs/lab_9/api/getPetInfo.php on line 4
[01-Dec-2017 21:07:40 UTC] PHP Stack trace:
[01-Dec-2017 21:07:40 UTC] PHP   1. {main}() /home/ubuntu/workspace/dbeach/labs/lab_9/api/getPetInfo.php:0
[01-Dec-2017 21:07:48 UTC] PHP Warning:  include(../../../inc/dbConnection.php): failed to open stream: No such file or directory in /home/ubuntu/workspace/dbeach/labs/lab_9/api/getPetInfo.php on line 3
[01-Dec-2017 21:07:48 UTC] PHP Stack trace:
[01-Dec-2017 21:07:48 UTC] PHP   1. {main}() /home/ubuntu/workspace/dbeach/labs/lab_9/api/getPetInfo.php:0
[01-Dec-2017 21:07:48 UTC] PHP Warning:  include(): Failed opening '../../../inc/dbConnection.php' for inclusion (include_path='.:/usr/share/php:/usr/share/pear') in /home/ubuntu/workspace/dbeach/labs/lab_9/api/getPetInfo.php on line 3
[01-Dec-2017 21:07:48 UTC] PHP Stack trace:
[01-Dec-2017 21:07:48 UTC] PHP   1. {main}() /home/ubuntu/workspace/dbeach/labs/lab_9/api/getPetInfo.php:0
[01-Dec-2017 21:07:48 UTC] PHP Fatal error:  Call to undefined function getDBConnection() in /home/ubuntu/workspace/dbeach/labs/lab_9/api/getPetInfo.php on line 4
[01-Dec-2017 21:07:48 UTC] PHP Stack trace:
[01-Dec-2017 21:07:48 UTC] PHP   1. {main}() /home/ubuntu/workspace/dbeach/labs/lab_9/api/getPetInfo.php:0
[01-Dec-2017 21:07:53 UTC] PHP Warning:  include(../../../inc/dbConnection.php): failed to open stream: No such file or directory in /home/ubuntu/workspace/dbeach/labs/lab_9/api/getPetInfo.php on line 3
[01-Dec-2017 21:07:53 UTC] PHP Stack trace:
[01-Dec-2017 21:07:53 UTC] PHP   1. {main}() /home/ubuntu/workspace/dbeach/labs/lab_9/api/getPetInfo.php:0
[01-Dec-2017 21:07:53 UTC] PHP Warning:  include(): Failed opening '../../../inc/dbConnection.php' for inclusion (include_path='.:/usr/share/php:/usr/share/pear') in /home/ubuntu/workspace/dbeach/labs/lab_9/api/getPetInfo.php on line 3
[01-Dec-2017 21:07:53 UTC] PHP Stack trace:
[01-Dec-2017 21:07:53 UTC] PHP   1. {main}() /home/ubuntu/workspace/dbeach/labs/lab_9/api/getPetInfo.php:0
[01-Dec-2017 21:07:53 UTC] PHP Fatal error:  Call to undefined function getDBConnection() in /home/ubuntu/workspace/dbeach/labs/lab_9/api/getPetInfo.php on line 4
[01-Dec-2017 21:07:53 UTC] PHP Stack trace:
[01-Dec-2017 21:07:53 UTC] PHP   1. {main}() /home/ubuntu/workspace/dbeach/labs/lab_9/api/getPetInfo.php:0
[01-Dec-2017 21:08:03 UTC] PHP Warning:  include(../../../inc/dbConnection.php): failed to open stream: No such file or directory in /home/ubuntu/workspace/dbeach/labs/lab_9/api/getPetInfo.php on line 3
[01-Dec-2017 21:08:03 UTC] PHP Stack trace:
[01-Dec-2017 21:08:03 UTC] PHP   1. {main}() /home/ubuntu/workspace/dbeach/labs/lab_9/api/getPetInfo.php:0
[01-Dec-2017 21:08:03 UTC] PHP Warning:  include(): Failed opening '../../../inc/dbConnection.php' for inclusion (include_path='.:/usr/share/php:/usr/share/pear') in /home/ubuntu/workspace/dbeach/labs/lab_9/api/getPetInfo.php on line 3
[01-Dec-2017 21:08:03 UTC] PHP Stack trace:
[01-Dec-2017 21:08:03 UTC] PHP   1. {main}() /home/ubuntu/workspace/dbeach/labs/lab_9/api/getPetInfo.php:0
[01-Dec-2017 21:08:03 UTC] PHP Fatal error:  Call to undefined function getDBConnection() in /home/ubuntu/workspace/dbeach/labs/lab_9/api/getPetInfo.php on line 4
[01-Dec-2017 21:08:03 UTC] PHP Stack trace:
[01-Dec-2017 21:08:03 UTC] PHP   1. {main}() /home/ubuntu/workspace/dbeach/labs/lab_9/api/getPetInfo.php:0
[01-Dec-2017 21:08:06 UTC] PHP Warning:  include(../../../inc/dbConnection.php): failed to open stream: No such file or directory in /home/ubuntu/workspace/dbeach/labs/lab_9/api/getPetInfo.php on line 3
[01-Dec-2017 21:08:06 UTC] PHP Stack trace:
[01-Dec-2017 21:08:06 UTC] PHP   1. {main}() /home/ubuntu/workspace/dbeach/labs/lab_9/api/getPetInfo.php:0
[01-Dec-2017 21:08:06 UTC] PHP Warning:  include(): Failed opening '../../../inc/dbConnection.php' for inclusion (include_path='.:/usr/share/php:/usr/share/pear') in /home/ubuntu/workspace/dbeach/labs/lab_9/api/getPetInfo.php on line 3
[01-Dec-2017 21:08:06 UTC] PHP Stack trace:
[01-Dec-2017 21:08:06 UTC] PHP   1. {main}() /home/ubuntu/workspace/dbeach/labs/lab_9/api/getPetInfo.php:0
[01-Dec-2017 21:08:06 UTC] PHP Fatal error:  Call to undefined function getDBConnection() in /home/ubuntu/workspace/dbeach/labs/lab_9/api/getPetInfo.php on line 4
[01-Dec-2017 21:08:06 UTC] PHP Stack trace:
[01-Dec-2017 21:08:06 UTC] PHP   1. {main}() /home/ubuntu/workspace/dbeach/labs/lab_9/api/getPetInfo.php:0
[01-Dec-2017 21:08:56 UTC] PHP Warning:  include(../../../inc/dbConnection.php): failed to open stream: No such file or directory in /home/ubuntu/workspace/dbeach/labs/lab_9/api/getPetInfo.php on line 3
[01-Dec-2017 21:08:56 UTC] PHP Stack trace:
[01-Dec-2017 21:08:56 UTC] PHP   1. {main}() /home/ubuntu/workspace/dbeach/labs/lab_9/api/getPetInfo.php:0
[01-Dec-2017 21:08:56 UTC] PHP Warning:  include(): Failed opening '../../../inc/dbConnection.php' for inclusion (include_path='.:/usr/share/php:/usr/share/pear') in /home/ubuntu/workspace/dbeach/labs/lab_9/api/getPetInfo.php on line 3
[01-Dec-2017 21:08:56 UTC] PHP Stack trace:
[01-Dec-2017 21:08:56 UTC] PHP   1. {main}() /home/ubuntu/workspace/dbeach/labs/lab_9/api/getPetInfo.php:0
[01-Dec-2017 21:08:56 UTC] PHP Fatal error:  Call to undefined function getDBConnection() in /home/ubuntu/workspace/dbeach/labs/lab_9/api/getPetInfo.php on line 4
[01-Dec-2017 21:08:56 UTC] PHP Stack trace:
[01-Dec-2017 21:08:56 UTC] PHP   1. {main}() /home/ubuntu/workspace/dbeach/labs/lab_9/api/getPetInfo.php:0
[01-Dec-2017 21:09:00 UTC] PHP Warning:  include(../../../inc/dbConnection.php): failed to open stream: No such file or directory in /home/ubuntu/workspace/dbeach/labs/lab_9/api/getPetInfo.php on line 3
[01-Dec-2017 21:09:00 UTC] PHP Stack trace:
[01-Dec-2017 21:09:00 UTC] PHP   1. {main}() /home/ubuntu/workspace/dbeach/labs/lab_9/api/getPetInfo.php:0
[01-Dec-2017 21:09:00 UTC] PHP Warning:  include(): Failed opening '../../../inc/dbConnection.php' for inclusion (include_path='.:/usr/share/php:/usr/share/pear') in /home/ubuntu/workspace/dbeach/labs/lab_9/api/getPetInfo.php on line 3
[01-Dec-2017 21:09:00 UTC] PHP Stack trace:
[01-Dec-2017 21:09:00 UTC] PHP   1. {main}() /home/ubuntu/workspace/dbeach/labs/lab_9/api/getPetInfo.php:0
[01-Dec-2017 21:09:00 UTC] PHP Fatal error:  Call to undefined function getDBConnection() in /home/ubuntu/workspace/dbeach/labs/lab_9/api/getPetInfo.php on line 4
[01-Dec-2017 21:09:00 UTC] PHP Stack trace:
[01-Dec-2017 21:09:00 UTC] PHP   1. {main}() /home/ubuntu/workspace/dbeach/labs/lab_9/api/getPetInfo.php:0
[01-Dec-2017 21:09:30 UTC] PHP Warning:  include(../../../inc/dbConnection.php): failed to open stream: No such file or directory in /home/ubuntu/workspace/dbeach/labs/lab_9/api/getPetInfo.php on line 3
[01-Dec-2017 21:09:30 UTC] PHP Stack trace:
[01-Dec-2017 21:09:30 UTC] PHP   1. {main}() /home/ubuntu/workspace/dbeach/labs/lab_9/api/getPetInfo.php:0
[01-Dec-2017 21:09:30 UTC] PHP Warning:  include(): Failed opening '../../../inc/dbConnection.php' for inclusion (include_path='.:/usr/share/php:/usr/share/pear') in /home/ubuntu/workspace/dbeach/labs/lab_9/api/getPetInfo.php on line 3
[01-Dec-2017 21:09:30 UTC] PHP Stack trace:
[01-Dec-2017 21:09:30 UTC] PHP   1. {main}() /home/ubuntu/workspace/dbeach/labs/lab_9/api/getPetInfo.php:0
[01-Dec-2017 21:09:30 UTC] PHP Fatal error:  Call to undefined function getDBConnection() in /home/ubuntu/workspace/dbeach/labs/lab_9/api/getPetInfo.php on line 4
[01-Dec-2017 21:09:30 UTC] PHP Stack trace:
[01-Dec-2017 21:09:30 UTC] PHP   1. {main}() /home/ubuntu/workspace/dbeach/labs/lab_9/api/getPetInfo.php:0
[01-Dec-2017 21:09:33 UTC] PHP Warning:  include(../../../inc/dbConnection.php): failed to open stream: No such file or directory in /home/ubuntu/workspace/dbeach/labs/lab_9/api/getPetInfo.php on line 3
[01-Dec-2017 21:09:33 UTC] PHP Stack trace:
[01-Dec-2017 21:09:33 UTC] PHP   1. {main}() /home/ubuntu/workspace/dbeach/labs/lab_9/api/getPetInfo.php:0
[01-Dec-2017 21:09:33 UTC] PHP Warning:  include(): Failed opening '../../../inc/dbConnection.php' for inclusion (include_path='.:/usr/share/php:/usr/share/pear') in /home/ubuntu/workspace/dbeach/labs/lab_9/api/getPetInfo.php on line 3
[01-Dec-2017 21:09:33 UTC] PHP Stack trace:
[01-Dec-2017 21:09:33 UTC] PHP   1. {main}() /home/ubuntu/workspace/dbeach/labs/lab_9/api/getPetInfo.php:0
[01-Dec-2017 21:09:33 UTC] PHP Fatal error:  Call to undefined function getDBConnection() in /home/ubuntu/workspace/dbeach/labs/lab_9/api/getPetInfo.php on line 4
[01-Dec-2017 21:09:33 UTC] PHP Stack trace:
[01-Dec-2017 21:09:33 UTC] PHP   1. {main}() /home/ubuntu/workspace/dbeach/labs/lab_9/api/getPetInfo.php:0
[01-Dec-2017 21:10:04 UTC] PHP Warning:  include(../../../inc/dbConnection.php): failed to open stream: No such file or directory in /home/ubuntu/workspace/dbeach/labs/lab_9/api/getPetInfo.php on line 3
[01-Dec-2017 21:10:04 UTC] PHP Stack trace:
[01-Dec-2017 21:10:04 UTC] PHP   1. {main}() /home/ubuntu/workspace/dbeach/labs/lab_9/api/getPetInfo.php:0
[01-Dec-2017 21:10:04 UTC] PHP Warning:  include(): Failed opening '../../../inc/dbConnection.php' for inclusion (include_path='.:/usr/share/php:/usr/share/pear') in /home/ubuntu/workspace/dbeach/labs/lab_9/api/getPetInfo.php on line 3
[01-Dec-2017 21:10:04 UTC] PHP Stack trace:
[01-Dec-2017 21:10:04 UTC] PHP   1. {main}() /home/ubuntu/workspace/dbeach/labs/lab_9/api/getPetInfo.php:0
[01-Dec-2017 21:10:04 UTC] PHP Fatal error:  Call to undefined function getDBConnection() in /home/ubuntu/workspace/dbeach/labs/lab_9/api/getPetInfo.php on line 4
[01-Dec-2017 21:10:04 UTC] PHP Stack trace:
[01-Dec-2017 21:10:04 UTC] PHP   1. {main}() /home/ubuntu/workspace/dbeach/labs/lab_9/api/getPetInfo.php:0
[01-Dec-2017 21:10:07 UTC] PHP Warning:  include(../../../inc/dbConnection.php): failed to open stream: No such file or directory in /home/ubuntu/workspace/dbeach/labs/lab_9/api/getPetInfo.php on line 3
[01-Dec-2017 21:10:07 UTC] PHP Stack trace:
[01-Dec-2017 21:10:07 UTC] PHP   1. {main}() /home/ubuntu/workspace/dbeach/labs/lab_9/api/getPetInfo.php:0
[01-Dec-2017 21:10:07 UTC] PHP Warning:  include(): Failed opening '../../../inc/dbConnection.php' for inclusion (include_path='.:/usr/share/php:/usr/share/pear') in /home/ubuntu/workspace/dbeach/labs/lab_9/api/getPetInfo.php on line 3
[01-Dec-2017 21:10:07 UTC] PHP Stack trace:
[01-Dec-2017 21:10:07 UTC] PHP   1. {main}() /home/ubuntu/workspace/dbeach/labs/lab_9/api/getPetInfo.php:0
[01-Dec-2017 21:10:07 UTC] PHP Fatal error:  Call to undefined function getDBConnection() in /home/ubuntu/workspace/dbeach/labs/lab_9/api/getPetInfo.php on line 4
[01-Dec-2017 21:10:07 UTC] PHP Stack trace:
[01-Dec-2017 21:10:07 UTC] PHP   1. {main}() /home/ubuntu/workspace/dbeach/labs/lab_9/api/getPetInfo.php:0
[01-Dec-2017 21:11:11 UTC] PHP Warning:  include(../../../inc/dbConnection.php): failed to open stream: No such file or directory in /home/ubuntu/workspace/dbeach/labs/lab_9/api/getPetInfo.php on line 3
[01-Dec-2017 21:11:11 UTC] PHP Stack trace:
[01-Dec-2017 21:11:11 UTC] PHP   1. {main}() /home/ubuntu/workspace/dbeach/labs/lab_9/api/getPetInfo.php:0
[01-Dec-2017 21:11:11 UTC] PHP Warning:  include(): Failed opening '../../../inc/dbConnection.php' for inclusion (include_path='.:/usr/share/php:/usr/share/pear') in /home/ubuntu/workspace/dbeach/labs/lab_9/api/getPetInfo.php on line 3
[01-Dec-2017 21:11:11 UTC] PHP Stack trace:
[01-Dec-2017 21:11:11 UTC] PHP   1. {main}() /home/ubuntu/workspace/dbeach/labs/lab_9/api/getPetInfo.php:0
[01-Dec-2017 21:11:11 UTC] PHP Fatal error:  Call to undefined function getDBConnection() in /home/ubuntu/workspace/dbeach/labs/lab_9/api/getPetInfo.php on line 4
[01-Dec-2017 21:11:11 UTC] PHP Stack trace:
[01-Dec-2017 21:11:11 UTC] PHP   1. {main}() /home/ubuntu/workspace/dbeach/labs/lab_9/api/getPetInfo.php:0
[01-Dec-2017 21:11:12 UTC] PHP Warning:  include(../../../inc/dbConnection.php): failed to open stream: No such file or directory in /home/ubuntu/workspace/dbeach/labs/lab_9/api/getPetInfo.php on line 3
[01-Dec-2017 21:11:12 UTC] PHP Stack trace:
[01-Dec-2017 21:11:12 UTC] PHP   1. {main}() /home/ubuntu/workspace/dbeach/labs/lab_9/api/getPetInfo.php:0
[01-Dec-2017 21:11:12 UTC] PHP Warning:  include(): Failed opening '../../../inc/dbConnection.php' for inclusion (include_path='.:/usr/share/php:/usr/share/pear') in /home/ubuntu/workspace/dbeach/labs/lab_9/api/getPetInfo.php on line 3
[01-Dec-2017 21:11:12 UTC] PHP Stack trace:
[01-Dec-2017 21:11:12 UTC] PHP   1. {main}() /home/ubuntu/workspace/dbeach/labs/lab_9/api/getPetInfo.php:0
[01-Dec-2017 21:11:12 UTC] PHP Fatal error:  Call to undefined function getDBConnection() in /home/ubuntu/workspace/dbeach/labs/lab_9/api/getPetInfo.php on line 4
[01-Dec-2017 21:11:12 UTC] PHP Stack trace:
[01-Dec-2017 21:11:12 UTC] PHP   1. {main}() /home/ubuntu/workspace/dbeach/labs/lab_9/api/getPetInfo.php:0
[01-Dec-2017 21:11:15 UTC] PHP Warning:  include(../../../inc/dbConnection.php): failed to open stream: No such file or directory in /home/ubuntu/workspace/dbeach/labs/lab_9/api/getPetInfo.php on line 3
[01-Dec-2017 21:11:15 UTC] PHP Stack trace:
[01-Dec-2017 21:11:15 UTC] PHP   1. {main}() /home/ubuntu/workspace/dbeach/labs/lab_9/api/getPetInfo.php:0
[01-Dec-2017 21:11:15 UTC] PHP Warning:  include(): Failed opening '../../../inc/dbConnection.php' for inclusion (include_path='.:/usr/share/php:/usr/share/pear') in /home/ubuntu/workspace/dbeach/labs/lab_9/api/getPetInfo.php on line 3
[01-Dec-2017 21:11:15 UTC] PHP Stack trace:
[01-Dec-2017 21:11:15 UTC] PHP   1. {main}() /home/ubuntu/workspace/dbeach/labs/lab_9/api/getPetInfo.php:0
[01-Dec-2017 21:11:15 UTC] PHP Fatal error:  Call to undefined function getDBConnection() in /home/ubuntu/workspace/dbeach/labs/lab_9/api/getPetInfo.php on line 4
[01-Dec-2017 21:11:15 UTC] PHP Stack trace:
[01-Dec-2017 21:11:15 UTC] PHP   1. {main}() /home/ubuntu/workspace/dbeach/labs/lab_9/api/getPetInfo.php:0
[01-Dec-2017 21:12:04 UTC] PHP Warning:  include(../../../inc/dbConnection.php): failed to open stream: No such file or directory in /home/ubuntu/workspace/dbeach/labs/lab_9/api/getPetInfo.php on line 3
[01-Dec-2017 21:12:04 UTC] PHP Stack trace:
[01-Dec-2017 21:12:04 UTC] PHP   1. {main}() /home/ubuntu/workspace/dbeach/labs/lab_9/api/getPetInfo.php:0
[01-Dec-2017 21:12:04 UTC] PHP Warning:  include(): Failed opening '../../../inc/dbConnection.php' for inclusion (include_path='.:/usr/share/php:/usr/share/pear') in /home/ubuntu/workspace/dbeach/labs/lab_9/api/getPetInfo.php on line 3
[01-Dec-2017 21:12:04 UTC] PHP Stack trace:
[01-Dec-2017 21:12:04 UTC] PHP   1. {main}() /home/ubuntu/workspace/dbeach/labs/lab_9/api/getPetInfo.php:0
[01-Dec-2017 21:12:04 UTC] PHP Fatal error:  Call to undefined function getDBConnection() in /home/ubuntu/workspace/dbeach/labs/lab_9/api/getPetInfo.php on line 4
[01-Dec-2017 21:12:04 UTC] PHP Stack trace:
[01-Dec-2017 21:12:04 UTC] PHP   1. {main}() /home/ubuntu/workspace/dbeach/labs/lab_9/api/getPetInfo.php:0
[01-Dec-2017 21:12:06 UTC] PHP Warning:  include(../../../inc/dbConnection.php): failed to open stream: No such file or directory in /home/ubuntu/workspace/dbeach/labs/lab_9/api/getPetInfo.php on line 3
[01-Dec-2017 21:12:06 UTC] PHP Stack trace:
[01-Dec-2017 21:12:06 UTC] PHP   1. {main}() /home/ubuntu/workspace/dbeach/labs/lab_9/api/getPetInfo.php:0
[01-Dec-2017 21:12:06 UTC] PHP Warning:  include(): Failed opening '../../../inc/dbConnection.php' for inclusion (include_path='.:/usr/share/php:/usr/share/pear') in /home/ubuntu/workspace/dbeach/labs/lab_9/api/getPetInfo.php on line 3
[01-Dec-2017 21:12:06 UTC] PHP Stack trace:
[01-Dec-2017 21:12:06 UTC] PHP   1. {main}() /home/ubuntu/workspace/dbeach/labs/lab_9/api/getPetInfo.php:0
[01-Dec-2017 21:12:06 UTC] PHP Fatal error:  Call to undefined function getDBConnection() in /home/ubuntu/workspace/dbeach/labs/lab_9/api/getPetInfo.php on line 4
[01-Dec-2017 21:12:06 UTC] PHP Stack trace:
[01-Dec-2017 21:12:06 UTC] PHP   1. {main}() /home/ubuntu/workspace/dbeach/labs/lab_9/api/getPetInfo.php:0
[01-Dec-2017 21:14:37 UTC] PHP Warning:  include(../../../inc/dbConnection.php): failed to open stream: No such file or directory in /home/ubuntu/workspace/dbeach/labs/lab_9/api/getPetInfo.php on line 3
[01-Dec-2017 21:14:37 UTC] PHP Stack trace:
[01-Dec-2017 21:14:37 UTC] PHP   1. {main}() /home/ubuntu/workspace/dbeach/labs/lab_9/api/getPetInfo.php:0
[01-Dec-2017 21:14:37 UTC] PHP Warning:  include(): Failed opening '../../../inc/dbConnection.php' for inclusion (include_path='.:/usr/share/php:/usr/share/pear') in /home/ubuntu/workspace/dbeach/labs/lab_9/api/getPetInfo.php on line 3
[01-Dec-2017 21:14:37 UTC] PHP Stack trace:
[01-Dec-2017 21:14:37 UTC] PHP   1. {main}() /home/ubuntu/workspace/dbeach/labs/lab_9/api/getPetInfo.php:0
[01-Dec-2017 21:14:37 UTC] PHP Fatal error:  Call to undefined function getDBConnection() in /home/ubuntu/workspace/dbeach/labs/lab_9/api/getPetInfo.php on line 4
[01-Dec-2017 21:14:37 UTC] PHP Stack trace:
[01-Dec-2017 21:14:37 UTC] PHP   1. {main}() /home/ubuntu/workspace/dbeach/labs/lab_9/api/getPetInfo.php:0
[01-Dec-2017 21:15:11 UTC] PHP Warning:  include(../../../inc/dbConnection.php): failed to open stream: No such file or directory in /home/ubuntu/workspace/dbeach/labs/lab_9/api/getPetInfo.php on line 3
[01-Dec-2017 21:15:11 UTC] PHP Stack trace:
[01-Dec-2017 21:15:11 UTC] PHP   1. {main}() /home/ubuntu/workspace/dbeach/labs/lab_9/api/getPetInfo.php:0
[01-Dec-2017 21:15:11 UTC] PHP Warning:  include(): Failed opening '../../../inc/dbConnection.php' for inclusion (include_path='.:/usr/share/php:/usr/share/pear') in /home/ubuntu/workspace/dbeach/labs/lab_9/api/getPetInfo.php on line 3
[01-Dec-2017 21:15:11 UTC] PHP Stack trace:
[01-Dec-2017 21:15:11 UTC] PHP   1. {main}() /home/ubuntu/workspace/dbeach/labs/lab_9/api/getPetInfo.php:0
[01-Dec-2017 21:15:11 UTC] PHP Fatal error:  Call to undefined function getDBConnection() in /home/ubuntu/workspace/dbeach/labs/lab_9/api/getPetInfo.php on line 4
[01-Dec-2017 21:15:11 UTC] PHP Stack trace:
[01-Dec-2017 21:15:11 UTC] PHP   1. {main}() /home/ubuntu/workspace/dbeach/labs/lab_9/api/getPetInfo.php:0
[01-Dec-2017 21:15:20 UTC] PHP Warning:  include(../../../inc/dbConnection.php): failed to open stream: No such file or directory in /home/ubuntu/workspace/dbeach/labs/lab_9/api/getPetInfo.php on line 3
[01-Dec-2017 21:15:20 UTC] PHP Stack trace:
[01-Dec-2017 21:15:20 UTC] PHP   1. {main}() /home/ubuntu/workspace/dbeach/labs/lab_9/api/getPetInfo.php:0
[01-Dec-2017 21:15:20 UTC] PHP Warning:  include(): Failed opening '../../../inc/dbConnection.php' for inclusion (include_path='.:/usr/share/php:/usr/share/pear') in /home/ubuntu/workspace/dbeach/labs/lab_9/api/getPetInfo.php on line 3
[01-Dec-2017 21:15:20 UTC] PHP Stack trace:
[01-Dec-2017 21:15:20 UTC] PHP   1. {main}() /home/ubuntu/workspace/dbeach/labs/lab_9/api/getPetInfo.php:0
[01-Dec-2017 21:15:20 UTC] PHP Fatal error:  Call to undefined function getDBConnection() in /home/ubuntu/workspace/dbeach/labs/lab_9/api/getPetInfo.php on line 4
[01-Dec-2017 21:15:20 UTC] PHP Stack trace:
[01-Dec-2017 21:15:20 UTC] PHP   1. {main}() /home/ubuntu/workspace/dbeach/labs/lab_9/api/getPetInfo.php:0
[01-Dec-2017 21:15:26 UTC] PHP Warning:  include(../../../inc/dbConnection.php): failed to open stream: No such file or directory in /home/ubuntu/workspace/dbeach/labs/lab_9/api/getPetInfo.php on line 3
[01-Dec-2017 21:15:26 UTC] PHP Stack trace:
[01-Dec-2017 21:15:26 UTC] PHP   1. {main}() /home/ubuntu/workspace/dbeach/labs/lab_9/api/getPetInfo.php:0
[01-Dec-2017 21:15:26 UTC] PHP Warning:  include(): Failed opening '../../../inc/dbConnection.php' for inclusion (include_path='.:/usr/share/php:/usr/share/pear') in /home/ubuntu/workspace/dbeach/labs/lab_9/api/getPetInfo.php on line 3
[01-Dec-2017 21:15:26 UTC] PHP Stack trace:
[01-Dec-2017 21:15:26 UTC] PHP   1. {main}() /home/ubuntu/workspace/dbeach/labs/lab_9/api/getPetInfo.php:0
[01-Dec-2017 21:15:26 UTC] PHP Fatal error:  Call to undefined function getDBConnection() in /home/ubuntu/workspace/dbeach/labs/lab_9/api/getPetInfo.php on line 4
[01-Dec-2017 21:15:26 UTC] PHP Stack trace:
[01-Dec-2017 21:15:26 UTC] PHP   1. {main}() /home/ubuntu/workspace/dbeach/labs/lab_9/api/getPetInfo.php:0
[01-Dec-2017 21:15:41 UTC] PHP Warning:  include(../../../inc/dbConnection.php): failed to open stream: No such file or directory in /home/ubuntu/workspace/dbeach/labs/lab_9/api/getPetInfo.php on line 3
[01-Dec-2017 21:15:41 UTC] PHP Stack trace:
[01-Dec-2017 21:15:41 UTC] PHP   1. {main}() /home/ubuntu/workspace/dbeach/labs/lab_9/api/getPetInfo.php:0
[01-Dec-2017 21:15:41 UTC] PHP Warning:  include(): Failed opening '../../../inc/dbConnection.php' for inclusion (include_path='.:/usr/share/php:/usr/share/pear') in /home/ubuntu/workspace/dbeach/labs/lab_9/api/getPetInfo.php on line 3
[01-Dec-2017 21:15:41 UTC] PHP Stack trace:
[01-Dec-2017 21:15:41 UTC] PHP   1. {main}() /home/ubuntu/workspace/dbeach/labs/lab_9/api/getPetInfo.php:0
[01-Dec-2017 21:15:41 UTC] PHP Fatal error:  Call to undefined function getDBConnection() in /home/ubuntu/workspace/dbeach/labs/lab_9/api/getPetInfo.php on line 4
[01-Dec-2017 21:15:41 UTC] PHP Stack trace:
[01-Dec-2017 21:15:41 UTC] PHP   1. {main}() /home/ubuntu/workspace/dbeach/labs/lab_9/api/getPetInfo.php:0
[01-Dec-2017 21:15:59 UTC] PHP Warning:  include(../../../inc/dbConnection.php): failed to open stream: No such file or directory in /home/ubuntu/workspace/dbeach/labs/lab_9/api/getPetInfo.php on line 3
[01-Dec-2017 21:15:59 UTC] PHP Stack trace:
[01-Dec-2017 21:15:59 UTC] PHP   1. {main}() /home/ubuntu/workspace/dbeach/labs/lab_9/api/getPetInfo.php:0
[01-Dec-2017 21:15:59 UTC] PHP Warning:  include(): Failed opening '../../../inc/dbConnection.php' for inclusion (include_path='.:/usr/share/php:/usr/share/pear') in /home/ubuntu/workspace/dbeach/labs/lab_9/api/getPetInfo.php on line 3
[01-Dec-2017 21:15:59 UTC] PHP Stack trace:
[01-Dec-2017 21:15:59 UTC] PHP   1. {main}() /home/ubuntu/workspace/dbeach/labs/lab_9/api/getPetInfo.php:0
[01-Dec-2017 21:15:59 UTC] PHP Fatal error:  Call to undefined function getDBConnection() in /home/ubuntu/workspace/dbeach/labs/lab_9/api/getPetInfo.php on line 4
[01-Dec-2017 21:15:59 UTC] PHP Stack trace:
[01-Dec-2017 21:15:59 UTC] PHP   1. {main}() /home/ubuntu/workspace/dbeach/labs/lab_9/api/getPetInfo.php:0
[01-Dec-2017 21:17:09 UTC] PHP Fatal error:  Call to undefined function getDBConnection() in /home/ubuntu/workspace/dbeach/labs/lab_9/api/getPetInfo.php on line 4
[01-Dec-2017 21:17:09 UTC] PHP Stack trace:
[01-Dec-2017 21:17:09 UTC] PHP   1. {main}() /home/ubuntu/workspace/dbeach/labs/lab_9/api/getPetInfo.php:0
[01-Dec-2017 21:17:35 UTC] PHP Fatal error:  Call to undefined function getDBConnection() in /home/ubuntu/workspace/dbeach/labs/lab_9/api/getPetInfo.php on line 4
[01-Dec-2017 21:17:35 UTC] PHP Stack trace:
[01-Dec-2017 21:17:35 UTC] PHP   1. {main}() /home/ubuntu/workspace/dbeach/labs/lab_9/api/getPetInfo.php:0
[01-Dec-2017 21:17:38 UTC] PHP Fatal error:  Call to undefined function getDBConnection() in /home/ubuntu/workspace/dbeach/labs/lab_9/api/getPetInfo.php on line 4
[01-Dec-2017 21:17:38 UTC] PHP Stack trace:
[01-Dec-2017 21:17:38 UTC] PHP   1. {main}() /home/ubuntu/workspace/dbeach/labs/lab_9/api/getPetInfo.php:0
[01-Dec-2017 21:18:20 UTC] PHP Fatal error:  Call to undefined function getDBConnection() in /home/ubuntu/workspace/dbeach/labs/lab_9/api/getPetInfo.php on line 4
[01-Dec-2017 21:18:20 UTC] PHP Stack trace:
[01-Dec-2017 21:18:20 UTC] PHP   1. {main}() /home/ubuntu/workspace/dbeach/labs/lab_9/api/getPetInfo.php:0
[01-Dec-2017 21:19:52 UTC] PHP Fatal error:  Call to undefined function getDBConnection() in /home/ubuntu/workspace/dbeach/labs/lab_9/api/getPetInfo.php on line 4
[01-Dec-2017 21:19:52 UTC] PHP Stack trace:
[01-Dec-2017 21:19:52 UTC] PHP   1. {main}() /home/ubuntu/workspace/dbeach/labs/lab_9/api/getPetInfo.php:0
[01-Dec-2017 21:19:57 UTC] PHP Fatal error:  Call to undefined function getDBConnection() in /home/ubuntu/workspace/dbeach/labs/lab_9/api/getPetInfo.php on line 4
[01-Dec-2017 21:19:57 UTC] PHP Stack trace:
[01-Dec-2017 21:19:57 UTC] PHP   1. {main}() /home/ubuntu/workspace/dbeach/labs/lab_9/api/getPetInfo.php:0
