[06-Sep-2017 20:31:31 UTC] PHP Warning:  include(inc/functions/.php): failed to open stream: No such file or directory in /home/ubuntu/workspace/labs/lab_2/index.php on line 4
[06-Sep-2017 20:31:31 UTC] PHP Stack trace:
[06-Sep-2017 20:31:31 UTC] PHP   1. {main}() /home/ubuntu/workspace/labs/lab_2/index.php:0
[06-Sep-2017 20:31:31 UTC] PHP Warning:  include(): Failed opening 'inc/functions/.php' for inclusion (include_path='.:/usr/share/php:/usr/share/pear') in /home/ubuntu/workspace/labs/lab_2/index.php on line 4
[06-Sep-2017 20:31:31 UTC] PHP Stack trace:
[06-Sep-2017 20:31:31 UTC] PHP   1. {main}() /home/ubuntu/workspace/labs/lab_2/index.php:0
[06-Sep-2017 20:31:31 UTC] PHP Fatal error:  Call to undefined function play() in /home/ubuntu/workspace/labs/lab_2/index.php on line 11
[06-Sep-2017 20:31:31 UTC] PHP Stack trace:
[06-Sep-2017 20:31:31 UTC] PHP   1. {main}() /home/ubuntu/workspace/labs/lab_2/index.php:0
[22-Sep-2017 19:29:50 UTC] PHP Fatal error:  Cannot redeclare getImageURLs() (previously declared in /home/ubuntu/workspace/labs/lab_4/api/pixabayAPI.php:5) in /home/ubuntu/workspace/labs/lab_4/api/pixabayAPI.php on line 5
[22-Sep-2017 19:29:50 UTC] PHP Stack trace:
[22-Sep-2017 19:29:50 UTC] PHP   1. {main}() /home/ubuntu/workspace/labs/lab_4/index.php:0
[22-Sep-2017 19:29:50 UTC] PHP Fatal error:  Cannot redeclare getImageURLs() (previously declared in /home/ubuntu/workspace/labs/lab_4/api/pixabayAPI.php:5) in /home/ubuntu/workspace/labs/lab_4/api/pixabayAPI.php on line 5
[22-Sep-2017 19:29:50 UTC] PHP Stack trace:
[22-Sep-2017 19:29:50 UTC] PHP   1. {main}() /home/ubuntu/workspace/labs/lab_4/index.php:0
[22-Sep-2017 19:29:54 UTC] PHP Fatal error:  Cannot redeclare getImageURLs() (previously declared in /home/ubuntu/workspace/labs/lab_4/api/pixabayAPI.php:5) in /home/ubuntu/workspace/labs/lab_4/api/pixabayAPI.php on line 5
[22-Sep-2017 19:29:54 UTC] PHP Stack trace:
[22-Sep-2017 19:29:54 UTC] PHP   1. {main}() /home/ubuntu/workspace/labs/lab_4/index.php:0
[22-Sep-2017 20:09:52 UTC] PHP Fatal error:  Maximum execution time of 300 seconds exceeded in /home/ubuntu/workspace/labs/lab_4/index.php on line 43
[22-Sep-2017 20:09:52 UTC] PHP Stack trace:
[22-Sep-2017 20:09:52 UTC] PHP   1. {main}() /home/ubuntu/workspace/labs/lab_4/index.php:0
[27-Sep-2017 20:45:52 UTC] PHP Parse error:  syntax error, unexpected '$imageURLs' (T_VARIABLE) in /home/ubuntu/workspace/labs/lab_4/index.php on line 10
[27-Sep-2017 20:46:39 UTC] PHP Parse error:  syntax error, unexpected '$imageURLs' (T_VARIABLE) in /home/ubuntu/workspace/labs/lab_4/index.php on line 10
[27-Sep-2017 20:47:42 UTC] PHP Fatal error:  Maximum execution time of 300 seconds exceeded in /home/ubuntu/workspace/labs/lab_4/index.php on line 57
[27-Sep-2017 20:47:42 UTC] PHP Stack trace:
[27-Sep-2017 20:47:42 UTC] PHP   1. {main}() /home/ubuntu/workspace/labs/lab_4/index.php:0
[27-Sep-2017 20:48:27 UTC] PHP Parse error:  syntax error, unexpected '$imageURLs' (T_VARIABLE) in /home/ubuntu/workspace/labs/lab_4/index.php on line 10
[27-Sep-2017 20:48:29 UTC] PHP Parse error:  syntax error, unexpected '$imageURLs' (T_VARIABLE) in /home/ubuntu/workspace/labs/lab_4/index.php on line 10
[27-Sep-2017 20:48:31 UTC] PHP Parse error:  syntax error, unexpected '$imageURLs' (T_VARIABLE) in /home/ubuntu/workspace/labs/lab_4/index.php on line 10
[27-Sep-2017 20:48:49 UTC] PHP Parse error:  syntax error, unexpected '$imageURLs' (T_VARIABLE) in /home/ubuntu/workspace/labs/lab_4/index.php on line 10
[27-Sep-2017 20:48:51 UTC] PHP Parse error:  syntax error, unexpected '$imageURLs' (T_VARIABLE) in /home/ubuntu/workspace/labs/lab_4/index.php on line 10
[27-Sep-2017 23:42:21 UTC] PHP Parse error:  syntax error, unexpected '$imageURLs' (T_VARIABLE) in /home/ubuntu/workspace/labs/lab_4/index.php on line 10
[27-Sep-2017 23:43:19 UTC] PHP Parse error:  syntax error, unexpected '$imageURLs' (T_VARIABLE) in /home/ubuntu/workspace/labs/lab_4/index.php on line 10
[27-Sep-2017 23:43:24 UTC] PHP Parse error:  syntax error, unexpected '$imageURLs' (T_VARIABLE) in /home/ubuntu/workspace/labs/lab_4/index.php on line 10
[27-Sep-2017 23:45:28 UTC] PHP Warning:  Missing argument 2 for getImageURLs(), called in /home/ubuntu/workspace/labs/lab_4/index.php on line 26 and defined in /home/ubuntu/workspace/labs/lab_4/api/pixabayAPI.php on line 5
[27-Sep-2017 23:45:28 UTC] PHP Stack trace:
[27-Sep-2017 23:45:28 UTC] PHP   1. {main}() /home/ubuntu/workspace/labs/lab_4/index.php:0
[27-Sep-2017 23:45:28 UTC] PHP   2. getImageURLs() /home/ubuntu/workspace/labs/lab_4/index.php:26
[27-Sep-2017 23:45:45 UTC] PHP Warning:  Missing argument 2 for getImageURLs(), called in /home/ubuntu/workspace/labs/lab_4/index.php on line 26 and defined in /home/ubuntu/workspace/labs/lab_4/api/pixabayAPI.php on line 5
[27-Sep-2017 23:45:45 UTC] PHP Stack trace:
[27-Sep-2017 23:45:45 UTC] PHP   1. {main}() /home/ubuntu/workspace/labs/lab_4/index.php:0
[27-Sep-2017 23:45:45 UTC] PHP   2. getImageURLs() /home/ubuntu/workspace/labs/lab_4/index.php:26
[27-Sep-2017 23:46:54 UTC] PHP Warning:  Missing argument 2 for getImageURLs(), called in /home/ubuntu/workspace/labs/lab_4/index.php on line 26 and defined in /home/ubuntu/workspace/labs/lab_4/api/pixabayAPI.php on line 5
[27-Sep-2017 23:46:54 UTC] PHP Stack trace:
[27-Sep-2017 23:46:54 UTC] PHP   1. {main}() /home/ubuntu/workspace/labs/lab_4/index.php:0
[27-Sep-2017 23:46:54 UTC] PHP   2. getImageURLs() /home/ubuntu/workspace/labs/lab_4/index.php:26
[27-Sep-2017 23:47:02 UTC] PHP Warning:  Missing argument 2 for getImageURLs(), called in /home/ubuntu/workspace/labs/lab_4/index.php on line 26 and defined in /home/ubuntu/workspace/labs/lab_4/api/pixabayAPI.php on line 5
[27-Sep-2017 23:47:02 UTC] PHP Stack trace:
[27-Sep-2017 23:47:02 UTC] PHP   1. {main}() /home/ubuntu/workspace/labs/lab_4/index.php:0
[27-Sep-2017 23:47:02 UTC] PHP   2. getImageURLs() /home/ubuntu/workspace/labs/lab_4/index.php:26
[27-Sep-2017 23:47:27 UTC] PHP Warning:  Missing argument 2 for getImageURLs(), called in /home/ubuntu/workspace/labs/lab_4/index.php on line 26 and defined in /home/ubuntu/workspace/labs/lab_4/api/pixabayAPI.php on line 5
[27-Sep-2017 23:47:27 UTC] PHP Stack trace:
[27-Sep-2017 23:47:27 UTC] PHP   1. {main}() /home/ubuntu/workspace/labs/lab_4/index.php:0
[27-Sep-2017 23:47:27 UTC] PHP   2. getImageURLs() /home/ubuntu/workspace/labs/lab_4/index.php:26
[27-Sep-2017 23:50:46 UTC] PHP Fatal error:  Maximum execution time of 300 seconds exceeded in /home/ubuntu/workspace/labs/lab_4/index.php on line 80
[27-Sep-2017 23:50:46 UTC] PHP Stack trace:
[27-Sep-2017 23:50:46 UTC] PHP   1. {main}() /home/ubuntu/workspace/labs/lab_4/index.php:0
[28-Sep-2017 00:03:55 UTC] PHP Fatal error:  Maximum execution time of 300 seconds exceeded in /home/ubuntu/workspace/labs/lab_4/index.php on line 80
[28-Sep-2017 00:03:55 UTC] PHP Stack trace:
[28-Sep-2017 00:03:55 UTC] PHP   1. {main}() /home/ubuntu/workspace/labs/lab_4/index.php:0
[06-Oct-2017 20:25:46 UTC] PHP Catchable fatal error:  Object of class PDOStatement could not be converted to string in /home/ubuntu/workspace/labs/lab5/index.php on line 15
[06-Oct-2017 20:25:46 UTC] PHP Stack trace:
[06-Oct-2017 20:25:46 UTC] PHP   1. {main}() /home/ubuntu/workspace/labs/lab5/index.php:0
[06-Oct-2017 20:26:18 UTC] PHP Catchable fatal error:  Object of class PDOStatement could not be converted to string in /home/ubuntu/workspace/labs/lab5/index.php on line 16
[06-Oct-2017 20:26:18 UTC] PHP Stack trace:
[06-Oct-2017 20:26:18 UTC] PHP   1. {main}() /home/ubuntu/workspace/labs/lab5/index.php:0
[06-Oct-2017 20:26:30 UTC] PHP Catchable fatal error:  Object of class PDOStatement could not be converted to string in /home/ubuntu/workspace/labs/lab5/index.php on line 16
[06-Oct-2017 20:26:30 UTC] PHP Stack trace:
[06-Oct-2017 20:26:30 UTC] PHP   1. {main}() /home/ubuntu/workspace/labs/lab5/index.php:0
[13-Oct-2017 19:27:38 UTC] PHP Parse error:  syntax error, unexpected 'for' (T_FOR) in /home/ubuntu/workspace/labs/lab5/index.php on line 44
[13-Oct-2017 19:27:39 UTC] PHP Parse error:  syntax error, unexpected 'for' (T_FOR) in /home/ubuntu/workspace/labs/lab5/index.php on line 44
[13-Oct-2017 19:36:22 UTC] PHP Fatal error:  Call to a member function prepare() on a non-object in /home/ubuntu/workspace/labs/lab5/index.php on line 81
[13-Oct-2017 19:36:22 UTC] PHP Stack trace:
[13-Oct-2017 19:36:22 UTC] PHP   1. {main}() /home/ubuntu/workspace/labs/lab5/index.php:0
[13-Oct-2017 19:36:22 UTC] PHP   2. displayDevices() /home/ubuntu/workspace/labs/lab5/index.php:111
[13-Oct-2017 19:36:50 UTC] PHP Fatal error:  Call to a member function prepare() on a non-object in /home/ubuntu/workspace/labs/lab5/index.php on line 81
[13-Oct-2017 19:36:50 UTC] PHP Stack trace:
[13-Oct-2017 19:36:50 UTC] PHP   1. {main}() /home/ubuntu/workspace/labs/lab5/index.php:0
[13-Oct-2017 19:36:50 UTC] PHP   2. displayDevices() /home/ubuntu/workspace/labs/lab5/index.php:111
[13-Oct-2017 19:36:51 UTC] PHP Fatal error:  Call to a member function prepare() on a non-object in /home/ubuntu/workspace/labs/lab5/index.php on line 81
[13-Oct-2017 19:36:51 UTC] PHP Stack trace:
[13-Oct-2017 19:36:51 UTC] PHP   1. {main}() /home/ubuntu/workspace/labs/lab5/index.php:0
[13-Oct-2017 19:36:51 UTC] PHP   2. displayDevices() /home/ubuntu/workspace/labs/lab5/index.php:111
[13-Oct-2017 19:36:52 UTC] PHP Fatal error:  Call to a member function prepare() on a non-object in /home/ubuntu/workspace/labs/lab5/index.php on line 81
[13-Oct-2017 19:36:52 UTC] PHP Stack trace:
[13-Oct-2017 19:36:52 UTC] PHP   1. {main}() /home/ubuntu/workspace/labs/lab5/index.php:0
[13-Oct-2017 19:36:52 UTC] PHP   2. displayDevices() /home/ubuntu/workspace/labs/lab5/index.php:111
[13-Oct-2017 19:36:52 UTC] PHP Fatal error:  Call to a member function prepare() on a non-object in /home/ubuntu/workspace/labs/lab5/index.php on line 81
[13-Oct-2017 19:36:52 UTC] PHP Stack trace:
[13-Oct-2017 19:36:52 UTC] PHP   1. {main}() /home/ubuntu/workspace/labs/lab5/index.php:0
[13-Oct-2017 19:36:52 UTC] PHP   2. displayDevices() /home/ubuntu/workspace/labs/lab5/index.php:111
[13-Oct-2017 19:38:19 UTC] PHP Fatal error:  Uncaught exception 'PDOException' with message 'SQLSTATE[HY093]: Invalid parameter number: no parameters were bound' in /home/ubuntu/workspace/labs/lab5/index.php:54
Stack trace:
#0 /home/ubuntu/workspace/labs/lab5/index.php(54): PDOStatement->execute()
#1 /home/ubuntu/workspace/labs/lab5/index.php(83): displayDevices()
#2 {main}
  thrown in /home/ubuntu/workspace/labs/lab5/index.php on line 54
[13-Oct-2017 19:38:39 UTC] PHP Fatal error:  Uncaught exception 'PDOException' with message 'SQLSTATE[HY093]: Invalid parameter number: no parameters were bound' in /home/ubuntu/workspace/labs/lab5/index.php:54
Stack trace:
#0 /home/ubuntu/workspace/labs/lab5/index.php(54): PDOStatement->execute()
#1 /home/ubuntu/workspace/labs/lab5/index.php(83): displayDevices()
#2 {main}
  thrown in /home/ubuntu/workspace/labs/lab5/index.php on line 54
[13-Oct-2017 19:39:00 UTC] PHP Fatal error:  Uncaught exception 'PDOException' with message 'SQLSTATE[HY093]: Invalid parameter number: no parameters were bound' in /home/ubuntu/workspace/labs/lab5/index.php:54
Stack trace:
#0 /home/ubuntu/workspace/labs/lab5/index.php(54): PDOStatement->execute()
#1 /home/ubuntu/workspace/labs/lab5/index.php(83): displayDevices()
#2 {main}
  thrown in /home/ubuntu/workspace/labs/lab5/index.php on line 54
[13-Oct-2017 19:44:04 UTC] PHP Fatal error:  Uncaught exception 'PDOException' with message 'SQLSTATE[42000]: Syntax error or access violation: 1064 You have an error in your SQL syntax; check the manual that corresponds to your MySQL server version for the right syntax to use near ':' at line 1' in /home/ubuntu/workspace/labs/lab5/index.php:62
Stack trace:
#0 /home/ubuntu/workspace/labs/lab5/index.php(62): PDOStatement->execute(Array)
#1 /home/ubuntu/workspace/labs/lab5/index.php(91): displayDevices()
#2 {main}
  thrown in /home/ubuntu/workspace/labs/lab5/index.php on line 62
[13-Oct-2017 20:00:15 UTC] PHP Fatal error:  Uncaught exception 'PDOException' with message 'SQLSTATE[42000]: Syntax error or access violation: 1064 You have an error in your SQL syntax; check the manual that corresponds to your MySQL server version for the right syntax to use near ': AND deviceType = 'Select One':' at line 1' in /home/ubuntu/workspace/labs/lab5/index.php:63
Stack trace:
#0 /home/ubuntu/workspace/labs/lab5/index.php(63): PDOStatement->execute(Array)
#1 /home/ubuntu/workspace/labs/lab5/index.php(104): displayDevices()
#2 {main}
  thrown in /home/ubuntu/workspace/labs/lab5/index.php on line 63
[13-Oct-2017 20:00:16 UTC] PHP Fatal error:  Uncaught exception 'PDOException' with message 'SQLSTATE[42000]: Syntax error or access violation: 1064 You have an error in your SQL syntax; check the manual that corresponds to your MySQL server version for the right syntax to use near ': AND deviceType = 'Select One':' at line 1' in /home/ubuntu/workspace/labs/lab5/index.php:63
Stack trace:
#0 /home/ubuntu/workspace/labs/lab5/index.php(63): PDOStatement->execute(Array)
#1 /home/ubuntu/workspace/labs/lab5/index.php(104): displayDevices()
#2 {main}
  thrown in /home/ubuntu/workspace/labs/lab5/index.php on line 63
[13-Oct-2017 20:00:40 UTC] PHP Fatal error:  Uncaught exception 'PDOException' with message 'SQLSTATE[42000]: Syntax error or access violation: 1064 You have an error in your SQL syntax; check the manual that corresponds to your MySQL server version for the right syntax to use near ': AND deviceType = 'Select One':' at line 1' in /home/ubuntu/workspace/labs/lab5/index.php:63
Stack trace:
#0 /home/ubuntu/workspace/labs/lab5/index.php(63): PDOStatement->execute(Array)
#1 /home/ubuntu/workspace/labs/lab5/index.php(104): displayDevices()
#2 {main}
  thrown in /home/ubuntu/workspace/labs/lab5/index.php on line 63
[13-Oct-2017 20:00:41 UTC] PHP Fatal error:  Uncaught exception 'PDOException' with message 'SQLSTATE[42000]: Syntax error or access violation: 1064 You have an error in your SQL syntax; check the manual that corresponds to your MySQL server version for the right syntax to use near ': AND deviceType = 'Select One':' at line 1' in /home/ubuntu/workspace/labs/lab5/index.php:63
Stack trace:
#0 /home/ubuntu/workspace/labs/lab5/index.php(63): PDOStatement->execute(Array)
#1 /home/ubuntu/workspace/labs/lab5/index.php(104): displayDevices()
#2 {main}
  thrown in /home/ubuntu/workspace/labs/lab5/index.php on line 63
[13-Oct-2017 20:00:42 UTC] PHP Fatal error:  Uncaught exception 'PDOException' with message 'SQLSTATE[42000]: Syntax error or access violation: 1064 You have an error in your SQL syntax; check the manual that corresponds to your MySQL server version for the right syntax to use near ': AND deviceType = 'Select One':' at line 1' in /home/ubuntu/workspace/labs/lab5/index.php:63
Stack trace:
#0 /home/ubuntu/workspace/labs/lab5/index.php(63): PDOStatement->execute(Array)
#1 /home/ubuntu/workspace/labs/lab5/index.php(104): displayDevices()
#2 {main}
  thrown in /home/ubuntu/workspace/labs/lab5/index.php on line 63
[13-Oct-2017 20:00:43 UTC] PHP Fatal error:  Uncaught exception 'PDOException' with message 'SQLSTATE[42000]: Syntax error or access violation: 1064 You have an error in your SQL syntax; check the manual that corresponds to your MySQL server version for the right syntax to use near ': AND deviceType = 'Select One':' at line 1' in /home/ubuntu/workspace/labs/lab5/index.php:63
Stack trace:
#0 /home/ubuntu/workspace/labs/lab5/index.php(63): PDOStatement->execute(Array)
#1 /home/ubuntu/workspace/labs/lab5/index.php(104): displayDevices()
#2 {main}
  thrown in /home/ubuntu/workspace/labs/lab5/index.php on line 63
[13-Oct-2017 20:08:09 UTC] PHP Fatal error:  Uncaught exception 'PDOException' with message 'SQLSTATE[42000]: Syntax error or access violation: 1064 You have an error in your SQL syntax; check the manual that corresponds to your MySQL server version for the right syntax to use near ': AND deviceType = 'Select One':' at line 1' in /home/ubuntu/workspace/labs/lab5/index.php:61
Stack trace:
#0 /home/ubuntu/workspace/labs/lab5/index.php(61): PDOStatement->execute(Array)
#1 /home/ubuntu/workspace/labs/lab5/index.php(102): displayDevices()
#2 {main}
  thrown in /home/ubuntu/workspace/labs/lab5/index.php on line 61
[13-Oct-2017 20:08:09 UTC] PHP Fatal error:  Uncaught exception 'PDOException' with message 'SQLSTATE[42000]: Syntax error or access violation: 1064 You have an error in your SQL syntax; check the manual that corresponds to your MySQL server version for the right syntax to use near ': AND deviceType = 'Select One':' at line 1' in /home/ubuntu/workspace/labs/lab5/index.php:61
Stack trace:
#0 /home/ubuntu/workspace/labs/lab5/index.php(61): PDOStatement->execute(Array)
#1 /home/ubuntu/workspace/labs/lab5/index.php(102): displayDevices()
#2 {main}
  thrown in /home/ubuntu/workspace/labs/lab5/index.php on line 61
[13-Oct-2017 20:08:10 UTC] PHP Fatal error:  Uncaught exception 'PDOException' with message 'SQLSTATE[42000]: Syntax error or access violation: 1064 You have an error in your SQL syntax; check the manual that corresponds to your MySQL server version for the right syntax to use near ': AND deviceType = 'Select One':' at line 1' in /home/ubuntu/workspace/labs/lab5/index.php:61
Stack trace:
#0 /home/ubuntu/workspace/labs/lab5/index.php(61): PDOStatement->execute(Array)
#1 /home/ubuntu/workspace/labs/lab5/index.php(102): displayDevices()
#2 {main}
  thrown in /home/ubuntu/workspace/labs/lab5/index.php on line 61
[13-Oct-2017 20:08:11 UTC] PHP Fatal error:  Uncaught exception 'PDOException' with message 'SQLSTATE[42000]: Syntax error or access violation: 1064 You have an error in your SQL syntax; check the manual that corresponds to your MySQL server version for the right syntax to use near ': AND deviceType = 'Select One':' at line 1' in /home/ubuntu/workspace/labs/lab5/index.php:61
Stack trace:
#0 /home/ubuntu/workspace/labs/lab5/index.php(61): PDOStatement->execute(Array)
#1 /home/ubuntu/workspace/labs/lab5/index.php(102): displayDevices()
#2 {main}
  thrown in /home/ubuntu/workspace/labs/lab5/index.php on line 61
[13-Oct-2017 20:08:51 UTC] PHP Fatal error:  Uncaught exception 'PDOException' with message 'SQLSTATE[42000]: Syntax error or access violation: 1064 You have an error in your SQL syntax; check the manual that corresponds to your MySQL server version for the right syntax to use near ':' at line 1' in /home/ubuntu/workspace/labs/lab5/index.php:61
Stack trace:
#0 /home/ubuntu/workspace/labs/lab5/index.php(61): PDOStatement->execute(Array)
#1 /home/ubuntu/workspace/labs/lab5/index.php(102): displayDevices()
#2 {main}
  thrown in /home/ubuntu/workspace/labs/lab5/index.php on line 61
[13-Oct-2017 20:08:52 UTC] PHP Fatal error:  Uncaught exception 'PDOException' with message 'SQLSTATE[42000]: Syntax error or access violation: 1064 You have an error in your SQL syntax; check the manual that corresponds to your MySQL server version for the right syntax to use near ':' at line 1' in /home/ubuntu/workspace/labs/lab5/index.php:61
Stack trace:
#0 /home/ubuntu/workspace/labs/lab5/index.php(61): PDOStatement->execute(Array)
#1 /home/ubuntu/workspace/labs/lab5/index.php(102): displayDevices()
#2 {main}
  thrown in /home/ubuntu/workspace/labs/lab5/index.php on line 61
[13-Oct-2017 20:22:55 UTC] PHP Fatal error:  Uncaught exception 'PDOException' with message 'SQLSTATE[42000]: Syntax error or access violation: 1064 You have an error in your SQL syntax; check the manual that corresponds to your MySQL server version for the right syntax to use near ':' at line 1' in /home/ubuntu/workspace/labs/lab5/index.php:61
Stack trace:
#0 /home/ubuntu/workspace/labs/lab5/index.php(61): PDOStatement->execute(Array)
#1 /home/ubuntu/workspace/labs/lab5/index.php(102): displayDevices()
#2 {main}
  thrown in /home/ubuntu/workspace/labs/lab5/index.php on line 61
[13-Oct-2017 20:22:55 UTC] PHP Fatal error:  Uncaught exception 'PDOException' with message 'SQLSTATE[42000]: Syntax error or access violation: 1064 You have an error in your SQL syntax; check the manual that corresponds to your MySQL server version for the right syntax to use near ':' at line 1' in /home/ubuntu/workspace/labs/lab5/index.php:61
Stack trace:
#0 /home/ubuntu/workspace/labs/lab5/index.php(61): PDOStatement->execute(Array)
#1 /home/ubuntu/workspace/labs/lab5/index.php(102): displayDevices()
#2 {main}
  thrown in /home/ubuntu/workspace/labs/lab5/index.php on line 61
[13-Oct-2017 20:22:55 UTC] PHP Fatal error:  Uncaught exception 'PDOException' with message 'SQLSTATE[42000]: Syntax error or access violation: 1064 You have an error in your SQL syntax; check the manual that corresponds to your MySQL server version for the right syntax to use near ':' at line 1' in /home/ubuntu/workspace/labs/lab5/index.php:61
Stack trace:
#0 /home/ubuntu/workspace/labs/lab5/index.php(61): PDOStatement->execute(Array)
#1 /home/ubuntu/workspace/labs/lab5/index.php(102): displayDevices()
#2 {main}
  thrown in /home/ubuntu/workspace/labs/lab5/index.php on line 61
[13-Oct-2017 20:22:58 UTC] PHP Fatal error:  Uncaught exception 'PDOException' with message 'SQLSTATE[42000]: Syntax error or access violation: 1064 You have an error in your SQL syntax; check the manual that corresponds to your MySQL server version for the right syntax to use near ':' at line 1' in /home/ubuntu/workspace/labs/lab5/index.php:61
Stack trace:
#0 /home/ubuntu/workspace/labs/lab5/index.php(61): PDOStatement->execute(Array)
#1 /home/ubuntu/workspace/labs/lab5/index.php(102): displayDevices()
#2 {main}
  thrown in /home/ubuntu/workspace/labs/lab5/index.php on line 61
[13-Oct-2017 20:22:59 UTC] PHP Fatal error:  Uncaught exception 'PDOException' with message 'SQLSTATE[42000]: Syntax error or access violation: 1064 You have an error in your SQL syntax; check the manual that corresponds to your MySQL server version for the right syntax to use near ':' at line 1' in /home/ubuntu/workspace/labs/lab5/index.php:61
Stack trace:
#0 /home/ubuntu/workspace/labs/lab5/index.php(61): PDOStatement->execute(Array)
#1 /home/ubuntu/workspace/labs/lab5/index.php(102): displayDevices()
#2 {main}
  thrown in /home/ubuntu/workspace/labs/lab5/index.php on line 61
[13-Oct-2017 20:23:01 UTC] PHP Fatal error:  Uncaught exception 'PDOException' with message 'SQLSTATE[42000]: Syntax error or access violation: 1064 You have an error in your SQL syntax; check the manual that corresponds to your MySQL server version for the right syntax to use near ':' at line 1' in /home/ubuntu/workspace/labs/lab5/index.php:61
Stack trace:
#0 /home/ubuntu/workspace/labs/lab5/index.php(61): PDOStatement->execute(Array)
#1 /home/ubuntu/workspace/labs/lab5/index.php(102): displayDevices()
#2 {main}
  thrown in /home/ubuntu/workspace/labs/lab5/index.php on line 61
[13-Oct-2017 20:23:02 UTC] PHP Fatal error:  Uncaught exception 'PDOException' with message 'SQLSTATE[42000]: Syntax error or access violation: 1064 You have an error in your SQL syntax; check the manual that corresponds to your MySQL server version for the right syntax to use near ':' at line 1' in /home/ubuntu/workspace/labs/lab5/index.php:61
Stack trace:
#0 /home/ubuntu/workspace/labs/lab5/index.php(61): PDOStatement->execute(Array)
#1 /home/ubuntu/workspace/labs/lab5/index.php(102): displayDevices()
#2 {main}
  thrown in /home/ubuntu/workspace/labs/lab5/index.php on line 61
[13-Oct-2017 20:23:03 UTC] PHP Fatal error:  Uncaught exception 'PDOException' with message 'SQLSTATE[42000]: Syntax error or access violation: 1064 You have an error in your SQL syntax; check the manual that corresponds to your MySQL server version for the right syntax to use near ':' at line 1' in /home/ubuntu/workspace/labs/lab5/index.php:61
Stack trace:
#0 /home/ubuntu/workspace/labs/lab5/index.php(61): PDOStatement->execute(Array)
#1 /home/ubuntu/workspace/labs/lab5/index.php(102): displayDevices()
#2 {main}
  thrown in /home/ubuntu/workspace/labs/lab5/index.php on line 61
[13-Oct-2017 20:23:03 UTC] PHP Fatal error:  Uncaught exception 'PDOException' with message 'SQLSTATE[42000]: Syntax error or access violation: 1064 You have an error in your SQL syntax; check the manual that corresponds to your MySQL server version for the right syntax to use near ':' at line 1' in /home/ubuntu/workspace/labs/lab5/index.php:61
Stack trace:
#0 /home/ubuntu/workspace/labs/lab5/index.php(61): PDOStatement->execute(Array)
#1 /home/ubuntu/workspace/labs/lab5/index.php(102): displayDevices()
#2 {main}
  thrown in /home/ubuntu/workspace/labs/lab5/index.php on line 61
[13-Oct-2017 20:23:05 UTC] PHP Fatal error:  Uncaught exception 'PDOException' with message 'SQLSTATE[42000]: Syntax error or access violation: 1064 You have an error in your SQL syntax; check the manual that corresponds to your MySQL server version for the right syntax to use near ':' at line 1' in /home/ubuntu/workspace/labs/lab5/index.php:61
Stack trace:
#0 /home/ubuntu/workspace/labs/lab5/index.php(61): PDOStatement->execute(Array)
#1 /home/ubuntu/workspace/labs/lab5/index.php(102): displayDevices()
#2 {main}
  thrown in /home/ubuntu/workspace/labs/lab5/index.php on line 61
[13-Oct-2017 20:23:06 UTC] PHP Fatal error:  Uncaught exception 'PDOException' with message 'SQLSTATE[42000]: Syntax error or access violation: 1064 You have an error in your SQL syntax; check the manual that corresponds to your MySQL server version for the right syntax to use near ':' at line 1' in /home/ubuntu/workspace/labs/lab5/index.php:61
Stack trace:
#0 /home/ubuntu/workspace/labs/lab5/index.php(61): PDOStatement->execute(Array)
#1 /home/ubuntu/workspace/labs/lab5/index.php(102): displayDevices()
#2 {main}
  thrown in /home/ubuntu/workspace/labs/lab5/index.php on line 61
[13-Oct-2017 20:23:09 UTC] PHP Fatal error:  Uncaught exception 'PDOException' with message 'SQLSTATE[42000]: Syntax error or access violation: 1064 You have an error in your SQL syntax; check the manual that corresponds to your MySQL server version for the right syntax to use near ':' at line 1' in /home/ubuntu/workspace/labs/lab5/index.php:61
Stack trace:
#0 /home/ubuntu/workspace/labs/lab5/index.php(61): PDOStatement->execute(Array)
#1 /home/ubuntu/workspace/labs/lab5/index.php(102): displayDevices()
#2 {main}
  thrown in /home/ubuntu/workspace/labs/lab5/index.php on line 61
[13-Oct-2017 20:23:10 UTC] PHP Fatal error:  Uncaught exception 'PDOException' with message 'SQLSTATE[42000]: Syntax error or access violation: 1064 You have an error in your SQL syntax; check the manual that corresponds to your MySQL server version for the right syntax to use near ':' at line 1' in /home/ubuntu/workspace/labs/lab5/index.php:61
Stack trace:
#0 /home/ubuntu/workspace/labs/lab5/index.php(61): PDOStatement->execute(Array)
#1 /home/ubuntu/workspace/labs/lab5/index.php(102): displayDevices()
#2 {main}
  thrown in /home/ubuntu/workspace/labs/lab5/index.php on line 61
[13-Oct-2017 20:25:08 UTC] PHP Fatal error:  Uncaught exception 'PDOException' with message 'SQLSTATE[42000]: Syntax error or access violation: 1064 You have an error in your SQL syntax; check the manual that corresponds to your MySQL server version for the right syntax to use near ':' at line 1' in /home/ubuntu/workspace/labs/lab5/index.php:61
Stack trace:
#0 /home/ubuntu/workspace/labs/lab5/index.php(61): PDOStatement->execute(Array)
#1 /home/ubuntu/workspace/labs/lab5/index.php(101): displayDevices()
#2 {main}
  thrown in /home/ubuntu/workspace/labs/lab5/index.php on line 61
[13-Oct-2017 20:26:05 UTC] PHP Fatal error:  Cannot redeclare displayDevices() (previously declared in /home/ubuntu/workspace/labs/lab5/index.php:27) in /home/ubuntu/workspace/labs/lab5/index.php on line 126
[13-Oct-2017 20:26:06 UTC] PHP Fatal error:  Cannot redeclare displayDevices() (previously declared in /home/ubuntu/workspace/labs/lab5/index.php:27) in /home/ubuntu/workspace/labs/lab5/index.php on line 126
[13-Oct-2017 20:26:16 UTC] PHP Fatal error:  Call to a member function prepare() on a non-object in /home/ubuntu/workspace/labs/lab5/index.php on line 115
[13-Oct-2017 20:26:16 UTC] PHP Stack trace:
[13-Oct-2017 20:26:16 UTC] PHP   1. {main}() /home/ubuntu/workspace/labs/lab5/index.php:0
[13-Oct-2017 20:26:16 UTC] PHP   2. displayDevices() /home/ubuntu/workspace/labs/lab5/index.php:157
[13-Oct-2017 20:26:33 UTC] PHP Fatal error:  Call to a member function prepare() on a non-object in /home/ubuntu/workspace/labs/lab5/index.php on line 115
[13-Oct-2017 20:26:33 UTC] PHP Stack trace:
[13-Oct-2017 20:26:33 UTC] PHP   1. {main}() /home/ubuntu/workspace/labs/lab5/index.php:0
[13-Oct-2017 20:26:33 UTC] PHP   2. displayDevices() /home/ubuntu/workspace/labs/lab5/index.php:157
[13-Oct-2017 20:26:34 UTC] PHP Fatal error:  Call to a member function prepare() on a non-object in /home/ubuntu/workspace/labs/lab5/index.php on line 115
[13-Oct-2017 20:26:34 UTC] PHP Stack trace:
[13-Oct-2017 20:26:34 UTC] PHP   1. {main}() /home/ubuntu/workspace/labs/lab5/index.php:0
[13-Oct-2017 20:26:34 UTC] PHP   2. displayDevices() /home/ubuntu/workspace/labs/lab5/index.php:157
[13-Oct-2017 20:26:34 UTC] PHP Fatal error:  Call to a member function prepare() on a non-object in /home/ubuntu/workspace/labs/lab5/index.php on line 115
[13-Oct-2017 20:26:34 UTC] PHP Stack trace:
[13-Oct-2017 20:26:34 UTC] PHP   1. {main}() /home/ubuntu/workspace/labs/lab5/index.php:0
[13-Oct-2017 20:26:34 UTC] PHP   2. displayDevices() /home/ubuntu/workspace/labs/lab5/index.php:157
[13-Oct-2017 20:26:35 UTC] PHP Fatal error:  Call to a member function prepare() on a non-object in /home/ubuntu/workspace/labs/lab5/index.php on line 115
[13-Oct-2017 20:26:35 UTC] PHP Stack trace:
[13-Oct-2017 20:26:35 UTC] PHP   1. {main}() /home/ubuntu/workspace/labs/lab5/index.php:0
[13-Oct-2017 20:26:35 UTC] PHP   2. displayDevices() /home/ubuntu/workspace/labs/lab5/index.php:157
[13-Oct-2017 20:26:35 UTC] PHP Fatal error:  Call to a member function prepare() on a non-object in /home/ubuntu/workspace/labs/lab5/index.php on line 115
[13-Oct-2017 20:26:35 UTC] PHP Stack trace:
[13-Oct-2017 20:26:35 UTC] PHP   1. {main}() /home/ubuntu/workspace/labs/lab5/index.php:0
[13-Oct-2017 20:26:35 UTC] PHP   2. displayDevices() /home/ubuntu/workspace/labs/lab5/index.php:157
[13-Oct-2017 20:26:35 UTC] PHP Fatal error:  Call to a member function prepare() on a non-object in /home/ubuntu/workspace/labs/lab5/index.php on line 115
[13-Oct-2017 20:26:35 UTC] PHP Stack trace:
[13-Oct-2017 20:26:35 UTC] PHP   1. {main}() /home/ubuntu/workspace/labs/lab5/index.php:0
[13-Oct-2017 20:26:35 UTC] PHP   2. displayDevices() /home/ubuntu/workspace/labs/lab5/index.php:157
[13-Oct-2017 20:27:28 UTC] PHP Fatal error:  Call to a member function prepare() on a non-object in /home/ubuntu/workspace/labs/lab5/index.php on line 115
[13-Oct-2017 20:27:28 UTC] PHP Stack trace:
[13-Oct-2017 20:27:28 UTC] PHP   1. {main}() /home/ubuntu/workspace/labs/lab5/index.php:0
[13-Oct-2017 20:27:28 UTC] PHP   2. displayDevices() /home/ubuntu/workspace/labs/lab5/index.php:157
[13-Oct-2017 20:27:54 UTC] PHP Fatal error:  Uncaught exception 'PDOException' with message 'SQLSTATE[42000]: Syntax error or access violation: 1064 You have an error in your SQL syntax; check the manual that corresponds to your MySQL server version for the right syntax to use near ':' at line 1' in /home/ubuntu/workspace/labs/lab5/index.php:61
Stack trace:
#0 /home/ubuntu/workspace/labs/lab5/index.php(61): PDOStatement->execute(Array)
#1 /home/ubuntu/workspace/labs/lab5/index.php(101): displayDevices()
#2 {main}
  thrown in /home/ubuntu/workspace/labs/lab5/index.php on line 61
[13-Oct-2017 20:27:54 UTC] PHP Fatal error:  Uncaught exception 'PDOException' with message 'SQLSTATE[42000]: Syntax error or access violation: 1064 You have an error in your SQL syntax; check the manual that corresponds to your MySQL server version for the right syntax to use near ':' at line 1' in /home/ubuntu/workspace/labs/lab5/index.php:61
Stack trace:
#0 /home/ubuntu/workspace/labs/lab5/index.php(61): PDOStatement->execute(Array)
#1 /home/ubuntu/workspace/labs/lab5/index.php(101): displayDevices()
#2 {main}
  thrown in /home/ubuntu/workspace/labs/lab5/index.php on line 61
[13-Oct-2017 20:27:56 UTC] PHP Fatal error:  Uncaught exception 'PDOException' with message 'SQLSTATE[42000]: Syntax error or access violation: 1064 You have an error in your SQL syntax; check the manual that corresponds to your MySQL server version for the right syntax to use near ':' at line 1' in /home/ubuntu/workspace/labs/lab5/index.php:61
Stack trace:
#0 /home/ubuntu/workspace/labs/lab5/index.php(61): PDOStatement->execute(Array)
#1 /home/ubuntu/workspace/labs/lab5/index.php(101): displayDevices()
#2 {main}
  thrown in /home/ubuntu/workspace/labs/lab5/index.php on line 61
[13-Oct-2017 20:27:57 UTC] PHP Fatal error:  Uncaught exception 'PDOException' with message 'SQLSTATE[42000]: Syntax error or access violation: 1064 You have an error in your SQL syntax; check the manual that corresponds to your MySQL server version for the right syntax to use near ':' at line 1' in /home/ubuntu/workspace/labs/lab5/index.php:61
Stack trace:
#0 /home/ubuntu/workspace/labs/lab5/index.php(61): PDOStatement->execute(Array)
#1 /home/ubuntu/workspace/labs/lab5/index.php(101): displayDevices()
#2 {main}
  thrown in /home/ubuntu/workspace/labs/lab5/index.php on line 61
[13-Oct-2017 20:27:58 UTC] PHP Fatal error:  Uncaught exception 'PDOException' with message 'SQLSTATE[42000]: Syntax error or access violation: 1064 You have an error in your SQL syntax; check the manual that corresponds to your MySQL server version for the right syntax to use near ':' at line 1' in /home/ubuntu/workspace/labs/lab5/index.php:61
Stack trace:
#0 /home/ubuntu/workspace/labs/lab5/index.php(61): PDOStatement->execute(Array)
#1 /home/ubuntu/workspace/labs/lab5/index.php(101): displayDevices()
#2 {main}
  thrown in /home/ubuntu/workspace/labs/lab5/index.php on line 61
[13-Oct-2017 20:27:59 UTC] PHP Fatal error:  Uncaught exception 'PDOException' with message 'SQLSTATE[42000]: Syntax error or access violation: 1064 You have an error in your SQL syntax; check the manual that corresponds to your MySQL server version for the right syntax to use near ':' at line 1' in /home/ubuntu/workspace/labs/lab5/index.php:61
Stack trace:
#0 /home/ubuntu/workspace/labs/lab5/index.php(61): PDOStatement->execute(Array)
#1 /home/ubuntu/workspace/labs/lab5/index.php(101): displayDevices()
#2 {main}
  thrown in /home/ubuntu/workspace/labs/lab5/index.php on line 61
